{"c:\\git\\bia\\test\\test.js":{"path":"c:\\git\\bia\\test\\test.js","statementMap":{"0":{"start":{"line":1,"column":11},"end":{"line":1,"column":26}},"1":{"start":{"line":2,"column":11},"end":{"line":2,"column":26}},"2":{"start":{"line":5,"column":0},"end":{"line":5,"column":19}},"3":{"start":{"line":8,"column":0},"end":{"line":10,"column":3}},"4":{"start":{"line":9,"column":4},"end":{"line":9,"column":32}}},"fnMap":{"0":{"name":"(anonymous_0)","decl":{"start":{"line":8,"column":41},"end":{"line":8,"column":42}},"loc":{"start":{"line":8,"column":56},"end":{"line":10,"column":1}},"line":8}},"branchMap":{},"s":{"0":1,"1":1,"2":1,"3":1,"4":14},"f":{"0":14},"b":{},"_coverageSchema":"332fd63041d2c1bcb487cc26dd0d5f7d97098a6c","hash":"25b34669943c5c25e455139e5bb2ced500cf31b8","contentHash":"1332bf8ab7431cfce4a9c56cdf385b36_11.4.1"},"c:\\git\\bia\\test\\setup.js":{"path":"c:\\git\\bia\\test\\setup.js","statementMap":{"0":{"start":{"line":1,"column":19},"end":{"line":1,"column":34}},"1":{"start":{"line":2,"column":11},"end":{"line":2,"column":24}},"2":{"start":{"line":3,"column":13},"end":{"line":3,"column":28}},"3":{"start":{"line":4,"column":13},"end":{"line":4,"column":28}},"4":{"start":{"line":5,"column":19},"end":{"line":5,"column":41}},"5":{"start":{"line":7,"column":0},"end":{"line":7,"column":21}},"6":{"start":{"line":10,"column":0},"end":{"line":10,"column":25}},"7":{"start":{"line":13,"column":0},"end":{"line":13,"column":21}},"8":{"start":{"line":16,"column":0},"end":{"line":16,"column":23}},"9":{"start":{"line":19,"column":0},"end":{"line":21,"column":1}},"10":{"start":{"line":20,"column":4},"end":{"line":20,"column":77}}},"fnMap":{"0":{"name":"(anonymous_0)","decl":{"start":{"line":19,"column":25},"end":{"line":19,"column":26}},"loc":{"start":{"line":19,"column":44},"end":{"line":21,"column":1}},"line":19}},"branchMap":{},"s":{"0":1,"1":1,"2":1,"3":1,"4":1,"5":1,"6":1,"7":1,"8":1,"9":1,"10":0},"f":{"0":0},"b":{},"_coverageSchema":"332fd63041d2c1bcb487cc26dd0d5f7d97098a6c","hash":"b493428f865a861d1b9146ac6bf2058d37eb448d","contentHash":"33e17585ed7ea7fbf7f1c6a9ec8bbc85_11.4.1"},"c:\\git\\bia\\test\\globals.ts":{"path":"c:\\git\\bia\\test\\globals.ts","statementMap":{"0":{"start":{"line":2,"column":0},"end":{"line":9,"column":2}},"1":{"start":{"line":3,"column":17},"end":{"line":3,"column":54}},"2":{"start":{"line":4,"column":4},"end":{"line":8,"column":7}},"3":{"start":{"line":11,"column":0},"end":{"line":14,"column":2}},"4":{"start":{"line":12,"column":15},"end":{"line":12,"column":30}},"5":{"start":{"line":13,"column":4},"end":{"line":13,"column":32}},"6":{"start":{"line":16,"column":0},"end":{"line":16,"column":67}},"7":{"start":{"line":16,"column":27},"end":{"line":16,"column":64}},"8":{"start":{"line":18,"column":0},"end":{"line":18,"column":39}},"9":{"start":{"line":20,"column":0},"end":{"line":25,"column":2}},"10":{"start":{"line":21,"column":4},"end":{"line":21,"column":61}},"11":{"start":{"line":21,"column":38},"end":{"line":21,"column":59}},"12":{"start":{"line":22,"column":4},"end":{"line":22,"column":61}},"13":{"start":{"line":22,"column":38},"end":{"line":22,"column":59}},"14":{"start":{"line":23,"column":20},"end":{"line":23,"column":35}},"15":{"start":{"line":24,"column":4},"end":{"line":24,"column":42}}},"fnMap":{"0":{"name":"(anonymous_0)","decl":{"start":{"line":2,"column":17},"end":{"line":2,"column":18}},"loc":{"start":{"line":2,"column":30},"end":{"line":9,"column":1}},"line":2},"1":{"name":"(anonymous_1)","decl":{"start":{"line":11,"column":19},"end":{"line":11,"column":20}},"loc":{"start":{"line":11,"column":32},"end":{"line":14,"column":1}},"line":11},"2":{"name":"(anonymous_2)","decl":{"start":{"line":16,"column":13},"end":{"line":16,"column":14}},"loc":{"start":{"line":16,"column":25},"end":{"line":16,"column":66}},"line":16},"3":{"name":"(anonymous_3)","decl":{"start":{"line":20,"column":16},"end":{"line":20,"column":17}},"loc":{"start":{"line":20,"column":66},"end":{"line":25,"column":1}},"line":20}},"branchMap":{"0":{"loc":{"start":{"line":21,"column":4},"end":{"line":21,"column":61}},"type":"if","locations":[{"start":{"line":21,"column":4},"end":{"line":21,"column":61}},{"start":{"line":21,"column":4},"end":{"line":21,"column":61}}],"line":21},"1":{"loc":{"start":{"line":22,"column":4},"end":{"line":22,"column":61}},"type":"if","locations":[{"start":{"line":22,"column":4},"end":{"line":22,"column":61}},{"start":{"line":22,"column":4},"end":{"line":22,"column":61}}],"line":22}},"s":{"0":1,"1":0,"2":0,"3":1,"4":0,"5":0,"6":1,"7":0,"8":1,"9":1,"10":0,"11":0,"12":0,"13":0,"14":0,"15":0},"f":{"0":0,"1":0,"2":0,"3":0},"b":{"0":[0,0],"1":[0,0]},"_coverageSchema":"332fd63041d2c1bcb487cc26dd0d5f7d97098a6c","hash":"a96c3902722067886fc995b4347453e4bd29f128","contentHash":"d72f6f7497e28d7116cd948dc95fa04e_11.4.1"},"c:\\git\\bia\\test\\specs\\compilation\\compilation.spec.ts":{"path":"c:\\git\\bia\\test\\specs\\compilation\\compilation.spec.ts","statementMap":{"0":{"start":{"line":1,"column":0},"end":{"line":12,"column":3}},"1":{"start":{"line":2,"column":13},"end":{"line":2,"column":26}},"2":{"start":{"line":3,"column":15},"end":{"line":3,"column":30}},"3":{"start":{"line":4,"column":22},"end":{"line":4,"column":45}},"4":{"start":{"line":5,"column":15},"end":{"line":5,"column":128}},"5":{"start":{"line":5,"column":65},"end":{"line":5,"column":125}},"6":{"start":{"line":6,"column":4},"end":{"line":11,"column":7}},"7":{"start":{"line":7,"column":22},"end":{"line":7,"column":45}},"8":{"start":{"line":8,"column":8},"end":{"line":9,"column":19}},"9":{"start":{"line":9,"column":12},"end":{"line":9,"column":19}},"10":{"start":{"line":10,"column":8},"end":{"line":10,"column":71}}},"fnMap":{"0":{"name":"(anonymous_0)","decl":{"start":{"line":1,"column":24},"end":{"line":1,"column":25}},"loc":{"start":{"line":1,"column":36},"end":{"line":12,"column":1}},"line":1},"1":{"name":"(anonymous_1)","decl":{"start":{"line":5,"column":50},"end":{"line":5,"column":51}},"loc":{"start":{"line":5,"column":63},"end":{"line":5,"column":127}},"line":5},"2":{"name":"(anonymous_2)","decl":{"start":{"line":6,"column":17},"end":{"line":6,"column":18}},"loc":{"start":{"line":6,"column":32},"end":{"line":11,"column":5}},"line":6}},"branchMap":{"0":{"loc":{"start":{"line":8,"column":8},"end":{"line":9,"column":19}},"type":"if","locations":[{"start":{"line":8,"column":8},"end":{"line":9,"column":19}},{"start":{"line":8,"column":8},"end":{"line":9,"column":19}}],"line":8}},"s":{"0":1,"1":1,"2":1,"3":1,"4":1,"5":13,"6":1,"7":12,"8":12,"9":1,"10":11},"f":{"0":1,"1":13,"2":12},"b":{"0":[1,11]},"_coverageSchema":"332fd63041d2c1bcb487cc26dd0d5f7d97098a6c","hash":"2221e5a617ac2a145b30b72bf52257aef5fcb202","contentHash":"9293b3197110c689a551969da7e47e84_11.4.1"},"c:\\git\\bia\\test\\specs\\compilation\\element_with_child_element\\test.ts":{"path":"c:\\git\\bia\\test\\specs\\compilation\\element_with_child_element\\test.ts","statementMap":{"0":{"start":{"line":2,"column":0},"end":{"line":2,"column":62}},"1":{"start":{"line":3,"column":14},"end":{"line":3,"column":39}},"2":{"start":{"line":5,"column":4},"end":{"line":10,"column":7}},"3":{"start":{"line":8,"column":17},"end":{"line":8,"column":60}},"4":{"start":{"line":9,"column":8},"end":{"line":9,"column":79}},"5":{"start":{"line":12,"column":0},"end":{"line":12,"column":28}}},"fnMap":{"0":{"name":"default_1","decl":{"start":{"line":4,"column":9},"end":{"line":4,"column":18}},"loc":{"start":{"line":4,"column":25},"end":{"line":11,"column":1}},"line":4},"1":{"name":"(anonymous_1)","decl":{"start":{"line":5,"column":37},"end":{"line":5,"column":38}},"loc":{"start":{"line":5,"column":49},"end":{"line":10,"column":5}},"line":5}},"branchMap":{},"s":{"0":1,"1":1,"2":1,"3":1,"4":1,"5":1},"f":{"0":1,"1":1},"b":{},"_coverageSchema":"332fd63041d2c1bcb487cc26dd0d5f7d97098a6c","hash":"cdfbaadb44919c9a62966ba85d2d194298f3b240","contentHash":"047aecfbaceb8fdddc7f256ba331f13b_11.4.1"},"c:\\git\\bia\\test\\utils.ts":{"path":"c:\\git\\bia\\test\\utils.ts","statementMap":{"0":{"start":{"line":2,"column":0},"end":{"line":2,"column":62}},"1":{"start":{"line":4,"column":0},"end":{"line":11,"column":2}},"2":{"start":{"line":5,"column":17},"end":{"line":5,"column":54}},"3":{"start":{"line":6,"column":4},"end":{"line":10,"column":7}},"4":{"start":{"line":13,"column":0},"end":{"line":16,"column":2}},"5":{"start":{"line":14,"column":15},"end":{"line":14,"column":38}},"6":{"start":{"line":15,"column":4},"end":{"line":15,"column":32}},"7":{"start":{"line":18,"column":0},"end":{"line":18,"column":68}},"8":{"start":{"line":18,"column":28},"end":{"line":18,"column":65}},"9":{"start":{"line":20,"column":0},"end":{"line":20,"column":40}},"10":{"start":{"line":22,"column":0},"end":{"line":27,"column":2}},"11":{"start":{"line":23,"column":4},"end":{"line":23,"column":61}},"12":{"start":{"line":23,"column":38},"end":{"line":23,"column":59}},"13":{"start":{"line":24,"column":4},"end":{"line":24,"column":61}},"14":{"start":{"line":24,"column":38},"end":{"line":24,"column":59}},"15":{"start":{"line":25,"column":20},"end":{"line":25,"column":43}},"16":{"start":{"line":26,"column":4},"end":{"line":26,"column":42}}},"fnMap":{"0":{"name":"(anonymous_0)","decl":{"start":{"line":4,"column":18},"end":{"line":4,"column":19}},"loc":{"start":{"line":4,"column":31},"end":{"line":11,"column":1}},"line":4},"1":{"name":"(anonymous_1)","decl":{"start":{"line":13,"column":20},"end":{"line":13,"column":21}},"loc":{"start":{"line":13,"column":33},"end":{"line":16,"column":1}},"line":13},"2":{"name":"(anonymous_2)","decl":{"start":{"line":18,"column":14},"end":{"line":18,"column":15}},"loc":{"start":{"line":18,"column":26},"end":{"line":18,"column":67}},"line":18},"3":{"name":"(anonymous_3)","decl":{"start":{"line":22,"column":17},"end":{"line":22,"column":18}},"loc":{"start":{"line":22,"column":67},"end":{"line":27,"column":1}},"line":22}},"branchMap":{"0":{"loc":{"start":{"line":23,"column":4},"end":{"line":23,"column":61}},"type":"if","locations":[{"start":{"line":23,"column":4},"end":{"line":23,"column":61}},{"start":{"line":23,"column":4},"end":{"line":23,"column":61}}],"line":23},"1":{"loc":{"start":{"line":24,"column":4},"end":{"line":24,"column":61}},"type":"if","locations":[{"start":{"line":24,"column":4},"end":{"line":24,"column":61}},{"start":{"line":24,"column":4},"end":{"line":24,"column":61}}],"line":24}},"s":{"0":1,"1":1,"2":11,"3":11,"4":1,"5":11,"6":11,"7":1,"8":11,"9":1,"10":1,"11":11,"12":0,"13":11,"14":11,"15":11,"16":11},"f":{"0":11,"1":11,"2":11,"3":11},"b":{"0":[0,11],"1":[11,0]},"_coverageSchema":"332fd63041d2c1bcb487cc26dd0d5f7d97098a6c","hash":"21cb69f9b208066e2bcd3ddca5403b3e65b3ced4","contentHash":"a7c1911e286ecc750a7fd86296c00faf_11.4.1"},"c:\\git\\bia\\test\\specs\\compilation\\element_with_child_element_and_quoted_text\\test.ts":{"path":"c:\\git\\bia\\test\\specs\\compilation\\element_with_child_element_and_quoted_text\\test.ts","statementMap":{"0":{"start":{"line":2,"column":0},"end":{"line":2,"column":62}},"1":{"start":{"line":3,"column":14},"end":{"line":3,"column":39}},"2":{"start":{"line":5,"column":4},"end":{"line":8,"column":7}},"3":{"start":{"line":6,"column":17},"end":{"line":6,"column":60}},"4":{"start":{"line":7,"column":8},"end":{"line":7,"column":93}},"5":{"start":{"line":10,"column":0},"end":{"line":10,"column":28}}},"fnMap":{"0":{"name":"default_1","decl":{"start":{"line":4,"column":9},"end":{"line":4,"column":18}},"loc":{"start":{"line":4,"column":25},"end":{"line":9,"column":1}},"line":4},"1":{"name":"(anonymous_1)","decl":{"start":{"line":5,"column":53},"end":{"line":5,"column":54}},"loc":{"start":{"line":5,"column":65},"end":{"line":8,"column":5}},"line":5}},"branchMap":{},"s":{"0":1,"1":1,"2":1,"3":1,"4":1,"5":1},"f":{"0":1,"1":1},"b":{},"_coverageSchema":"332fd63041d2c1bcb487cc26dd0d5f7d97098a6c","hash":"f82ffb0988433e892bee905acc8630af8f863837","contentHash":"42ec091de31dce0f1e0c85c52767fec7_11.4.1"},"c:\\git\\bia\\test\\specs\\compilation\\element_with_nested_static_and_dynamic_children\\test.ts":{"path":"c:\\git\\bia\\test\\specs\\compilation\\element_with_nested_static_and_dynamic_children\\test.ts","statementMap":{"0":{"start":{"line":2,"column":0},"end":{"line":2,"column":62}},"1":{"start":{"line":3,"column":14},"end":{"line":3,"column":39}},"2":{"start":{"line":5,"column":4},"end":{"line":10,"column":7}},"3":{"start":{"line":8,"column":17},"end":{"line":8,"column":60}},"4":{"start":{"line":9,"column":8},"end":{"line":9,"column":215}},"5":{"start":{"line":12,"column":0},"end":{"line":12,"column":28}}},"fnMap":{"0":{"name":"default_1","decl":{"start":{"line":4,"column":9},"end":{"line":4,"column":18}},"loc":{"start":{"line":4,"column":25},"end":{"line":11,"column":1}},"line":4},"1":{"name":"(anonymous_1)","decl":{"start":{"line":5,"column":58},"end":{"line":5,"column":59}},"loc":{"start":{"line":5,"column":70},"end":{"line":10,"column":5}},"line":5}},"branchMap":{},"s":{"0":1,"1":1,"2":1,"3":1,"4":1,"5":1},"f":{"0":1,"1":1},"b":{},"_coverageSchema":"332fd63041d2c1bcb487cc26dd0d5f7d97098a6c","hash":"240c27cf97aa53c51d854f0422d31c517a694212","contentHash":"3006eb3436400b75badce90a080549a9_11.4.1"},"c:\\git\\bia\\test\\specs\\compilation\\element_with_quoted_text\\test.ts":{"path":"c:\\git\\bia\\test\\specs\\compilation\\element_with_quoted_text\\test.ts","statementMap":{"0":{"start":{"line":2,"column":0},"end":{"line":2,"column":62}},"1":{"start":{"line":3,"column":14},"end":{"line":3,"column":39}},"2":{"start":{"line":5,"column":4},"end":{"line":9,"column":7}},"3":{"start":{"line":7,"column":17},"end":{"line":7,"column":60}},"4":{"start":{"line":8,"column":8},"end":{"line":8,"column":104}},"5":{"start":{"line":11,"column":0},"end":{"line":11,"column":28}}},"fnMap":{"0":{"name":"default_1","decl":{"start":{"line":4,"column":9},"end":{"line":4,"column":18}},"loc":{"start":{"line":4,"column":25},"end":{"line":10,"column":1}},"line":4},"1":{"name":"(anonymous_1)","decl":{"start":{"line":5,"column":35},"end":{"line":5,"column":36}},"loc":{"start":{"line":5,"column":47},"end":{"line":9,"column":5}},"line":5}},"branchMap":{},"s":{"0":1,"1":1,"2":1,"3":1,"4":1,"5":1},"f":{"0":1,"1":1},"b":{},"_coverageSchema":"332fd63041d2c1bcb487cc26dd0d5f7d97098a6c","hash":"009a7daa534b54b30454c018507ac22ee53d85ce","contentHash":"65643eded08ac2d3137cdf03cfe881bb_11.4.1"},"c:\\git\\bia\\test\\specs\\compilation\\element_with_static_and_dynamic_children\\test.ts":{"path":"c:\\git\\bia\\test\\specs\\compilation\\element_with_static_and_dynamic_children\\test.ts","statementMap":{"0":{"start":{"line":2,"column":0},"end":{"line":2,"column":62}},"1":{"start":{"line":3,"column":14},"end":{"line":3,"column":39}},"2":{"start":{"line":5,"column":4},"end":{"line":10,"column":7}},"3":{"start":{"line":8,"column":17},"end":{"line":8,"column":60}},"4":{"start":{"line":9,"column":8},"end":{"line":9,"column":115}},"5":{"start":{"line":12,"column":0},"end":{"line":12,"column":28}}},"fnMap":{"0":{"name":"default_1","decl":{"start":{"line":4,"column":9},"end":{"line":4,"column":18}},"loc":{"start":{"line":4,"column":25},"end":{"line":11,"column":1}},"line":4},"1":{"name":"(anonymous_1)","decl":{"start":{"line":5,"column":51},"end":{"line":5,"column":52}},"loc":{"start":{"line":5,"column":63},"end":{"line":10,"column":5}},"line":5}},"branchMap":{},"s":{"0":1,"1":1,"2":1,"3":1,"4":1,"5":1},"f":{"0":1,"1":1},"b":{},"_coverageSchema":"332fd63041d2c1bcb487cc26dd0d5f7d97098a6c","hash":"9a7939f6d311a2cc6703f3eafb5d5469166f86d8","contentHash":"f598ebb079618a60d91ee4a432246d0e_11.4.1"},"c:\\git\\bia\\test\\specs\\compilation\\element_with_static_classes\\test.ts":{"path":"c:\\git\\bia\\test\\specs\\compilation\\element_with_static_classes\\test.ts","statementMap":{"0":{"start":{"line":2,"column":0},"end":{"line":2,"column":62}},"1":{"start":{"line":3,"column":14},"end":{"line":3,"column":39}},"2":{"start":{"line":5,"column":4},"end":{"line":10,"column":7}},"3":{"start":{"line":8,"column":17},"end":{"line":8,"column":60}},"4":{"start":{"line":9,"column":8},"end":{"line":9,"column":140}},"5":{"start":{"line":12,"column":0},"end":{"line":12,"column":28}}},"fnMap":{"0":{"name":"default_1","decl":{"start":{"line":4,"column":9},"end":{"line":4,"column":18}},"loc":{"start":{"line":4,"column":25},"end":{"line":11,"column":1}},"line":4},"1":{"name":"(anonymous_1)","decl":{"start":{"line":5,"column":38},"end":{"line":5,"column":39}},"loc":{"start":{"line":5,"column":50},"end":{"line":10,"column":5}},"line":5}},"branchMap":{},"s":{"0":1,"1":1,"2":1,"3":1,"4":1,"5":1},"f":{"0":1,"1":1},"b":{},"_coverageSchema":"332fd63041d2c1bcb487cc26dd0d5f7d97098a6c","hash":"536315d8dc78a4db8e4de904bf4af266c7718630","contentHash":"3a9b2b7339b1b871c22f51dbc487140a_11.4.1"},"c:\\git\\bia\\test\\specs\\compilation\\element_with_static_styles\\test.ts":{"path":"c:\\git\\bia\\test\\specs\\compilation\\element_with_static_styles\\test.ts","statementMap":{"0":{"start":{"line":2,"column":0},"end":{"line":2,"column":62}},"1":{"start":{"line":3,"column":14},"end":{"line":3,"column":39}},"2":{"start":{"line":5,"column":4},"end":{"line":10,"column":7}},"3":{"start":{"line":8,"column":17},"end":{"line":8,"column":60}},"4":{"start":{"line":9,"column":8},"end":{"line":9,"column":160}},"5":{"start":{"line":12,"column":0},"end":{"line":12,"column":28}}},"fnMap":{"0":{"name":"default_1","decl":{"start":{"line":4,"column":9},"end":{"line":4,"column":18}},"loc":{"start":{"line":4,"column":25},"end":{"line":11,"column":1}},"line":4},"1":{"name":"(anonymous_1)","decl":{"start":{"line":5,"column":37},"end":{"line":5,"column":38}},"loc":{"start":{"line":5,"column":49},"end":{"line":10,"column":5}},"line":5}},"branchMap":{},"s":{"0":1,"1":1,"2":1,"3":1,"4":1,"5":1},"f":{"0":1,"1":1},"b":{},"_coverageSchema":"332fd63041d2c1bcb487cc26dd0d5f7d97098a6c","hash":"f54501da920f828641e2e84c80953bd772ddba23","contentHash":"aa9d149227c4591bf36d61cfef34854c_11.4.1"},"c:\\git\\bia\\test\\specs\\compilation\\element_with_text\\test.ts":{"path":"c:\\git\\bia\\test\\specs\\compilation\\element_with_text\\test.ts","statementMap":{"0":{"start":{"line":2,"column":0},"end":{"line":2,"column":62}},"1":{"start":{"line":3,"column":14},"end":{"line":3,"column":39}},"2":{"start":{"line":5,"column":4},"end":{"line":8,"column":7}},"3":{"start":{"line":6,"column":17},"end":{"line":6,"column":60}},"4":{"start":{"line":7,"column":8},"end":{"line":7,"column":76}},"5":{"start":{"line":10,"column":0},"end":{"line":10,"column":28}}},"fnMap":{"0":{"name":"default_1","decl":{"start":{"line":4,"column":9},"end":{"line":4,"column":18}},"loc":{"start":{"line":4,"column":25},"end":{"line":9,"column":1}},"line":4},"1":{"name":"(anonymous_1)","decl":{"start":{"line":5,"column":28},"end":{"line":5,"column":29}},"loc":{"start":{"line":5,"column":40},"end":{"line":8,"column":5}},"line":5}},"branchMap":{},"s":{"0":1,"1":1,"2":1,"3":1,"4":1,"5":1},"f":{"0":1,"1":1},"b":{},"_coverageSchema":"332fd63041d2c1bcb487cc26dd0d5f7d97098a6c","hash":"e325b755cc610b083e21686ba7f290f3da3729cd","contentHash":"a78480bf728244027457992241adacb4_11.4.1"},"c:\\git\\bia\\test\\specs\\compilation\\empty_element\\test.ts":{"path":"c:\\git\\bia\\test\\specs\\compilation\\empty_element\\test.ts","statementMap":{"0":{"start":{"line":2,"column":0},"end":{"line":2,"column":62}},"1":{"start":{"line":3,"column":14},"end":{"line":3,"column":39}},"2":{"start":{"line":5,"column":4},"end":{"line":8,"column":7}},"3":{"start":{"line":6,"column":17},"end":{"line":6,"column":60}},"4":{"start":{"line":7,"column":8},"end":{"line":7,"column":65}},"5":{"start":{"line":10,"column":0},"end":{"line":10,"column":28}}},"fnMap":{"0":{"name":"default_1","decl":{"start":{"line":4,"column":9},"end":{"line":4,"column":18}},"loc":{"start":{"line":4,"column":25},"end":{"line":9,"column":1}},"line":4},"1":{"name":"(anonymous_1)","decl":{"start":{"line":5,"column":35},"end":{"line":5,"column":36}},"loc":{"start":{"line":5,"column":47},"end":{"line":8,"column":5}},"line":5}},"branchMap":{},"s":{"0":1,"1":1,"2":1,"3":1,"4":1,"5":1},"f":{"0":1,"1":1},"b":{},"_coverageSchema":"332fd63041d2c1bcb487cc26dd0d5f7d97098a6c","hash":"2b8b61ef556578e852fb5acf4966971f3e72393f","contentHash":"b7dc22e1dbfd56a2d1b537c488123b7e_11.4.1"},"c:\\git\\bia\\test\\specs\\compilation\\if_block\\test.ts":{"path":"c:\\git\\bia\\test\\specs\\compilation\\if_block\\test.ts","statementMap":{"0":{"start":{"line":2,"column":0},"end":{"line":2,"column":62}},"1":{"start":{"line":3,"column":14},"end":{"line":3,"column":39}},"2":{"start":{"line":5,"column":4},"end":{"line":8,"column":7}},"3":{"start":{"line":6,"column":17},"end":{"line":6,"column":60}},"4":{"start":{"line":7,"column":8},"end":{"line":7,"column":83}},"5":{"start":{"line":10,"column":0},"end":{"line":10,"column":28}}},"fnMap":{"0":{"name":"default_1","decl":{"start":{"line":4,"column":9},"end":{"line":4,"column":18}},"loc":{"start":{"line":4,"column":25},"end":{"line":9,"column":1}},"line":4},"1":{"name":"(anonymous_1)","decl":{"start":{"line":5,"column":19},"end":{"line":5,"column":20}},"loc":{"start":{"line":5,"column":31},"end":{"line":8,"column":5}},"line":5}},"branchMap":{},"s":{"0":1,"1":1,"2":1,"3":1,"4":1,"5":1},"f":{"0":1,"1":1},"b":{},"_coverageSchema":"332fd63041d2c1bcb487cc26dd0d5f7d97098a6c","hash":"c67393b20a999987e31ccb8ebe20942e40046bff","contentHash":"00d0d3e7989243f202c1c50c23905c97_11.4.1"},"c:\\git\\bia\\test\\specs\\compilation\\nested_if_block\\test.ts":{"path":"c:\\git\\bia\\test\\specs\\compilation\\nested_if_block\\test.ts","statementMap":{"0":{"start":{"line":2,"column":0},"end":{"line":2,"column":62}},"1":{"start":{"line":3,"column":14},"end":{"line":3,"column":39}},"2":{"start":{"line":5,"column":4},"end":{"line":8,"column":7}},"3":{"start":{"line":6,"column":17},"end":{"line":6,"column":60}},"4":{"start":{"line":7,"column":8},"end":{"line":7,"column":95}},"5":{"start":{"line":10,"column":0},"end":{"line":10,"column":28}}},"fnMap":{"0":{"name":"default_1","decl":{"start":{"line":4,"column":9},"end":{"line":4,"column":18}},"loc":{"start":{"line":4,"column":25},"end":{"line":9,"column":1}},"line":4},"1":{"name":"(anonymous_1)","decl":{"start":{"line":5,"column":26},"end":{"line":5,"column":27}},"loc":{"start":{"line":5,"column":38},"end":{"line":8,"column":5}},"line":5}},"branchMap":{},"s":{"0":1,"1":1,"2":1,"3":1,"4":1,"5":1},"f":{"0":1,"1":1},"b":{},"_coverageSchema":"332fd63041d2c1bcb487cc26dd0d5f7d97098a6c","hash":"1f8a2dae8b8ab234e015a461bb3ebaabb8c74abd","contentHash":"42faa4fa3a64908c69077ad4ac3e5fd5_11.4.1"},"c:\\git\\bia\\test\\specs\\generators\\code\\BaseCode.spec.ts":{"path":"c:\\git\\bia\\test\\specs\\generators\\code\\BaseCode.spec.ts","statementMap":{"0":{"start":{"line":2,"column":0},"end":{"line":2,"column":62}},"1":{"start":{"line":3,"column":14},"end":{"line":3,"column":62}},"2":{"start":{"line":4,"column":13},"end":{"line":4,"column":28}},"3":{"start":{"line":5,"column":0},"end":{"line":102,"column":3}},"4":{"start":{"line":6,"column":4},"end":{"line":10,"column":7}},"5":{"start":{"line":7,"column":19},"end":{"line":7,"column":37}},"6":{"start":{"line":8,"column":8},"end":{"line":8,"column":46}},"7":{"start":{"line":9,"column":8},"end":{"line":9,"column":54}},"8":{"start":{"line":11,"column":4},"end":{"line":18,"column":7}},"9":{"start":{"line":12,"column":8},"end":{"line":17,"column":97}},"10":{"start":{"line":12,"column":36},"end":{"line":17,"column":11}},"11":{"start":{"line":19,"column":4},"end":{"line":23,"column":7}},"12":{"start":{"line":20,"column":18},"end":{"line":20,"column":36}},"13":{"start":{"line":21,"column":18},"end":{"line":21,"column":56}},"14":{"start":{"line":22,"column":8},"end":{"line":22,"column":48}},"15":{"start":{"line":24,"column":4},"end":{"line":31,"column":7}},"16":{"start":{"line":25,"column":21},"end":{"line":25,"column":57}},"17":{"start":{"line":26,"column":20},"end":{"line":26,"column":55}},"18":{"start":{"line":27,"column":25},"end":{"line":27,"column":65}},"19":{"start":{"line":28,"column":8},"end":{"line":28,"column":29}},"20":{"start":{"line":29,"column":8},"end":{"line":29,"column":33}},"21":{"start":{"line":30,"column":8},"end":{"line":30,"column":61}},"22":{"start":{"line":32,"column":4},"end":{"line":40,"column":7}},"23":{"start":{"line":33,"column":21},"end":{"line":33,"column":57}},"24":{"start":{"line":34,"column":20},"end":{"line":34,"column":55}},"25":{"start":{"line":35,"column":25},"end":{"line":35,"column":65}},"26":{"start":{"line":36,"column":8},"end":{"line":36,"column":29}},"27":{"start":{"line":37,"column":8},"end":{"line":37,"column":33}},"28":{"start":{"line":38,"column":8},"end":{"line":38,"column":82}},"29":{"start":{"line":39,"column":8},"end":{"line":39,"column":84}},"30":{"start":{"line":41,"column":4},"end":{"line":53,"column":7}},"31":{"start":{"line":42,"column":21},"end":{"line":42,"column":57}},"32":{"start":{"line":43,"column":18},"end":{"line":43,"column":51}},"33":{"start":{"line":44,"column":18},"end":{"line":44,"column":51}},"34":{"start":{"line":45,"column":8},"end":{"line":45,"column":27}},"35":{"start":{"line":46,"column":8},"end":{"line":46,"column":27}},"36":{"start":{"line":47,"column":8},"end":{"line":47,"column":62}},"37":{"start":{"line":48,"column":8},"end":{"line":48,"column":62}},"38":{"start":{"line":49,"column":8},"end":{"line":49,"column":64}},"39":{"start":{"line":50,"column":8},"end":{"line":50,"column":64}},"40":{"start":{"line":51,"column":8},"end":{"line":51,"column":67}},"41":{"start":{"line":52,"column":8},"end":{"line":52,"column":67}},"42":{"start":{"line":54,"column":4},"end":{"line":69,"column":7}},"43":{"start":{"line":55,"column":27},"end":{"line":55,"column":49}},"44":{"start":{"line":56,"column":29},"end":{"line":58,"column":10}},"45":{"start":{"line":59,"column":22},"end":{"line":59,"column":75}},"46":{"start":{"line":60,"column":24},"end":{"line":62,"column":10}},"47":{"start":{"line":63,"column":23},"end":{"line":63,"column":71}},"48":{"start":{"line":64,"column":8},"end":{"line":64,"column":77}},"49":{"start":{"line":65,"column":8},"end":{"line":65,"column":76}},"50":{"start":{"line":66,"column":8},"end":{"line":66,"column":81}},"51":{"start":{"line":67,"column":8},"end":{"line":67,"column":85}},"52":{"start":{"line":68,"column":8},"end":{"line":68,"column":96}},"53":{"start":{"line":68,"column":36},"end":{"line":68,"column":81}},"54":{"start":{"line":70,"column":4},"end":{"line":73,"column":7}},"55":{"start":{"line":71,"column":18},"end":{"line":71,"column":36}},"56":{"start":{"line":72,"column":8},"end":{"line":72,"column":51}},"57":{"start":{"line":74,"column":4},"end":{"line":87,"column":7}},"58":{"start":{"line":75,"column":18},"end":{"line":75,"column":36}},"59":{"start":{"line":77,"column":19},"end":{"line":85,"column":10}},"60":{"start":{"line":86,"column":8},"end":{"line":86,"column":62}},"61":{"start":{"line":88,"column":4},"end":{"line":101,"column":7}},"62":{"start":{"line":89,"column":18},"end":{"line":89,"column":66}},"63":{"start":{"line":90,"column":18},"end":{"line":90,"column":66}},"64":{"start":{"line":91,"column":18},"end":{"line":91,"column":66}},"65":{"start":{"line":92,"column":19},"end":{"line":98,"column":10}},"66":{"start":{"line":100,"column":8},"end":{"line":100,"column":72}}},"fnMap":{"0":{"name":"(anonymous_0)","decl":{"start":{"line":5,"column":21},"end":{"line":5,"column":22}},"loc":{"start":{"line":5,"column":33},"end":{"line":102,"column":1}},"line":5},"1":{"name":"(anonymous_1)","decl":{"start":{"line":6,"column":54},"end":{"line":6,"column":55}},"loc":{"start":{"line":6,"column":66},"end":{"line":10,"column":5}},"line":6},"2":{"name":"(anonymous_2)","decl":{"start":{"line":11,"column":68},"end":{"line":11,"column":69}},"loc":{"start":{"line":11,"column":80},"end":{"line":18,"column":5}},"line":11},"3":{"name":"(anonymous_3)","decl":{"start":{"line":12,"column":22},"end":{"line":12,"column":23}},"loc":{"start":{"line":12,"column":34},"end":{"line":17,"column":13}},"line":12},"4":{"name":"(anonymous_4)","decl":{"start":{"line":19,"column":58},"end":{"line":19,"column":59}},"loc":{"start":{"line":19,"column":70},"end":{"line":23,"column":5}},"line":19},"5":{"name":"(anonymous_5)","decl":{"start":{"line":24,"column":44},"end":{"line":24,"column":45}},"loc":{"start":{"line":24,"column":56},"end":{"line":31,"column":5}},"line":24},"6":{"name":"(anonymous_6)","decl":{"start":{"line":32,"column":35},"end":{"line":32,"column":36}},"loc":{"start":{"line":32,"column":47},"end":{"line":40,"column":5}},"line":32},"7":{"name":"(anonymous_7)","decl":{"start":{"line":41,"column":32},"end":{"line":41,"column":33}},"loc":{"start":{"line":41,"column":44},"end":{"line":53,"column":5}},"line":41},"8":{"name":"(anonymous_8)","decl":{"start":{"line":54,"column":41},"end":{"line":54,"column":42}},"loc":{"start":{"line":54,"column":53},"end":{"line":69,"column":5}},"line":54},"9":{"name":"(anonymous_9)","decl":{"start":{"line":68,"column":22},"end":{"line":68,"column":23}},"loc":{"start":{"line":68,"column":34},"end":{"line":68,"column":83}},"line":68},"10":{"name":"(anonymous_10)","decl":{"start":{"line":70,"column":61},"end":{"line":70,"column":62}},"loc":{"start":{"line":70,"column":73},"end":{"line":73,"column":5}},"line":70},"11":{"name":"(anonymous_11)","decl":{"start":{"line":74,"column":49},"end":{"line":74,"column":50}},"loc":{"start":{"line":74,"column":61},"end":{"line":87,"column":5}},"line":74},"12":{"name":"(anonymous_12)","decl":{"start":{"line":88,"column":61},"end":{"line":88,"column":62}},"loc":{"start":{"line":88,"column":73},"end":{"line":101,"column":5}},"line":88}},"branchMap":{},"s":{"0":1,"1":1,"2":1,"3":1,"4":1,"5":1,"6":1,"7":1,"8":1,"9":1,"10":1,"11":1,"12":1,"13":1,"14":1,"15":1,"16":1,"17":1,"18":1,"19":1,"20":1,"21":1,"22":1,"23":1,"24":1,"25":1,"26":1,"27":1,"28":1,"29":1,"30":1,"31":1,"32":1,"33":1,"34":1,"35":1,"36":1,"37":1,"38":1,"39":1,"40":1,"41":1,"42":1,"43":1,"44":1,"45":1,"46":1,"47":1,"48":1,"49":1,"50":1,"51":1,"52":1,"53":1,"54":1,"55":1,"56":1,"57":1,"58":1,"59":1,"60":1,"61":1,"62":1,"63":1,"64":1,"65":1,"66":1},"f":{"0":1,"1":1,"2":1,"3":1,"4":1,"5":1,"6":1,"7":1,"8":1,"9":1,"10":1,"11":1,"12":1},"b":{},"_coverageSchema":"332fd63041d2c1bcb487cc26dd0d5f7d97098a6c","hash":"e16ccad3c42d1ae96faf14d88fd3ef46f8d53f45","contentHash":"b9cde9bef90bf0382bf3c9b386074851_11.4.1"},"c:\\git\\bia\\src\\generators\\code\\index.ts":{"path":"c:\\git\\bia\\src\\generators\\code\\index.ts","statementMap":{"0":{"start":{"line":2,"column":0},"end":{"line":2,"column":62}},"1":{"start":{"line":3,"column":17},"end":{"line":3,"column":38}},"2":{"start":{"line":4,"column":0},"end":{"line":4,"column":39}},"3":{"start":{"line":5,"column":15},"end":{"line":5,"column":34}},"4":{"start":{"line":6,"column":0},"end":{"line":6,"column":33}},"5":{"start":{"line":7,"column":19},"end":{"line":7,"column":42}},"6":{"start":{"line":8,"column":0},"end":{"line":8,"column":45}},"7":{"start":{"line":9,"column":17},"end":{"line":9,"column":38}},"8":{"start":{"line":10,"column":0},"end":{"line":10,"column":39}},"9":{"start":{"line":11,"column":13},"end":{"line":11,"column":30}},"10":{"start":{"line":12,"column":0},"end":{"line":12,"column":27}},"11":{"start":{"line":13,"column":17},"end":{"line":13,"column":38}},"12":{"start":{"line":14,"column":0},"end":{"line":14,"column":39}},"13":{"start":{"line":15,"column":17},"end":{"line":15,"column":38}},"14":{"start":{"line":16,"column":0},"end":{"line":16,"column":39}},"15":{"start":{"line":17,"column":17},"end":{"line":17,"column":38}},"16":{"start":{"line":18,"column":0},"end":{"line":18,"column":39}},"17":{"start":{"line":19,"column":19},"end":{"line":19,"column":42}},"18":{"start":{"line":20,"column":0},"end":{"line":20,"column":45}}},"fnMap":{},"branchMap":{},"s":{"0":1,"1":1,"2":1,"3":1,"4":1,"5":1,"6":1,"7":1,"8":1,"9":1,"10":1,"11":1,"12":1,"13":1,"14":1,"15":1,"16":1,"17":1,"18":1},"f":{},"b":{},"_coverageSchema":"332fd63041d2c1bcb487cc26dd0d5f7d97098a6c","hash":"3be41219c7e195a17f59c2fb696325aebf97ddd0","contentHash":"73e2666449371949b333d647e7f2a56c_11.4.1"},"c:\\git\\bia\\src\\generators\\code\\BaseCode.ts":{"path":"c:\\git\\bia\\src\\generators\\code\\BaseCode.ts","statementMap":{"0":{"start":{"line":2,"column":0},"end":{"line":2,"column":62}},"1":{"start":{"line":3,"column":14},"end":{"line":3,"column":42}},"2":{"start":{"line":7,"column":30},"end":{"line":131,"column":3}},"3":{"start":{"line":14,"column":8},"end":{"line":14,"column":49}},"4":{"start":{"line":14,"column":34},"end":{"line":14,"column":47}},"5":{"start":{"line":15,"column":8},"end":{"line":15,"column":45}},"6":{"start":{"line":16,"column":8},"end":{"line":16,"column":37}},"7":{"start":{"line":17,"column":8},"end":{"line":17,"column":31}},"8":{"start":{"line":18,"column":8},"end":{"line":18,"column":27}},"9":{"start":{"line":26,"column":4},"end":{"line":40,"column":6}},"10":{"start":{"line":27,"column":8},"end":{"line":27,"column":50}},"11":{"start":{"line":27,"column":35},"end":{"line":27,"column":48}},"12":{"start":{"line":28,"column":21},"end":{"line":28,"column":32}},"13":{"start":{"line":29,"column":28},"end":{"line":29,"column":29}},"14":{"start":{"line":30,"column":8},"end":{"line":38,"column":9}},"15":{"start":{"line":31,"column":12},"end":{"line":36,"column":13}},"16":{"start":{"line":32,"column":16},"end":{"line":34,"column":17}},"17":{"start":{"line":33,"column":20},"end":{"line":33,"column":34}},"18":{"start":{"line":35,"column":16},"end":{"line":35,"column":35}},"19":{"start":{"line":37,"column":12},"end":{"line":37,"column":35}},"20":{"start":{"line":39,"column":8},"end":{"line":39,"column":41}},"21":{"start":{"line":47,"column":4},"end":{"line":52,"column":6}},"22":{"start":{"line":48,"column":8},"end":{"line":51,"column":11}},"23":{"start":{"line":49,"column":12},"end":{"line":50,"column":35}},"24":{"start":{"line":59,"column":4},"end":{"line":61,"column":6}},"25":{"start":{"line":60,"column":8},"end":{"line":60,"column":57}},"26":{"start":{"line":67,"column":4},"end":{"line":73,"column":6}},"27":{"start":{"line":68,"column":22},"end":{"line":68,"column":34}},"28":{"start":{"line":69,"column":8},"end":{"line":71,"column":11}},"29":{"start":{"line":70,"column":12},"end":{"line":70,"column":60}},"30":{"start":{"line":72,"column":8},"end":{"line":72,"column":49}},"31":{"start":{"line":79,"column":4},"end":{"line":83,"column":6}},"32":{"start":{"line":80,"column":8},"end":{"line":82,"column":59}},"33":{"start":{"line":81,"column":41},"end":{"line":81,"column":62}},"34":{"start":{"line":82,"column":36},"end":{"line":82,"column":55}},"35":{"start":{"line":89,"column":4},"end":{"line":91,"column":6}},"36":{"start":{"line":90,"column":8},"end":{"line":90,"column":47}},"37":{"start":{"line":97,"column":4},"end":{"line":103,"column":6}},"38":{"start":{"line":98,"column":21},"end":{"line":98,"column":32}},"39":{"start":{"line":99,"column":8},"end":{"line":101,"column":9}},"40":{"start":{"line":100,"column":12},"end":{"line":100,"column":35}},"41":{"start":{"line":102,"column":8},"end":{"line":102,"column":30}},"42":{"start":{"line":110,"column":4},"end":{"line":114,"column":6}},"43":{"start":{"line":111,"column":8},"end":{"line":113,"column":9}},"44":{"start":{"line":112,"column":12},"end":{"line":112,"column":38}},"45":{"start":{"line":120,"column":4},"end":{"line":129,"column":6}},"46":{"start":{"line":121,"column":18},"end":{"line":121,"column":51}},"47":{"start":{"line":122,"column":8},"end":{"line":124,"column":9}},"48":{"start":{"line":123,"column":12},"end":{"line":123,"column":30}},"49":{"start":{"line":125,"column":25},"end":{"line":125,"column":57}},"50":{"start":{"line":126,"column":8},"end":{"line":128,"column":9}},"51":{"start":{"line":127,"column":12},"end":{"line":127,"column":108}},"52":{"start":{"line":130,"column":4},"end":{"line":130,"column":20}},"53":{"start":{"line":132,"column":0},"end":{"line":132,"column":28}}},"fnMap":{"0":{"name":"(anonymous_0)","decl":{"start":{"line":7,"column":30},"end":{"line":7,"column":31}},"loc":{"start":{"line":7,"column":42},"end":{"line":131,"column":1}},"line":7},"1":{"name":"BaseCode","decl":{"start":{"line":13,"column":13},"end":{"line":13,"column":21}},"loc":{"start":{"line":13,"column":31},"end":{"line":19,"column":5}},"line":13},"2":{"name":"(anonymous_2)","decl":{"start":{"line":26,"column":38},"end":{"line":26,"column":39}},"loc":{"start":{"line":26,"column":66},"end":{"line":40,"column":5}},"line":26},"3":{"name":"(anonymous_3)","decl":{"start":{"line":47,"column":44},"end":{"line":47,"column":45}},"loc":{"start":{"line":47,"column":62},"end":{"line":52,"column":5}},"line":47},"4":{"name":"(anonymous_4)","decl":{"start":{"line":48,"column":42},"end":{"line":48,"column":43}},"loc":{"start":{"line":48,"column":58},"end":{"line":51,"column":9}},"line":48},"5":{"name":"(anonymous_5)","decl":{"start":{"line":59,"column":41},"end":{"line":59,"column":42}},"loc":{"start":{"line":59,"column":59},"end":{"line":61,"column":5}},"line":59},"6":{"name":"(anonymous_6)","decl":{"start":{"line":67,"column":36},"end":{"line":67,"column":37}},"loc":{"start":{"line":67,"column":48},"end":{"line":73,"column":5}},"line":67},"7":{"name":"(anonymous_7)","decl":{"start":{"line":69,"column":38},"end":{"line":69,"column":39}},"loc":{"start":{"line":69,"column":60},"end":{"line":71,"column":9}},"line":69},"8":{"name":"(anonymous_8)","decl":{"start":{"line":79,"column":42},"end":{"line":79,"column":43}},"loc":{"start":{"line":79,"column":54},"end":{"line":83,"column":5}},"line":79},"9":{"name":"(anonymous_9)","decl":{"start":{"line":81,"column":17},"end":{"line":81,"column":18}},"loc":{"start":{"line":81,"column":39},"end":{"line":81,"column":64}},"line":81},"10":{"name":"(anonymous_10)","decl":{"start":{"line":82,"column":20},"end":{"line":82,"column":21}},"loc":{"start":{"line":82,"column":34},"end":{"line":82,"column":57}},"line":82},"11":{"name":"(anonymous_11)","decl":{"start":{"line":89,"column":43},"end":{"line":89,"column":44}},"loc":{"start":{"line":89,"column":55},"end":{"line":91,"column":5}},"line":89},"12":{"name":"(anonymous_12)","decl":{"start":{"line":97,"column":33},"end":{"line":97,"column":34}},"loc":{"start":{"line":97,"column":45},"end":{"line":103,"column":5}},"line":97},"13":{"name":"(anonymous_13)","decl":{"start":{"line":110,"column":35},"end":{"line":110,"column":36}},"loc":{"start":{"line":110,"column":53},"end":{"line":114,"column":5}},"line":110},"14":{"name":"(anonymous_14)","decl":{"start":{"line":120,"column":37},"end":{"line":120,"column":38}},"loc":{"start":{"line":120,"column":49},"end":{"line":129,"column":5}},"line":120}},"branchMap":{"0":{"loc":{"start":{"line":14,"column":8},"end":{"line":14,"column":49}},"type":"if","locations":[{"start":{"line":14,"column":8},"end":{"line":14,"column":49}},{"start":{"line":14,"column":8},"end":{"line":14,"column":49}}],"line":14},"1":{"loc":{"start":{"line":15,"column":23},"end":{"line":15,"column":44}},"type":"binary-expr","locations":[{"start":{"line":15,"column":23},"end":{"line":15,"column":38}},{"start":{"line":15,"column":42},"end":{"line":15,"column":44}}],"line":15},"2":{"loc":{"start":{"line":16,"column":18},"end":{"line":16,"column":36}},"type":"binary-expr","locations":[{"start":{"line":16,"column":18},"end":{"line":16,"column":28}},{"start":{"line":16,"column":32},"end":{"line":16,"column":36}}],"line":16},"3":{"loc":{"start":{"line":27,"column":8},"end":{"line":27,"column":50}},"type":"if","locations":[{"start":{"line":27,"column":8},"end":{"line":27,"column":50}},{"start":{"line":27,"column":8},"end":{"line":27,"column":50}}],"line":27},"4":{"loc":{"start":{"line":31,"column":12},"end":{"line":36,"column":13}},"type":"if","locations":[{"start":{"line":31,"column":12},"end":{"line":36,"column":13}},{"start":{"line":31,"column":12},"end":{"line":36,"column":13}}],"line":31},"5":{"loc":{"start":{"line":32,"column":16},"end":{"line":34,"column":17}},"type":"if","locations":[{"start":{"line":32,"column":16},"end":{"line":34,"column":17}},{"start":{"line":32,"column":16},"end":{"line":34,"column":17}}],"line":32},"6":{"loc":{"start":{"line":49,"column":19},"end":{"line":50,"column":34}},"type":"binary-expr","locations":[{"start":{"line":49,"column":20},"end":{"line":49,"column":46}},{"start":{"line":49,"column":50},"end":{"line":49,"column":74}},{"start":{"line":49,"column":78},"end":{"line":49,"column":96}},{"start":{"line":50,"column":19},"end":{"line":50,"column":34}}],"line":49},"7":{"loc":{"start":{"line":99,"column":15},"end":{"line":99,"column":38}},"type":"binary-expr","locations":[{"start":{"line":99,"column":15},"end":{"line":99,"column":21}},{"start":{"line":99,"column":25},"end":{"line":99,"column":38}}],"line":99},"8":{"loc":{"start":{"line":102,"column":15},"end":{"line":102,"column":29}},"type":"binary-expr","locations":[{"start":{"line":102,"column":15},"end":{"line":102,"column":21}},{"start":{"line":102,"column":25},"end":{"line":102,"column":29}}],"line":102},"9":{"loc":{"start":{"line":111,"column":8},"end":{"line":113,"column":9}},"type":"if","locations":[{"start":{"line":111,"column":8},"end":{"line":113,"column":9}},{"start":{"line":111,"column":8},"end":{"line":113,"column":9}}],"line":111},"10":{"loc":{"start":{"line":122,"column":8},"end":{"line":124,"column":9}},"type":"if","locations":[{"start":{"line":122,"column":8},"end":{"line":124,"column":9}},{"start":{"line":122,"column":8},"end":{"line":124,"column":9}}],"line":122},"11":{"loc":{"start":{"line":126,"column":8},"end":{"line":128,"column":9}},"type":"if","locations":[{"start":{"line":126,"column":8},"end":{"line":128,"column":9}},{"start":{"line":126,"column":8},"end":{"line":128,"column":9}}],"line":126}},"s":{"0":1,"1":1,"2":1,"3":376,"4":0,"5":376,"6":376,"7":376,"8":376,"9":1,"10":6,"11":4,"12":6,"13":6,"14":6,"15":20,"16":7,"17":5,"18":2,"19":15,"20":1,"21":1,"22":16,"23":24,"24":1,"25":14,"26":1,"27":1,"28":1,"29":2,"30":1,"31":1,"32":376,"33":339,"34":339,"35":1,"36":1,"37":1,"38":389,"39":389,"40":1,"41":389,"42":1,"43":82,"44":45,"45":1,"46":371,"47":371,"48":65,"49":371,"50":371,"51":2,"52":1,"53":1},"f":{"0":1,"1":376,"2":6,"3":16,"4":24,"5":14,"6":1,"7":2,"8":376,"9":339,"10":339,"11":1,"12":389,"13":82,"14":371},"b":{"0":[0,376],"1":[376,373],"2":[376,311],"3":[4,2],"4":[7,13],"5":[5,2],"6":[24,17,17,13],"7":[390,8],"8":[389,382],"9":[45,37],"10":[65,306],"11":[2,369]},"_coverageSchema":"332fd63041d2c1bcb487cc26dd0d5f7d97098a6c","hash":"337c0cd5078618af12ca1b32875b9543cc96bd73","contentHash":"1dc2afc8520933124cad3630e23f9fcf_11.4.1"},"c:\\git\\bia\\src\\utils\\array.ts":{"path":"c:\\git\\bia\\src\\utils\\array.ts","statementMap":{"0":{"start":{"line":2,"column":0},"end":{"line":2,"column":62}},"1":{"start":{"line":10,"column":4},"end":{"line":10,"column":46}},"2":{"start":{"line":12,"column":0},"end":{"line":12,"column":50}},"3":{"start":{"line":20,"column":4},"end":{"line":22,"column":8}},"4":{"start":{"line":21,"column":8},"end":{"line":21,"column":115}},"5":{"start":{"line":21,"column":56},"end":{"line":21,"column":100}},"6":{"start":{"line":24,"column":0},"end":{"line":24,"column":50}},"7":{"start":{"line":32,"column":4},"end":{"line":32,"column":82}},"8":{"start":{"line":32,"column":48},"end":{"line":32,"column":78}},"9":{"start":{"line":34,"column":0},"end":{"line":34,"column":44}}},"fnMap":{"0":{"name":"hasDuplicateMembers","decl":{"start":{"line":9,"column":9},"end":{"line":9,"column":28}},"loc":{"start":{"line":9,"column":34},"end":{"line":11,"column":1}},"line":9},"1":{"name":"getDuplicateMembers","decl":{"start":{"line":19,"column":9},"end":{"line":19,"column":28}},"loc":{"start":{"line":19,"column":34},"end":{"line":23,"column":1}},"line":19},"2":{"name":"(anonymous_2)","decl":{"start":{"line":20,"column":39},"end":{"line":20,"column":40}},"loc":{"start":{"line":20,"column":66},"end":{"line":22,"column":5}},"line":20},"3":{"name":"(anonymous_3)","decl":{"start":{"line":21,"column":26},"end":{"line":21,"column":27}},"loc":{"start":{"line":21,"column":54},"end":{"line":21,"column":102}},"line":21},"4":{"name":"getUniqueMembers","decl":{"start":{"line":31,"column":9},"end":{"line":31,"column":25}},"loc":{"start":{"line":31,"column":31},"end":{"line":33,"column":1}},"line":31},"5":{"name":"(anonymous_5)","decl":{"start":{"line":32,"column":22},"end":{"line":32,"column":23}},"loc":{"start":{"line":32,"column":46},"end":{"line":32,"column":80}},"line":32}},"branchMap":{},"s":{"0":1,"1":4,"2":1,"3":372,"4":92,"5":160,"6":1,"7":373,"8":10,"9":1},"f":{"0":4,"1":372,"2":92,"3":160,"4":373,"5":10},"b":{},"_coverageSchema":"332fd63041d2c1bcb487cc26dd0d5f7d97098a6c","hash":"994b15a217d21115a71a2778bdca7c570e183f37","contentHash":"77a5707b3f47ab11fd4fa7b0829381fc_11.4.1"},"c:\\git\\bia\\src\\generators\\code\\JsCode.ts":{"path":"c:\\git\\bia\\src\\generators\\code\\JsCode.ts","statementMap":{"0":{"start":{"line":2,"column":16},"end":{"line":11,"column":4}},"1":{"start":{"line":3,"column":24},"end":{"line":5,"column":82}},"2":{"start":{"line":4,"column":65},"end":{"line":4,"column":81}},"3":{"start":{"line":5,"column":26},"end":{"line":5,"column":80}},"4":{"start":{"line":5,"column":43},"end":{"line":5,"column":80}},"5":{"start":{"line":5,"column":68},"end":{"line":5,"column":80}},"6":{"start":{"line":6,"column":4},"end":{"line":10,"column":6}},"7":{"start":{"line":7,"column":8},"end":{"line":7,"column":28}},"8":{"start":{"line":8,"column":24},"end":{"line":8,"column":45}},"9":{"start":{"line":9,"column":8},"end":{"line":9,"column":93}},"10":{"start":{"line":12,"column":0},"end":{"line":12,"column":62}},"11":{"start":{"line":13,"column":17},"end":{"line":13,"column":38}},"12":{"start":{"line":14,"column":13},"end":{"line":14,"column":40}},"13":{"start":{"line":15,"column":28},"end":{"line":213,"column":22}},"14":{"start":{"line":16,"column":4},"end":{"line":16,"column":30}},"15":{"start":{"line":21,"column":8},"end":{"line":21,"column":49}},"16":{"start":{"line":21,"column":34},"end":{"line":21,"column":47}},"17":{"start":{"line":22,"column":20},"end":{"line":22,"column":54}},"18":{"start":{"line":23,"column":8},"end":{"line":23,"column":46}},"19":{"start":{"line":24,"column":8},"end":{"line":24,"column":33}},"20":{"start":{"line":25,"column":8},"end":{"line":25,"column":41}},"21":{"start":{"line":26,"column":8},"end":{"line":26,"column":33}},"22":{"start":{"line":27,"column":8},"end":{"line":27,"column":28}},"23":{"start":{"line":28,"column":8},"end":{"line":28,"column":21}},"24":{"start":{"line":36,"column":4},"end":{"line":41,"column":6}},"25":{"start":{"line":37,"column":8},"end":{"line":39,"column":9}},"26":{"start":{"line":38,"column":12},"end":{"line":38,"column":31}},"27":{"start":{"line":40,"column":8},"end":{"line":40,"column":32}},"28":{"start":{"line":48,"column":4},"end":{"line":53,"column":6}},"29":{"start":{"line":49,"column":8},"end":{"line":52,"column":11}},"30":{"start":{"line":50,"column":12},"end":{"line":51,"column":35}},"31":{"start":{"line":59,"column":4},"end":{"line":61,"column":6}},"32":{"start":{"line":60,"column":8},"end":{"line":60,"column":24}},"33":{"start":{"line":67,"column":4},"end":{"line":73,"column":6}},"34":{"start":{"line":68,"column":26},"end":{"line":68,"column":28}},"35":{"start":{"line":69,"column":8},"end":{"line":71,"column":127}},"36":{"start":{"line":71,"column":40},"end":{"line":71,"column":123}},"37":{"start":{"line":72,"column":8},"end":{"line":72,"column":27}},"38":{"start":{"line":81,"column":4},"end":{"line":98,"column":6}},"39":{"start":{"line":82,"column":8},"end":{"line":82,"column":54}},"40":{"start":{"line":82,"column":33},"end":{"line":82,"column":52}},"41":{"start":{"line":84,"column":23},"end":{"line":84,"column":100}},"42":{"start":{"line":84,"column":69},"end":{"line":84,"column":97}},"43":{"start":{"line":85,"column":8},"end":{"line":87,"column":9}},"44":{"start":{"line":86,"column":12},"end":{"line":86,"column":33}},"45":{"start":{"line":89,"column":19},"end":{"line":89,"column":25}},"46":{"start":{"line":90,"column":8},"end":{"line":95,"column":9}},"47":{"start":{"line":91,"column":12},"end":{"line":91,"column":51}},"48":{"start":{"line":94,"column":12},"end":{"line":94,"column":71}},"49":{"start":{"line":96,"column":8},"end":{"line":96,"column":58}},"50":{"start":{"line":97,"column":8},"end":{"line":97,"column":20}},"51":{"start":{"line":106,"column":4},"end":{"line":120,"column":6}},"52":{"start":{"line":107,"column":25},"end":{"line":107,"column":53}},"53":{"start":{"line":108,"column":8},"end":{"line":119,"column":9}},"54":{"start":{"line":109,"column":12},"end":{"line":109,"column":50}},"55":{"start":{"line":110,"column":12},"end":{"line":115,"column":13}},"56":{"start":{"line":111,"column":16},"end":{"line":111,"column":115}},"57":{"start":{"line":114,"column":16},"end":{"line":114,"column":99}},"58":{"start":{"line":118,"column":12},"end":{"line":118,"column":72}},"59":{"start":{"line":128,"column":4},"end":{"line":142,"column":6}},"60":{"start":{"line":129,"column":25},"end":{"line":129,"column":53}},"61":{"start":{"line":130,"column":8},"end":{"line":141,"column":9}},"62":{"start":{"line":131,"column":12},"end":{"line":131,"column":50}},"63":{"start":{"line":132,"column":12},"end":{"line":137,"column":13}},"64":{"start":{"line":133,"column":16},"end":{"line":133,"column":111}},"65":{"start":{"line":136,"column":16},"end":{"line":136,"column":100}},"66":{"start":{"line":140,"column":12},"end":{"line":140,"column":73}},"67":{"start":{"line":149,"column":4},"end":{"line":157,"column":6}},"68":{"start":{"line":150,"column":19},"end":{"line":150,"column":35}},"69":{"start":{"line":151,"column":8},"end":{"line":156,"column":9}},"70":{"start":{"line":152,"column":12},"end":{"line":152,"column":43}},"71":{"start":{"line":155,"column":12},"end":{"line":155,"column":79}},"72":{"start":{"line":164,"column":4},"end":{"line":172,"column":6}},"73":{"start":{"line":165,"column":19},"end":{"line":165,"column":35}},"74":{"start":{"line":166,"column":8},"end":{"line":171,"column":9}},"75":{"start":{"line":167,"column":12},"end":{"line":167,"column":44}},"76":{"start":{"line":170,"column":12},"end":{"line":170,"column":79}},"77":{"start":{"line":178,"column":4},"end":{"line":180,"column":6}},"78":{"start":{"line":179,"column":8},"end":{"line":179,"column":91}},"79":{"start":{"line":179,"column":53},"end":{"line":179,"column":74}},"80":{"start":{"line":187,"column":4},"end":{"line":192,"column":6}},"81":{"start":{"line":188,"column":8},"end":{"line":190,"column":9}},"82":{"start":{"line":189,"column":12},"end":{"line":189,"column":31}},"83":{"start":{"line":191,"column":8},"end":{"line":191,"column":35}},"84":{"start":{"line":198,"column":4},"end":{"line":203,"column":6}},"85":{"start":{"line":199,"column":20},"end":{"line":199,"column":24}},"86":{"start":{"line":200,"column":8},"end":{"line":202,"column":72}},"87":{"start":{"line":201,"column":39},"end":{"line":201,"column":90}},"88":{"start":{"line":202,"column":40},"end":{"line":202,"column":68}},"89":{"start":{"line":209,"column":4},"end":{"line":211,"column":6}},"90":{"start":{"line":210,"column":8},"end":{"line":210,"column":39}},"91":{"start":{"line":212,"column":4},"end":{"line":212,"column":18}},"92":{"start":{"line":214,"column":0},"end":{"line":214,"column":24}}},"fnMap":{"0":{"name":"(anonymous_0)","decl":{"start":{"line":2,"column":45},"end":{"line":2,"column":46}},"loc":{"start":{"line":2,"column":57},"end":{"line":11,"column":1}},"line":2},"1":{"name":"(anonymous_1)","decl":{"start":{"line":4,"column":47},"end":{"line":4,"column":48}},"loc":{"start":{"line":4,"column":63},"end":{"line":4,"column":83}},"line":4},"2":{"name":"(anonymous_2)","decl":{"start":{"line":5,"column":8},"end":{"line":5,"column":9}},"loc":{"start":{"line":5,"column":24},"end":{"line":5,"column":82}},"line":5},"3":{"name":"(anonymous_3)","decl":{"start":{"line":6,"column":11},"end":{"line":6,"column":12}},"loc":{"start":{"line":6,"column":27},"end":{"line":10,"column":5}},"line":6},"4":{"name":"__","decl":{"start":{"line":8,"column":17},"end":{"line":8,"column":19}},"loc":{"start":{"line":8,"column":22},"end":{"line":8,"column":47}},"line":8},"5":{"name":"(anonymous_5)","decl":{"start":{"line":15,"column":28},"end":{"line":15,"column":29}},"loc":{"start":{"line":15,"column":46},"end":{"line":213,"column":1}},"line":15},"6":{"name":"JsCode","decl":{"start":{"line":20,"column":13},"end":{"line":20,"column":19}},"loc":{"start":{"line":20,"column":29},"end":{"line":29,"column":5}},"line":20},"7":{"name":"(anonymous_7)","decl":{"start":{"line":36,"column":30},"end":{"line":36,"column":31}},"loc":{"start":{"line":36,"column":46},"end":{"line":41,"column":5}},"line":36},"8":{"name":"(anonymous_8)","decl":{"start":{"line":48,"column":32},"end":{"line":48,"column":33}},"loc":{"start":{"line":48,"column":50},"end":{"line":53,"column":5}},"line":48},"9":{"name":"(anonymous_9)","decl":{"start":{"line":49,"column":33},"end":{"line":49,"column":34}},"loc":{"start":{"line":49,"column":49},"end":{"line":52,"column":9}},"line":49},"10":{"name":"(anonymous_10)","decl":{"start":{"line":59,"column":36},"end":{"line":59,"column":37}},"loc":{"start":{"line":59,"column":48},"end":{"line":61,"column":5}},"line":59},"11":{"name":"(anonymous_11)","decl":{"start":{"line":67,"column":38},"end":{"line":67,"column":39}},"loc":{"start":{"line":67,"column":50},"end":{"line":73,"column":5}},"line":67},"12":{"name":"(anonymous_12)","decl":{"start":{"line":71,"column":21},"end":{"line":71,"column":22}},"loc":{"start":{"line":71,"column":38},"end":{"line":71,"column":125}},"line":71},"13":{"name":"(anonymous_13)","decl":{"start":{"line":81,"column":39},"end":{"line":81,"column":40}},"loc":{"start":{"line":81,"column":62},"end":{"line":98,"column":5}},"line":81},"14":{"name":"(anonymous_14)","decl":{"start":{"line":84,"column":47},"end":{"line":84,"column":48}},"loc":{"start":{"line":84,"column":67},"end":{"line":84,"column":99}},"line":84},"15":{"name":"(anonymous_15)","decl":{"start":{"line":106,"column":35},"end":{"line":106,"column":36}},"loc":{"start":{"line":106,"column":65},"end":{"line":120,"column":5}},"line":106},"16":{"name":"(anonymous_16)","decl":{"start":{"line":128,"column":36},"end":{"line":128,"column":37}},"loc":{"start":{"line":128,"column":66},"end":{"line":142,"column":5}},"line":128},"17":{"name":"(anonymous_17)","decl":{"start":{"line":149,"column":39},"end":{"line":149,"column":40}},"loc":{"start":{"line":149,"column":57},"end":{"line":157,"column":5}},"line":149},"18":{"name":"(anonymous_18)","decl":{"start":{"line":164,"column":40},"end":{"line":164,"column":41}},"loc":{"start":{"line":164,"column":58},"end":{"line":172,"column":5}},"line":164},"19":{"name":"(anonymous_19)","decl":{"start":{"line":178,"column":31},"end":{"line":178,"column":32}},"loc":{"start":{"line":178,"column":43},"end":{"line":180,"column":5}},"line":178},"20":{"name":"(anonymous_20)","decl":{"start":{"line":179,"column":35},"end":{"line":179,"column":36}},"loc":{"start":{"line":179,"column":51},"end":{"line":179,"column":76}},"line":179},"21":{"name":"(anonymous_21)","decl":{"start":{"line":187,"column":31},"end":{"line":187,"column":32}},"loc":{"start":{"line":187,"column":47},"end":{"line":192,"column":5}},"line":187},"22":{"name":"(anonymous_22)","decl":{"start":{"line":198,"column":40},"end":{"line":198,"column":41}},"loc":{"start":{"line":198,"column":52},"end":{"line":203,"column":5}},"line":198},"23":{"name":"(anonymous_23)","decl":{"start":{"line":201,"column":20},"end":{"line":201,"column":21}},"loc":{"start":{"line":201,"column":37},"end":{"line":201,"column":92}},"line":201},"24":{"name":"(anonymous_24)","decl":{"start":{"line":202,"column":21},"end":{"line":202,"column":22}},"loc":{"start":{"line":202,"column":38},"end":{"line":202,"column":70}},"line":202},"25":{"name":"(anonymous_25)","decl":{"start":{"line":209,"column":32},"end":{"line":209,"column":33}},"loc":{"start":{"line":209,"column":44},"end":{"line":211,"column":5}},"line":209}},"branchMap":{"0":{"loc":{"start":{"line":2,"column":16},"end":{"line":11,"column":4}},"type":"binary-expr","locations":[{"start":{"line":2,"column":17},"end":{"line":2,"column":21}},{"start":{"line":2,"column":25},"end":{"line":2,"column":39}},{"start":{"line":2,"column":44},"end":{"line":11,"column":4}}],"line":2},"1":{"loc":{"start":{"line":3,"column":24},"end":{"line":5,"column":82}},"type":"binary-expr","locations":[{"start":{"line":3,"column":24},"end":{"line":3,"column":45}},{"start":{"line":4,"column":9},"end":{"line":4,"column":43}},{"start":{"line":4,"column":47},"end":{"line":4,"column":83}},{"start":{"line":5,"column":8},"end":{"line":5,"column":82}}],"line":3},"2":{"loc":{"start":{"line":5,"column":43},"end":{"line":5,"column":80}},"type":"if","locations":[{"start":{"line":5,"column":43},"end":{"line":5,"column":80}},{"start":{"line":5,"column":43},"end":{"line":5,"column":80}}],"line":5},"3":{"loc":{"start":{"line":9,"column":22},"end":{"line":9,"column":92}},"type":"cond-expr","locations":[{"start":{"line":9,"column":35},"end":{"line":9,"column":51}},{"start":{"line":9,"column":55},"end":{"line":9,"column":91}}],"line":9},"4":{"loc":{"start":{"line":21,"column":8},"end":{"line":21,"column":49}},"type":"if","locations":[{"start":{"line":21,"column":8},"end":{"line":21,"column":49}},{"start":{"line":21,"column":8},"end":{"line":21,"column":49}}],"line":21},"5":{"loc":{"start":{"line":22,"column":20},"end":{"line":22,"column":54}},"type":"binary-expr","locations":[{"start":{"line":22,"column":20},"end":{"line":22,"column":46}},{"start":{"line":22,"column":50},"end":{"line":22,"column":54}}],"line":22},"6":{"loc":{"start":{"line":23,"column":24},"end":{"line":23,"column":45}},"type":"binary-expr","locations":[{"start":{"line":23,"column":24},"end":{"line":23,"column":39}},{"start":{"line":23,"column":43},"end":{"line":23,"column":45}}],"line":23},"7":{"loc":{"start":{"line":37,"column":8},"end":{"line":39,"column":9}},"type":"if","locations":[{"start":{"line":37,"column":8},"end":{"line":39,"column":9}},{"start":{"line":37,"column":8},"end":{"line":39,"column":9}}],"line":37},"8":{"loc":{"start":{"line":50,"column":19},"end":{"line":51,"column":34}},"type":"binary-expr","locations":[{"start":{"line":50,"column":20},"end":{"line":50,"column":46}},{"start":{"line":50,"column":50},"end":{"line":50,"column":74}},{"start":{"line":50,"column":78},"end":{"line":50,"column":96}},{"start":{"line":51,"column":19},"end":{"line":51,"column":34}}],"line":50},"9":{"loc":{"start":{"line":82,"column":8},"end":{"line":82,"column":54}},"type":"if","locations":[{"start":{"line":82,"column":8},"end":{"line":82,"column":54}},{"start":{"line":82,"column":8},"end":{"line":82,"column":54}}],"line":82},"10":{"loc":{"start":{"line":85,"column":8},"end":{"line":87,"column":9}},"type":"if","locations":[{"start":{"line":85,"column":8},"end":{"line":87,"column":9}},{"start":{"line":85,"column":8},"end":{"line":87,"column":9}}],"line":85},"11":{"loc":{"start":{"line":90,"column":8},"end":{"line":95,"column":9}},"type":"if","locations":[{"start":{"line":90,"column":8},"end":{"line":95,"column":9}},{"start":{"line":90,"column":8},"end":{"line":95,"column":9}}],"line":90},"12":{"loc":{"start":{"line":108,"column":8},"end":{"line":119,"column":9}},"type":"if","locations":[{"start":{"line":108,"column":8},"end":{"line":119,"column":9}},{"start":{"line":108,"column":8},"end":{"line":119,"column":9}}],"line":108},"13":{"loc":{"start":{"line":110,"column":12},"end":{"line":115,"column":13}},"type":"if","locations":[{"start":{"line":110,"column":12},"end":{"line":115,"column":13}},{"start":{"line":110,"column":12},"end":{"line":115,"column":13}}],"line":110},"14":{"loc":{"start":{"line":130,"column":8},"end":{"line":141,"column":9}},"type":"if","locations":[{"start":{"line":130,"column":8},"end":{"line":141,"column":9}},{"start":{"line":130,"column":8},"end":{"line":141,"column":9}}],"line":130},"15":{"loc":{"start":{"line":132,"column":12},"end":{"line":137,"column":13}},"type":"if","locations":[{"start":{"line":132,"column":12},"end":{"line":137,"column":13}},{"start":{"line":132,"column":12},"end":{"line":137,"column":13}}],"line":132},"16":{"loc":{"start":{"line":151,"column":8},"end":{"line":156,"column":9}},"type":"if","locations":[{"start":{"line":151,"column":8},"end":{"line":156,"column":9}},{"start":{"line":151,"column":8},"end":{"line":156,"column":9}}],"line":151},"17":{"loc":{"start":{"line":166,"column":8},"end":{"line":171,"column":9}},"type":"if","locations":[{"start":{"line":166,"column":8},"end":{"line":171,"column":9}},{"start":{"line":166,"column":8},"end":{"line":171,"column":9}}],"line":166},"18":{"loc":{"start":{"line":188,"column":8},"end":{"line":190,"column":9}},"type":"if","locations":[{"start":{"line":188,"column":8},"end":{"line":190,"column":9}},{"start":{"line":188,"column":8},"end":{"line":190,"column":9}}],"line":188},"19":{"loc":{"start":{"line":201,"column":46},"end":{"line":201,"column":89}},"type":"binary-expr","locations":[{"start":{"line":201,"column":46},"end":{"line":201,"column":60}},{"start":{"line":201,"column":64},"end":{"line":201,"column":89}}],"line":201}},"s":{"0":1,"1":1,"2":0,"3":0,"4":0,"5":0,"6":1,"7":1,"8":1,"9":1,"10":1,"11":1,"12":1,"13":1,"14":1,"15":278,"16":46,"17":278,"18":278,"19":278,"20":278,"21":278,"22":278,"23":277,"24":1,"25":250,"26":68,"27":250,"28":1,"29":0,"30":0,"31":1,"32":2,"33":1,"34":615,"35":615,"36":62,"37":615,"38":1,"39":148,"40":17,"41":148,"42":343,"43":148,"44":56,"45":92,"46":92,"47":56,"48":36,"49":92,"50":92,"51":1,"52":4,"53":4,"54":4,"55":4,"56":4,"57":0,"58":0,"59":1,"60":4,"61":4,"62":4,"63":4,"64":4,"65":0,"66":0,"67":1,"68":1,"69":1,"70":1,"71":0,"72":1,"73":1,"74":1,"75":1,"76":0,"77":1,"78":224,"79":254,"80":1,"81":187,"82":78,"83":187,"84":1,"85":278,"86":278,"87":33,"88":18,"89":1,"90":34,"91":1,"92":1},"f":{"0":1,"1":0,"2":0,"3":1,"4":1,"5":1,"6":278,"7":250,"8":0,"9":0,"10":2,"11":615,"12":62,"13":148,"14":343,"15":4,"16":4,"17":1,"18":1,"19":224,"20":254,"21":187,"22":278,"23":33,"24":18,"25":34},"b":{"0":[1,1,1],"1":[1,0,0,0],"2":[0,0],"3":[0,1],"4":[46,232],"5":[278,278],"6":[278,249],"7":[68,182],"8":[0,0,0,0],"9":[17,131],"10":[56,92],"11":[56,36],"12":[4,0],"13":[4,0],"14":[4,0],"15":[4,0],"16":[1,0],"17":[1,0],"18":[78,109],"19":[33,33]},"_coverageSchema":"332fd63041d2c1bcb487cc26dd0d5f7d97098a6c","hash":"4cf5a916f5efac09d97d93813b38f1b530779912","contentHash":"ea12afe181c0f28241fe78e5ba8127dd_11.4.1"},"c:\\git\\bia\\src\\utils\\code.ts":{"path":"c:\\git\\bia\\src\\utils\\code.ts","statementMap":{"0":{"start":{"line":2,"column":0},"end":{"line":2,"column":62}},"1":{"start":{"line":3,"column":17},"end":{"line":3,"column":55}},"2":{"start":{"line":6,"column":4},"end":{"line":6,"column":46}},"3":{"start":{"line":8,"column":0},"end":{"line":8,"column":40}}},"fnMap":{"0":{"name":"isCodeInstance","decl":{"start":{"line":5,"column":9},"end":{"line":5,"column":23}},"loc":{"start":{"line":5,"column":29},"end":{"line":7,"column":1}},"line":5}},"branchMap":{},"s":{"0":1,"1":1,"2":338,"3":1},"f":{"0":338},"b":{},"_coverageSchema":"332fd63041d2c1bcb487cc26dd0d5f7d97098a6c","hash":"a2f14d24cce1151dc1665c70eff831fa2c7a8383","contentHash":"8d1aa23edf220ef867e966b1d936c24f_11.4.1"},"c:\\git\\bia\\src\\generators\\code\\JsFunction.ts":{"path":"c:\\git\\bia\\src\\generators\\code\\JsFunction.ts","statementMap":{"0":{"start":{"line":2,"column":16},"end":{"line":11,"column":4}},"1":{"start":{"line":3,"column":24},"end":{"line":5,"column":82}},"2":{"start":{"line":4,"column":65},"end":{"line":4,"column":81}},"3":{"start":{"line":5,"column":26},"end":{"line":5,"column":80}},"4":{"start":{"line":5,"column":43},"end":{"line":5,"column":80}},"5":{"start":{"line":5,"column":68},"end":{"line":5,"column":80}},"6":{"start":{"line":6,"column":4},"end":{"line":10,"column":6}},"7":{"start":{"line":7,"column":8},"end":{"line":7,"column":28}},"8":{"start":{"line":8,"column":24},"end":{"line":8,"column":45}},"9":{"start":{"line":9,"column":8},"end":{"line":9,"column":93}},"10":{"start":{"line":12,"column":0},"end":{"line":12,"column":62}},"11":{"start":{"line":13,"column":15},"end":{"line":13,"column":34}},"12":{"start":{"line":14,"column":15},"end":{"line":14,"column":44}},"13":{"start":{"line":18,"column":32},"end":{"line":66,"column":18}},"14":{"start":{"line":19,"column":4},"end":{"line":19,"column":34}},"15":{"start":{"line":24,"column":8},"end":{"line":24,"column":49}},"16":{"start":{"line":24,"column":34},"end":{"line":24,"column":47}},"17":{"start":{"line":25,"column":20},"end":{"line":25,"column":54}},"18":{"start":{"line":26,"column":8},"end":{"line":26,"column":42}},"19":{"start":{"line":27,"column":8},"end":{"line":27,"column":50}},"20":{"start":{"line":28,"column":8},"end":{"line":28,"column":50}},"21":{"start":{"line":29,"column":8},"end":{"line":29,"column":21}},"22":{"start":{"line":37,"column":4},"end":{"line":39,"column":6}},"23":{"start":{"line":38,"column":8},"end":{"line":38,"column":37}},"24":{"start":{"line":45,"column":4},"end":{"line":47,"column":6}},"25":{"start":{"line":46,"column":8},"end":{"line":46,"column":28}},"26":{"start":{"line":53,"column":4},"end":{"line":64,"column":6}},"27":{"start":{"line":55,"column":8},"end":{"line":57,"column":9}},"28":{"start":{"line":56,"column":12},"end":{"line":56,"column":26}},"29":{"start":{"line":58,"column":24},"end":{"line":58,"column":49}},"30":{"start":{"line":59,"column":22},"end":{"line":59,"column":69}},"31":{"start":{"line":60,"column":24},"end":{"line":62,"column":16}},"32":{"start":{"line":63,"column":8},"end":{"line":63,"column":105}},"33":{"start":{"line":65,"column":4},"end":{"line":65,"column":22}},"34":{"start":{"line":67,"column":0},"end":{"line":67,"column":32}}},"fnMap":{"0":{"name":"(anonymous_0)","decl":{"start":{"line":2,"column":45},"end":{"line":2,"column":46}},"loc":{"start":{"line":2,"column":57},"end":{"line":11,"column":1}},"line":2},"1":{"name":"(anonymous_1)","decl":{"start":{"line":4,"column":47},"end":{"line":4,"column":48}},"loc":{"start":{"line":4,"column":63},"end":{"line":4,"column":83}},"line":4},"2":{"name":"(anonymous_2)","decl":{"start":{"line":5,"column":8},"end":{"line":5,"column":9}},"loc":{"start":{"line":5,"column":24},"end":{"line":5,"column":82}},"line":5},"3":{"name":"(anonymous_3)","decl":{"start":{"line":6,"column":11},"end":{"line":6,"column":12}},"loc":{"start":{"line":6,"column":27},"end":{"line":10,"column":5}},"line":6},"4":{"name":"__","decl":{"start":{"line":8,"column":17},"end":{"line":8,"column":19}},"loc":{"start":{"line":8,"column":22},"end":{"line":8,"column":47}},"line":8},"5":{"name":"(anonymous_5)","decl":{"start":{"line":18,"column":32},"end":{"line":18,"column":33}},"loc":{"start":{"line":18,"column":50},"end":{"line":66,"column":1}},"line":18},"6":{"name":"JsFunction","decl":{"start":{"line":23,"column":13},"end":{"line":23,"column":23}},"loc":{"start":{"line":23,"column":33},"end":{"line":30,"column":5}},"line":23},"7":{"name":"(anonymous_7)","decl":{"start":{"line":37,"column":34},"end":{"line":37,"column":35}},"loc":{"start":{"line":37,"column":53},"end":{"line":39,"column":5}},"line":37},"8":{"name":"(anonymous_8)","decl":{"start":{"line":45,"column":40},"end":{"line":45,"column":41}},"loc":{"start":{"line":45,"column":52},"end":{"line":47,"column":5}},"line":45},"9":{"name":"(anonymous_9)","decl":{"start":{"line":53,"column":36},"end":{"line":53,"column":37}},"loc":{"start":{"line":53,"column":48},"end":{"line":64,"column":5}},"line":53}},"branchMap":{"0":{"loc":{"start":{"line":2,"column":16},"end":{"line":11,"column":4}},"type":"binary-expr","locations":[{"start":{"line":2,"column":17},"end":{"line":2,"column":21}},{"start":{"line":2,"column":25},"end":{"line":2,"column":39}},{"start":{"line":2,"column":44},"end":{"line":11,"column":4}}],"line":2},"1":{"loc":{"start":{"line":3,"column":24},"end":{"line":5,"column":82}},"type":"binary-expr","locations":[{"start":{"line":3,"column":24},"end":{"line":3,"column":45}},{"start":{"line":4,"column":9},"end":{"line":4,"column":43}},{"start":{"line":4,"column":47},"end":{"line":4,"column":83}},{"start":{"line":5,"column":8},"end":{"line":5,"column":82}}],"line":3},"2":{"loc":{"start":{"line":5,"column":43},"end":{"line":5,"column":80}},"type":"if","locations":[{"start":{"line":5,"column":43},"end":{"line":5,"column":80}},{"start":{"line":5,"column":43},"end":{"line":5,"column":80}}],"line":5},"3":{"loc":{"start":{"line":9,"column":22},"end":{"line":9,"column":92}},"type":"cond-expr","locations":[{"start":{"line":9,"column":35},"end":{"line":9,"column":51}},{"start":{"line":9,"column":55},"end":{"line":9,"column":91}}],"line":9},"4":{"loc":{"start":{"line":24,"column":8},"end":{"line":24,"column":49}},"type":"if","locations":[{"start":{"line":24,"column":8},"end":{"line":24,"column":49}},{"start":{"line":24,"column":8},"end":{"line":24,"column":49}}],"line":24},"5":{"loc":{"start":{"line":25,"column":20},"end":{"line":25,"column":54}},"type":"binary-expr","locations":[{"start":{"line":25,"column":20},"end":{"line":25,"column":46}},{"start":{"line":25,"column":50},"end":{"line":25,"column":54}}],"line":25},"6":{"loc":{"start":{"line":26,"column":21},"end":{"line":26,"column":41}},"type":"binary-expr","locations":[{"start":{"line":26,"column":21},"end":{"line":26,"column":33}},{"start":{"line":26,"column":37},"end":{"line":26,"column":41}}],"line":26},"7":{"loc":{"start":{"line":27,"column":26},"end":{"line":27,"column":49}},"type":"binary-expr","locations":[{"start":{"line":27,"column":26},"end":{"line":27,"column":43}},{"start":{"line":27,"column":47},"end":{"line":27,"column":49}}],"line":27},"8":{"loc":{"start":{"line":28,"column":26},"end":{"line":28,"column":49}},"type":"binary-expr","locations":[{"start":{"line":28,"column":26},"end":{"line":28,"column":43}},{"start":{"line":28,"column":47},"end":{"line":28,"column":49}}],"line":28},"9":{"loc":{"start":{"line":55,"column":8},"end":{"line":57,"column":9}},"type":"if","locations":[{"start":{"line":55,"column":8},"end":{"line":57,"column":9}},{"start":{"line":55,"column":8},"end":{"line":57,"column":9}}],"line":55},"10":{"loc":{"start":{"line":60,"column":24},"end":{"line":62,"column":16}},"type":"cond-expr","locations":[{"start":{"line":61,"column":14},"end":{"line":61,"column":80}},{"start":{"line":62,"column":14},"end":{"line":62,"column":16}}],"line":60},"11":{"loc":{"start":{"line":63,"column":30},"end":{"line":63,"column":45}},"type":"binary-expr","locations":[{"start":{"line":63,"column":30},"end":{"line":63,"column":39}},{"start":{"line":63,"column":43},"end":{"line":63,"column":45}}],"line":63}},"s":{"0":1,"1":1,"2":0,"3":0,"4":0,"5":0,"6":1,"7":1,"8":1,"9":1,"10":1,"11":1,"12":1,"13":1,"14":1,"15":175,"16":5,"17":175,"18":175,"19":175,"20":175,"21":175,"22":1,"23":27,"24":1,"25":6,"26":1,"27":202,"28":59,"29":143,"30":143,"31":143,"32":143,"33":1,"34":1},"f":{"0":1,"1":0,"2":0,"3":1,"4":1,"5":1,"6":175,"7":27,"8":6,"9":202},"b":{"0":[1,1,1],"1":[1,0,0,0],"2":[0,0],"3":[0,1],"4":[5,170],"5":[175,0],"6":[175,32],"7":[175,134],"8":[175,175],"9":[59,143],"10":[21,122],"11":[143,3]},"_coverageSchema":"332fd63041d2c1bcb487cc26dd0d5f7d97098a6c","hash":"41c3bedf6b2ecc1063d88be0cebe1626f514b521","contentHash":"fd8e7a309aacc90c1b3770bd385e0817_11.4.1"},"c:\\git\\bia\\src\\utils\\string.ts":{"path":"c:\\git\\bia\\src\\utils\\string.ts","statementMap":{"0":{"start":{"line":2,"column":0},"end":{"line":2,"column":62}},"1":{"start":{"line":3,"column":18},"end":{"line":3,"column":40}},"2":{"start":{"line":5,"column":4},"end":{"line":5,"column":47}},"3":{"start":{"line":7,"column":0},"end":{"line":7,"column":44}},"4":{"start":{"line":15,"column":4},"end":{"line":18,"column":31}},"5":{"start":{"line":20,"column":0},"end":{"line":20,"column":24}},"6":{"start":{"line":29,"column":4},"end":{"line":29,"column":40}},"7":{"start":{"line":29,"column":28},"end":{"line":29,"column":38}},"8":{"start":{"line":30,"column":4},"end":{"line":30,"column":111}},"9":{"start":{"line":30,"column":52},"end":{"line":30,"column":96}},"10":{"start":{"line":32,"column":0},"end":{"line":32,"column":24}}},"fnMap":{"0":{"name":"collapseNewlines","decl":{"start":{"line":4,"column":9},"end":{"line":4,"column":25}},"loc":{"start":{"line":4,"column":34},"end":{"line":6,"column":1}},"line":4},"1":{"name":"escape","decl":{"start":{"line":14,"column":9},"end":{"line":14,"column":15}},"loc":{"start":{"line":14,"column":24},"end":{"line":19,"column":1}},"line":14},"2":{"name":"indent","decl":{"start":{"line":28,"column":9},"end":{"line":28,"column":15}},"loc":{"start":{"line":28,"column":31},"end":{"line":31,"column":1}},"line":28},"3":{"name":"(anonymous_3)","decl":{"start":{"line":30,"column":34},"end":{"line":30,"column":35}},"loc":{"start":{"line":30,"column":50},"end":{"line":30,"column":98}},"line":30}},"branchMap":{"0":{"loc":{"start":{"line":29,"column":4},"end":{"line":29,"column":40}},"type":"if","locations":[{"start":{"line":29,"column":4},"end":{"line":29,"column":40}},{"start":{"line":29,"column":4},"end":{"line":29,"column":40}}],"line":29}},"s":{"0":1,"1":1,"2":0,"3":1,"4":21,"5":1,"6":304,"7":304,"8":304,"9":966,"10":1},"f":{"0":0,"1":21,"2":304,"3":966},"b":{"0":[304,0]},"_coverageSchema":"332fd63041d2c1bcb487cc26dd0d5f7d97098a6c","hash":"bc5982e716a5eeb9f5d573b97cbc6dc0c933378a","contentHash":"b8ce97a43cf37cec22a0138529d78b10_11.4.1"},"c:\\git\\bia\\src\\utils\\constants.ts":{"path":"c:\\git\\bia\\src\\utils\\constants.ts","statementMap":{"0":{"start":{"line":2,"column":0},"end":{"line":2,"column":62}},"1":{"start":{"line":4,"column":0},"end":{"line":4,"column":31}},"2":{"start":{"line":6,"column":0},"end":{"line":6,"column":35}},"3":{"start":{"line":8,"column":0},"end":{"line":16,"column":2}}},"fnMap":{},"branchMap":{},"s":{"0":1,"1":1,"2":1,"3":1},"f":{},"b":{},"_coverageSchema":"332fd63041d2c1bcb487cc26dd0d5f7d97098a6c","hash":"f09896dd7bac4dfdb6e7cb22ac6ad7ee129db05d","contentHash":"139a0c9b9a4f6f6f1068eab817b2d5bd_11.4.1"},"c:\\git\\bia\\src\\generators\\code\\JsHelper.ts":{"path":"c:\\git\\bia\\src\\generators\\code\\JsHelper.ts","statementMap":{"0":{"start":{"line":2,"column":16},"end":{"line":11,"column":4}},"1":{"start":{"line":3,"column":24},"end":{"line":5,"column":82}},"2":{"start":{"line":4,"column":65},"end":{"line":4,"column":81}},"3":{"start":{"line":5,"column":26},"end":{"line":5,"column":80}},"4":{"start":{"line":5,"column":43},"end":{"line":5,"column":80}},"5":{"start":{"line":5,"column":68},"end":{"line":5,"column":80}},"6":{"start":{"line":6,"column":4},"end":{"line":10,"column":6}},"7":{"start":{"line":7,"column":8},"end":{"line":7,"column":28}},"8":{"start":{"line":8,"column":24},"end":{"line":8,"column":45}},"9":{"start":{"line":9,"column":8},"end":{"line":9,"column":93}},"10":{"start":{"line":12,"column":0},"end":{"line":12,"column":62}},"11":{"start":{"line":13,"column":19},"end":{"line":13,"column":42}},"12":{"start":{"line":17,"column":30},"end":{"line":36,"column":26}},"13":{"start":{"line":18,"column":4},"end":{"line":18,"column":32}},"14":{"start":{"line":25,"column":8},"end":{"line":25,"column":50}},"15":{"start":{"line":32,"column":4},"end":{"line":34,"column":6}},"16":{"start":{"line":33,"column":8},"end":{"line":33,"column":26}},"17":{"start":{"line":35,"column":4},"end":{"line":35,"column":20}},"18":{"start":{"line":37,"column":0},"end":{"line":37,"column":28}}},"fnMap":{"0":{"name":"(anonymous_0)","decl":{"start":{"line":2,"column":45},"end":{"line":2,"column":46}},"loc":{"start":{"line":2,"column":57},"end":{"line":11,"column":1}},"line":2},"1":{"name":"(anonymous_1)","decl":{"start":{"line":4,"column":47},"end":{"line":4,"column":48}},"loc":{"start":{"line":4,"column":63},"end":{"line":4,"column":83}},"line":4},"2":{"name":"(anonymous_2)","decl":{"start":{"line":5,"column":8},"end":{"line":5,"column":9}},"loc":{"start":{"line":5,"column":24},"end":{"line":5,"column":82}},"line":5},"3":{"name":"(anonymous_3)","decl":{"start":{"line":6,"column":11},"end":{"line":6,"column":12}},"loc":{"start":{"line":6,"column":27},"end":{"line":10,"column":5}},"line":6},"4":{"name":"__","decl":{"start":{"line":8,"column":17},"end":{"line":8,"column":19}},"loc":{"start":{"line":8,"column":22},"end":{"line":8,"column":47}},"line":8},"5":{"name":"(anonymous_5)","decl":{"start":{"line":17,"column":30},"end":{"line":17,"column":31}},"loc":{"start":{"line":17,"column":48},"end":{"line":36,"column":1}},"line":17},"6":{"name":"JsHelper","decl":{"start":{"line":24,"column":13},"end":{"line":24,"column":21}},"loc":{"start":{"line":24,"column":31},"end":{"line":26,"column":5}},"line":24},"7":{"name":"(anonymous_7)","decl":{"start":{"line":32,"column":38},"end":{"line":32,"column":39}},"loc":{"start":{"line":32,"column":50},"end":{"line":34,"column":5}},"line":32}},"branchMap":{"0":{"loc":{"start":{"line":2,"column":16},"end":{"line":11,"column":4}},"type":"binary-expr","locations":[{"start":{"line":2,"column":17},"end":{"line":2,"column":21}},{"start":{"line":2,"column":25},"end":{"line":2,"column":39}},{"start":{"line":2,"column":44},"end":{"line":11,"column":4}}],"line":2},"1":{"loc":{"start":{"line":3,"column":24},"end":{"line":5,"column":82}},"type":"binary-expr","locations":[{"start":{"line":3,"column":24},"end":{"line":3,"column":45}},{"start":{"line":4,"column":9},"end":{"line":4,"column":43}},{"start":{"line":4,"column":47},"end":{"line":4,"column":83}},{"start":{"line":5,"column":8},"end":{"line":5,"column":82}}],"line":3},"2":{"loc":{"start":{"line":5,"column":43},"end":{"line":5,"column":80}},"type":"if","locations":[{"start":{"line":5,"column":43},"end":{"line":5,"column":80}},{"start":{"line":5,"column":43},"end":{"line":5,"column":80}}],"line":5},"3":{"loc":{"start":{"line":9,"column":22},"end":{"line":9,"column":92}},"type":"cond-expr","locations":[{"start":{"line":9,"column":35},"end":{"line":9,"column":51}},{"start":{"line":9,"column":55},"end":{"line":9,"column":91}}],"line":9},"4":{"loc":{"start":{"line":25,"column":15},"end":{"line":25,"column":49}},"type":"binary-expr","locations":[{"start":{"line":25,"column":15},"end":{"line":25,"column":41}},{"start":{"line":25,"column":45},"end":{"line":25,"column":49}}],"line":25}},"s":{"0":1,"1":1,"2":0,"3":0,"4":0,"5":0,"6":1,"7":1,"8":1,"9":1,"10":1,"11":1,"12":1,"13":1,"14":11,"15":1,"16":0,"17":1,"18":1},"f":{"0":1,"1":0,"2":0,"3":1,"4":1,"5":1,"6":11,"7":0},"b":{"0":[1,1,1],"1":[1,0,0,0],"2":[0,0],"3":[0,1],"4":[11,0]},"_coverageSchema":"332fd63041d2c1bcb487cc26dd0d5f7d97098a6c","hash":"ebeb8d866356d667e194db2392febbf352a485d0","contentHash":"cd007cb5d85f683901cc0751812386b5_11.4.1"},"c:\\git\\bia\\src\\generators\\code\\JsIf.ts":{"path":"c:\\git\\bia\\src\\generators\\code\\JsIf.ts","statementMap":{"0":{"start":{"line":2,"column":16},"end":{"line":11,"column":4}},"1":{"start":{"line":3,"column":24},"end":{"line":5,"column":82}},"2":{"start":{"line":4,"column":65},"end":{"line":4,"column":81}},"3":{"start":{"line":5,"column":26},"end":{"line":5,"column":80}},"4":{"start":{"line":5,"column":43},"end":{"line":5,"column":80}},"5":{"start":{"line":5,"column":68},"end":{"line":5,"column":80}},"6":{"start":{"line":6,"column":4},"end":{"line":10,"column":6}},"7":{"start":{"line":7,"column":8},"end":{"line":7,"column":28}},"8":{"start":{"line":8,"column":24},"end":{"line":8,"column":45}},"9":{"start":{"line":9,"column":8},"end":{"line":9,"column":93}},"10":{"start":{"line":12,"column":0},"end":{"line":12,"column":62}},"11":{"start":{"line":13,"column":17},"end":{"line":13,"column":38}},"12":{"start":{"line":14,"column":15},"end":{"line":14,"column":44}},"13":{"start":{"line":15,"column":13},"end":{"line":15,"column":40}},"14":{"start":{"line":16,"column":26},"end":{"line":96,"column":22}},"15":{"start":{"line":17,"column":4},"end":{"line":17,"column":28}},"16":{"start":{"line":24,"column":20},"end":{"line":24,"column":54}},"17":{"start":{"line":25,"column":8},"end":{"line":25,"column":44}},"18":{"start":{"line":26,"column":8},"end":{"line":26,"column":46}},"19":{"start":{"line":27
[...]
":{"line":33,"column":4},"end":{"line":36,"column":5}},{"start":{"line":33,"column":4},"end":{"line":36,"column":5}}],"line":33},"4":{"loc":{"start":{"line":44,"column":4},"end":{"line":46,"column":5}},"type":"if","locations":[{"start":{"line":44,"column":4},"end":{"line":46,"column":5}},{"start":{"line":44,"column":4},"end":{"line":46,"column":5}}],"line":44},"5":{"loc":{"start":{"line":60,"column":4},"end":{"line":70,"column":5}},"type":"if","locations":[{"start":{"line":60,"column":4},"end":{"line":70,"column":5}},{"start":{"line":60,"column":4},"end":{"line":70,"column":5}}],"line":60},"6":{"loc":{"start":{"line":66,"column":9},"end":{"line":70,"column":5}},"type":"if","locations":[{"start":{"line":66,"column":9},"end":{"line":70,"column":5}},{"start":{"line":66,"column":9},"end":{"line":70,"column":5}}],"line":66},"7":{"loc":{"start":{"line":66,"column":13},"end":{"line":66,"column":66}},"type":"binary-expr","locations":[{"start":{"line":66,"column":13},"end":{"line":66,"column":37}},{"start":{"line":66,"column":41},"end":{"line":66,"column":66}}],"line":66},"8":{"loc":{"start":{"line":90,"column":4},"end":{"line":100,"column":5}},"type":"if","locations":[{"start":{"line":90,"column":4},"end":{"line":100,"column":5}},{"start":{"line":90,"column":4},"end":{"line":100,"column":5}}],"line":90},"9":{"loc":{"start":{"line":96,"column":9},"end":{"line":100,"column":5}},"type":"if","locations":[{"start":{"line":96,"column":9},"end":{"line":100,"column":5}},{"start":{"line":96,"column":9},"end":{"line":100,"column":5}}],"line":96},"10":{"loc":{"start":{"line":96,"column":13},"end":{"line":96,"column":66}},"type":"binary-expr","locations":[{"start":{"line":96,"column":13},"end":{"line":96,"column":37}},{"start":{"line":96,"column":41},"end":{"line":96,"column":66}}],"line":96}},"s":{"0":1,"1":1,"2":1,"3":1,"4":53,"5":20,"6":33,"7":5,"8":1,"9":53,"10":20,"11":20,"12":1,"13":20,"14":2,"15":20,"16":20,"17":20,"18":20,"19":20,"20":20,"21":7,"22":7,"23":7,"24":13,"25":4,"26":4,"27":10,"28":20,"29":20,"30":20,"31":20,"32":5,"33":5,"34":5,"35":5,"36":5,"37":5,"38":5,"39":2,"40":2,"41":2,"42":3,"43":1,"44":1,"45":4,"46":5,"47":5,"48":20,"49":20,"50":20},"f":{"0":53,"1":53,"2":20,"3":20,"4":10,"5":5,"6":4,"7":20},"b":{"0":[20,33],"1":[5,28],"2":[33,19,10],"3":[20,33],"4":[2,18],"5":[7,13],"6":[4,9],"7":[13,5],"8":[2,3],"9":[1,2],"10":[3,3]},"_coverageSchema":"332fd63041d2c1bcb487cc26dd0d5f7d97098a6c","hash":"1be484a6fa59800ea281b56afd35d82a64779117","contentHash":"04c9d91810c11c50374a9e7783d9b562_11.4.1"},"c:\\git\\bia\\src\\generators\\dom\\helpers\\index.ts":{"path":"c:\\git\\bia\\src\\generators\\dom\\helpers\\index.ts","statementMap":{"0":{"start":{"line":2,"column":0},"end":{"line":2,"column":62}},"1":{"start":{"line":4,"column":20},"end":{"line":4,"column":44}},"2":{"start":{"line":5,"column":0},"end":{"line":5,"column":43}},"3":{"start":{"line":6,"column":23},"end":{"line":6,"column":50}},"4":{"start":{"line":7,"column":0},"end":{"line":7,"column":49}},"5":{"start":{"line":8,"column":20},"end":{"line":8,"column":44}},"6":{"start":{"line":9,"column":0},"end":{"line":9,"column":43}},"7":{"start":{"line":10,"column":20},"end":{"line":10,"column":44}},"8":{"start":{"line":11,"column":0},"end":{"line":11,"column":43}},"9":{"start":{"line":12,"column":20},"end":{"line":12,"column":44}},"10":{"start":{"line":13,"column":0},"end":{"line":13,"column":43}},"11":{"start":{"line":14,"column":13},"end":{"line":14,"column":30}},"12":{"start":{"line":15,"column":0},"end":{"line":15,"column":30}},"13":{"start":{"line":16,"column":18},"end":{"line":16,"column":40}},"14":{"start":{"line":17,"column":0},"end":{"line":17,"column":39}},"15":{"start":{"line":18,"column":17},"end":{"line":18,"column":38}},"16":{"start":{"line":19,"column":0},"end":{"line":19,"column":37}}},"fnMap":{},"branchMap":{},"s":{"0":1,"1":1,"2":1,"3":1,"4":1,"5":1,"6":1,"7":1,"8":1,"9":1,"10":1,"11":1,"12":1,"13":1,"14":1,"15":1,"16":1},"f":{},"b":{},"_coverageSchema":"332fd63041d2c1bcb487cc26dd0d5f7d97098a6c","hash":"c6fd61fd89255b5f81a792b48714dd364ba7522b","contentHash":"01fbdef8f74aff9dd5bf6bb1bfdb3907_11.4.1"},"c:\\git\\bia\\src\\generators\\dom\\helpers\\append_node.ts":{"path":"c:\\git\\bia\\src\\generators\\dom\\helpers\\append_node.ts","statementMap":{"0":{"start":{"line":2,"column":0},"end":{"line":2,"column":62}},"1":{"start":{"line":3,"column":17},"end":{"line":3,"column":47}},"2":{"start":{"line":9,"column":0},"end":{"line":16,"column":3}}},"fnMap":{},"branchMap":{},"s":{"0":1,"1":1,"2":1},"f":{},"b":{},"_coverageSchema":"332fd63041d2c1bcb487cc26dd0d5f7d97098a6c","hash":"3276d8ad441d271ebffba8e03e9ac491512eb328","contentHash":"7c227944bb4af2b3496757df9f0b8693_11.4.1"},"c:\\git\\bia\\src\\generators\\dom\\helpers\\create_element.ts":{"path":"c:\\git\\bia\\src\\generators\\dom\\helpers\\create_element.ts","statementMap":{"0":{"start":{"line":2,"column":0},"end":{"line":2,"column":62}},"1":{"start":{"line":3,"column":17},"end":{"line":3,"column":47}},"2":{"start":{"line":9,"column":0},"end":{"line":16,"column":3}}},"fnMap":{},"branchMap":{},"s":{"0":1,"1":1,"2":1},"f":{},"b":{},"_coverageSchema":"332fd63041d2c1bcb487cc26dd0d5f7d97098a6c","hash":"bb61c34db095e8bc93b85d739a3eee4ec6f02fc6","contentHash":"f08cb82fc704db65342dc2bb2bd823f2_11.4.1"},"c:\\git\\bia\\src\\generators\\dom\\helpers\\create_text.ts":{"path":"c:\\git\\bia\\src\\generators\\dom\\helpers\\create_text.ts","statementMap":{"0":{"start":{"line":2,"column":0},"end":{"line":2,"column":62}},"1":{"start":{"line":3,"column":17},"end":{"line":3,"column":47}},"2":{"start":{"line":9,"column":0},"end":{"line":16,"column":3}}},"fnMap":{},"branchMap":{},"s":{"0":1,"1":1,"2":1},"f":{},"b":{},"_coverageSchema":"332fd63041d2c1bcb487cc26dd0d5f7d97098a6c","hash":"28621f6f3d7ec0e4cf86ed843c72520aeb58db42","contentHash":"a46900bb17d4052a2aea6a5887a24689_11.4.1"},"c:\\git\\bia\\src\\generators\\dom\\helpers\\detach_node.ts":{"path":"c:\\git\\bia\\src\\generators\\dom\\helpers\\detach_node.ts","statementMap":{"0":{"start":{"line":2,"column":0},"end":{"line":2,"column":62}},"1":{"start":{"line":3,"column":17},"end":{"line":3,"column":47}},"2":{"start":{"line":9,"column":0},"end":{"line":16,"column":3}}},"fnMap":{},"branchMap":{},"s":{"0":1,"1":1,"2":1},"f":{},"b":{},"_coverageSchema":"332fd63041d2c1bcb487cc26dd0d5f7d97098a6c","hash":"8d974cc5dbec44529e3b9c44b4325642d67be2f5","contentHash":"d5150c2e14d4ee1b2bccc22a62fce4e0_11.4.1"},"c:\\git\\bia\\src\\generators\\dom\\helpers\\insert_node.ts":{"path":"c:\\git\\bia\\src\\generators\\dom\\helpers\\insert_node.ts","statementMap":{"0":{"start":{"line":2,"column":0},"end":{"line":2,"column":62}},"1":{"start":{"line":3,"column":17},"end":{"line":3,"column":47}},"2":{"start":{"line":9,"column":0},"end":{"line":16,"column":3}}},"fnMap":{},"branchMap":{},"s":{"0":1,"1":1,"2":1},"f":{},"b":{},"_coverageSchema":"332fd63041d2c1bcb487cc26dd0d5f7d97098a6c","hash":"66f6985f50499382de5a92688389180a8c347613","contentHash":"c7357169685269a627b081661df7b3cb_11.4.1"},"c:\\git\\bia\\src\\generators\\dom\\helpers\\noop.ts":{"path":"c:\\git\\bia\\src\\generators\\dom\\helpers\\noop.ts","statementMap":{"0":{"start":{"line":2,"column":0},"end":{"line":2,"column":62}},"1":{"start":{"line":3,"column":17},"end":{"line":3,"column":47}},"2":{"start":{"line":9,"column":0},"end":{"line":14,"column":3}}},"fnMap":{},"branchMap":{},"s":{"0":1,"1":1,"2":1},"f":{},"b":{},"_coverageSchema":"332fd63041d2c1bcb487cc26dd0d5f7d97098a6c","hash":"b078e642f3d008783babb6eac7ff96c62dd150c8","contentHash":"3218bf3f6026c9c3d06164528a18c822_11.4.1"},"c:\\git\\bia\\src\\generators\\dom\\helpers\\set_style.ts":{"path":"c:\\git\\bia\\src\\generators\\dom\\helpers\\set_style.ts","statementMap":{"0":{"start":{"line":2,"column":0},"end":{"line":2,"column":62}},"1":{"start":{"line":3,"column":17},"end":{"line":3,"column":47}},"2":{"start":{"line":9,"column":0},"end":{"line":16,"column":3}}},"fnMap":{},"branchMap":{},"s":{"0":1,"1":1,"2":1},"f":{},"b":{},"_coverageSchema":"332fd63041d2c1bcb487cc26dd0d5f7d97098a6c","hash":"d37b069d4709f5f8539a97be045725f51b43a41f","contentHash":"b4919de601d806ed6b6dc1d61ce0344a_11.4.1"},"c:\\git\\bia\\src\\generators\\dom\\helpers\\set_text.ts":{"path":"c:\\git\\bia\\src\\generators\\dom\\helpers\\set_text.ts","statementMap":{"0":{"start":{"line":2,"column":0},"end":{"line":2,"column":62}},"1":{"start":{"line":3,"column":17},"end":{"line":3,"column":47}},"2":{"start":{"line":9,"column":0},"end":{"line":16,"column":3}}},"fnMap":{},"branchMap":{},"s":{"0":1,"1":1,"2":1},"f":{},"b":{},"_coverageSchema":"332fd63041d2c1bcb487cc26dd0d5f7d97098a6c","hash":"085f2ac98ef92fdbbad63e6fa37443e6cadea396","contentHash":"6cf3cafd8bfb1362812f39406a02de56_11.4.1"},"c:\\git\\bia\\src\\generators\\dom\\processors\\static_classes.ts":{"path":"c:\\git\\bia\\src\\generators\\dom\\processors\\static_classes.ts","statementMap":{"0":{"start":{"line":2,"column":0},"end":{"line":2,"column":62}},"1":{"start":{"line":6,"column":15},"end":{"line":6,"column":47}},"2":{"start":{"line":7,"column":20},"end":{"line":7,"column":57}},"3":{"start":{"line":16,"column":4},"end":{"line":23,"column":5}},"4":{"start":{"line":19,"column":22},"end":{"line":19,"column":59}},"5":{"start":{"line":20,"column":22},"end":{"line":20,"column":57}},"6":{"start":{"line":22,"column":8},"end":{"line":22,"column":94}},"7":{"start":{"line":25,"column":0},"end":{"line":25,"column":26}}},"fnMap":{"0":{"name":"process","decl":{"start":{"line":15,"column":9},"end":{"line":15,"column":16}},"loc":{"start":{"line":15,"column":46},"end":{"line":24,"column":1}},"line":15}},"branchMap":{"0":{"loc":{"start":{"line":16,"column":4},"end":{"line":23,"column":5}},"type":"if","locations":[{"start":{"line":16,"column":4},"end":{"line":23,"column":5}},{"start":{"line":16,"column":4},"end":{"line":23,"column":5}}],"line":16},"1":{"loc":{"start":{"line":16,"column":8},"end":{"line":18,"column":44}},"type":"binary-expr","locations":[{"start":{"line":16,"column":8},"end":{"line":16,"column":48}},{"start":{"line":17,"column":8},"end":{"line":17,"column":78}},{"start":{"line":18,"column":8},"end":{"line":18,"column":44}}],"line":16}},"s":{"0":1,"1":1,"2":1,"3":53,"4":1,"5":1,"6":1,"7":1},"f":{"0":53},"b":{"0":[1,52],"1":[53,39,29]},"_coverageSchema":"332fd63041d2c1bcb487cc26dd0d5f7d97098a6c","hash":"670110970682ebac1e5b149ea7ae9c8c0a40d1e8","contentHash":"ea684a87b8e31767c4621141e1ad08af_11.4.1"},"c:\\git\\bia\\src\\generators\\dom\\processors\\static_text_nodes.ts":{"path":"c:\\git\\bia\\src\\generators\\dom\\processors\\static_text_nodes.ts","statementMap":{"0":{"start":{"line":2,"column":0},"end":{"line":2,"column":62}},"1":{"start":{"line":6,"column":15},"end":{"line":6,"column":47}},"2":{"start":{"line":7,"column":20},"end":{"line":7,"column":57}},"3":{"start":{"line":11,"column":14},"end":{"line":11,"column":41}},"4":{"start":{"line":17,"column":4},"end":{"line":21,"column":5}},"5":{"start":{"line":20,"column":8},"end":{"line":20,"column":15}},"6":{"start":{"line":22,"column":18},"end":{"line":22,"column":63}},"7":{"start":{"line":23,"column":24},"end":{"line":23,"column":68}},"8":{"start":{"line":25,"column":4},"end":{"line":25,"column":29}},"9":{"start":{"line":27,"column":4},"end":{"line":27,"column":39}},"10":{"start":{"line":28,"column":4},"end":{"line":28,"column":107}},"11":{"start":{"line":30,"column":4},"end":{"line":30,"column":39}},"12":{"start":{"line":31,"column":4},"end":{"line":31,"column":81}},"13":{"start":{"line":33,"column":0},"end":{"line":33,"column":26}}},"fnMap":{"0":{"name":"process","decl":{"start":{"line":15,"column":9},"end":{"line":15,"column":16}},"loc":{"start":{"line":15,"column":46},"end":{"line":32,"column":1}},"line":15}},"branchMap":{"0":{"loc":{"start":{"line":17,"column":4},"end":{"line":21,"column":5}},"type":"if","locations":[{"start":{"line":17,"column":4},"end":{"line":21,"column":5}},{"start":{"line":17,"column":4},"end":{"line":21,"column":5}}],"line":17},"1":{"loc":{"start":{"line":17,"column":8},"end":{"line":19,"column":77}},"type":"binary-expr","locations":[{"start":{"line":17,"column":8},"end":{"line":17,"column":46}},{"start":{"line":18,"column":8},"end":{"line":18,"column":75}},{"start":{"line":19,"column":8},"end":{"line":19,"column":77}}],"line":17}},"s":{"0":1,"1":1,"2":1,"3":1,"4":53,"5":52,"6":1,"7":1,"8":1,"9":1,"10":1,"11":1,"12":1,"13":1},"f":{"0":53},"b":{"0":[52,1],"1":[53,14,5]},"_coverageSchema":"332fd63041d2c1bcb487cc26dd0d5f7d97098a6c","hash":"01ee62aff7d15072741cecf049bf96aa7d4a8368","contentHash":"84992d3aa1efcab0d6a9460d9bad69e0_11.4.1"},"c:\\git\\bia\\src\\generators\\dom\\processors\\static_styles.ts":{"path":"c:\\git\\bia\\src\\generators\\dom\\processors\\static_styles.ts","statementMap":{"0":{"start":{"line":2,"column":0},"end":{"line":2,"column":62}},"1":{"start":{"line":6,"column":15},"end":{"line":6,"column":47}},"2":{"start":{"line":7,"column":20},"end":{"line":7,"column":57}},"3":{"start":{"line":11,"column":14},"end":{"line":11,"column":41}},"4":{"start":{"line":16,"column":4},"end":{"line":25,"column":5}},"5":{"start":{"line":19,"column":24},"end":{"line":19,"column":61}},"6":{"start":{"line":20,"column":8},"end":{"line":20,"column":41}},"7":{"start":{"line":21,"column":8},"end":{"line":24,"column":11}},"8":{"start":{"line":22,"column":24},"end":{"line":22,"column":53}},"9":{"start":{"line":23,"column":12},"end":{"line":23,"column":134}},"10":{"start":{"line":27,"column":0},"end":{"line":27,"column":26}}},"fnMap":{"0":{"name":"process","decl":{"start":{"line":15,"column":9},"end":{"line":15,"column":16}},"loc":{"start":{"line":15,"column":46},"end":{"line":26,"column":1}},"line":15},"1":{"name":"(anonymous_1)","decl":{"start":{"line":21,"column":54},"end":{"line":21,"column":55}},"loc":{"start":{"line":21,"column":69},"end":{"line":24,"column":9}},"line":21}},"branchMap":{"0":{"loc":{"start":{"line":16,"column":4},"end":{"line":25,"column":5}},"type":"if","locations":[{"start":{"line":16,"column":4},"end":{"line":25,"column":5}},{"start":{"line":16,"column":4},"end":{"line":25,"column":5}}],"line":16},"1":{"loc":{"start":{"line":16,"column":8},"end":{"line":18,"column":56}},"type":"binary-expr","locations":[{"start":{"line":16,"column":8},"end":{"line":16,"column":48}},{"start":{"line":17,"column":8},"end":{"line":17,"column":78}},{"start":{"line":18,"column":8},"end":{"line":18,"column":56}}],"line":16}},"s":{"0":1,"1":1,"2":1,"3":1,"4":53,"5":1,"6":1,"7":1,"8":1,"9":1,"10":1},"f":{"0":53,"1":1},"b":{"0":[1,52],"1":[53,39,29]},"_coverageSchema":"332fd63041d2c1bcb487cc26dd0d5f7d97098a6c","hash":"e2f64bb6062f917d8dc445dc874a98d316151839","contentHash":"2d6ede89172d852d31ad2df9b9eff6d5_11.4.1"},"c:\\git\\bia\\src\\generators\\dom\\fragment\\JsFragment.ts":{"path":"c:\\git\\bia\\src\\generators\\dom\\fragment\\JsFragment.ts","statementMap":{"0":{"start":{"line":2,"column":16},"end":{"line":11,"column":4}},"1":{"start":{"line":3,"column":24},"end":{"line":5,"column":82}},"2":{"start":{"line":4,"column":65},"end":{"line":4,"column":81}},"3":{"start":{"line":5,"column":26},"end":{"line":5,"column":80}},"4":{"start":{"line":5,"column":43},"end":{"line":5,"column":80}},"5":{"start":{"line":5,"column":68},"end":{"line":5,"column":80}},"6":{"start":{"line":6,"column":4},"end":{"line":10,"column":6}},"7":{"start":{"line":7,"column":8},"end":{"line":7,"column":28}},"8":{"start":{"line":8,"column":24},"end":{"line":8,"column":45}},"9":{"start":{"line":9,"column":8},"end":{"line":9,"column":93}},"10":{"start":{"line":12,"column":0},"end":{"line":12,"column":62}},"11":{"start":{"line":13,"column":14},"end":{"line":13,"column":41}},"12":{"start":{"line":14,"column":32},"end":{"line":50,"column":21}},"13":{"start":{"line":15,"column":4},"end":{"line":15,"column":34}},"14":{"start":{"line":20,"column":20},"end":{"line":20,"column":54}},"15":{"start":{"line":21,"column":8},"end":{"line":21,"column":42}},"16":{"start":{"line":22,"column":8},"end":{"line":22,"column":33}},"17":{"start":{"line":23,"column":8},"end":{"line":23,"column":40}},"18":{"start":{"line":24,"column":8},"end":{"line":24,"column":66}},"19":{"start":{"line":25,"column":8},"end":{"line":25,"column":68}},"20":{"start":{"line":26,"column":8},"end":{"line":26,"column":68}},"21":{"start":{"line":27,"column":8},"end":{"line":30,"column":11}},"22":{"start":{"line":31,"column":8},"end":{"line":31,"column":68}},"23":{"start":{"line":32,"column":8},"end":{"line":32,"column":66}},"24":{"start":{"line":33,"column":8},"end":{"line":44,"column":11}},"25":{"start":{"line":45,"column":8},"end":{"line":45,"column":33}},"26":{"start":{"line":46,"column":8},"end":{"line":46,"column":38}},"27":{"start":{"line":47,"column":8},"end":{"line":47,"column":21}},"28":{"start":{"line":49,"column":4},"end":{"line":49,"column":22}},"29":{"start":{"line":51,"column":0},"end":{"line":51,"column":32}}},"fnMap":{"0":{"name":"(anonymous_0)","decl":{"start":{"line":2,"column":45},"end":{"line":2,"column":46}},"loc":{"start":{"line":2,"column":57},"end":{"line":11,"column":1}},"line":2},"1":{"name":"(anonymous_1)","decl":{"start":{"line":4,"column":47},"end":{"line":4,"column":48}},"loc":{"start":{"line":4,"column":63},"end":{"line":4,"column":83}},"line":4},"2":{"name":"(anonymous_2)","decl":{"start":{"line":5,"column":8},"end":{"line":5,"column":9}},"loc":{"start":{"line":5,"column":24},"end":{"line":5,"column":82}},"line":5},"3":{"name":"(anonymous_3)","decl":{"start":{"line":6,"column":11},"end":{"line":6,"column":12}},"loc":{"start":{"line":6,"column":27},"end":{"line":10,"column":5}},"line":6},"4":{"name":"__","decl":{"start":{"line":8,"column":17},"end":{"line":8,"column":19}},"loc":{"start":{"line":8,"column":22},"end":{"line":8,"column":47}},"line":8},"5":{"name":"(anonymous_5)","decl":{"start":{"line":14,"column":32},"end":{"line":14,"column":33}},"loc":{"start":{"line":14,"column":50},"end":{"line":50,"column":1}},"line":14},"6":{"name":"JsFragment","decl":{"start":{"line":19,"column":13},"end":{"line":19,"column":23}},"loc":{"start":{"line":19,"column":33},"end":{"line":48,"column":5}},"line":19}},"branchMap":{"0":{"loc":{"start":{"line":2,"column":16},"end":{"line":11,"column":4}},"type":"binary-expr","locations":[{"start":{"line":2,"column":17},"end":{"line":2,"column":21}},{"start":{"line":2,"column":25},"end":{"line":2,"column":39}},{"start":{"line":2,"column":44},"end":{"line":11,"column":4}}],"line":2},"1":{"loc":{"start":{"line":3,"column":24},"end":{"line":5,"column":82}},"type":"binary-expr","locations":[{"start":{"line":3,"column":24},"end":{"line":3,"column":45}},{"start":{"line":4,"column":9},"end":{"line":4,"column":43}},{"start":{"line":4,"column":47},"end":{"line":4,"column":83}},{"start":{"line":5,"column":8},"end":{"line":5,"column":82}}],"line":3},"2":{"loc":{"start":{"line":5,"column":43},"end":{"line":5,"column":80}},"type":"if","locations":[{"start":{"line":5,"column":43},"end":{"line":5,"column":80}},{"start":{"line":5,"column":43},"end":{"line":5,"column":80}}],"line":5},"3":{"loc":{"start":{"line":9,"column":22},"end":{"line":9,"column":92}},"type":"cond-expr","locations":[{"start":{"line":9,"column":35},"end":{"line":9,"column":51}},{"start":{"line":9,"column":55},"end":{"line":9,"column":91}}],"line":9},"4":{"loc":{"start":{"line":20,"column":20},"end":{"line":20,"column":54}},"type":"binary-expr","locations":[{"start":{"line":20,"column":20},"end":{"line":20,"column":46}},{"start":{"line":20,"column":50},"end":{"line":20,"column":54}}],"line":20}},"s":{"0":1,"1":1,"2":0,"3":0,"4":0,"5":0,"6":1,"7":1,"8":1,"9":1,"10":1,"11":1,"12":1,"13":1,"14":20,"15":20,"16":20,"17":20,"18":20,"19":20,"20":20,"21":20,"22":20,"23":20,"24":20,"25":20,"26":20,"27":20,"28":1,"29":1},"f":{"0":1,"1":0,"2":0,"3":1,"4":1,"5":1,"6":20},"b":{"0":[1,1,1],"1":[1,0,0,0],"2":[0,0],"3":[0,1],"4":[20,0]},"_coverageSchema":"332fd63041d2c1bcb487cc26dd0d5f7d97098a6c","hash":"a9bd69cce99e55b2ecee655318202d29dec30e00","contentHash":"358803d94fdf2b954d8b66da73c02d7c_11.4.1"}}