{"c:\\git\\bia\\build\\compile_fixtures.ts":{"path":"c:\\git\\bia\\build\\compile_fixtures.ts","statementMap":{"0":{"start":{"line":1,"column":14},"end":{"line":1,"column":30}},"1":{"start":{"line":2,"column":11},"end":{"line":2,"column":24}},"2":{"start":{"line":3,"column":13},"end":{"line":3,"column":28}},"3":{"start":{"line":4,"column":13},"end":{"line":4,"column":28}},"4":{"start":{"line":8,"column":0},"end":{"line":8,"column":55}},"5":{"start":{"line":9,"column":0},"end":{"line":9,"column":15}},"6":{"start":{"line":12,"column":14},"end":{"line":12,"column":15}},"7":{"start":{"line":13,"column":13},"end":{"line":13,"column":14}},"8":{"start":{"line":16,"column":0},"end":{"line":39,"column":3}},"9":{"start":{"line":17,"column":21},"end":{"line":17,"column":40}},"10":{"start":{"line":18,"column":17},"end":{"line":18,"column":45}},"11":{"start":{"line":19,"column":20},"end":{"line":19,"column":38}},"12":{"start":{"line":21,"column":19},"end":{"line":21,"column":48}},"13":{"start":{"line":23,"column":4},"end":{"line":37,"column":5}},"14":{"start":{"line":24,"column":25},"end":{"line":28,"column":10}},"15":{"start":{"line":30,"column":8},"end":{"line":30,"column":78}},"16":{"start":{"line":31,"column":8},"end":{"line":31,"column":86}},"17":{"start":{"line":32,"column":8},"end":{"line":32,"column":18}},"18":{"start":{"line":34,"column":8},"end":{"line":34,"column":51}},"19":{"start":{"line":35,"column":8},"end":{"line":35,"column":53}},"20":{"start":{"line":36,"column":8},"end":{"line":36,"column":17}},"21":{"start":{"line":38,"column":4},"end":{"line":38,"column":19}},"22":{"start":{"line":42,"column":0},"end":{"line":42,"column":119}}},"fnMap":{"0":{"name":"(anonymous_0)","decl":{"start":{"line":16,"column":63},"end":{"line":16,"column":64}},"loc":{"start":{"line":16,"column":71},"end":{"line":39,"column":1}},"line":16}},"branchMap":{},"s":{"0":0,"1":0,"2":0,"3":0,"4":0,"5":0,"6":0,"7":0,"8":0,"9":0,"10":0,"11":0,"12":0,"13":0,"14":0,"15":0,"16":0,"17":0,"18":0,"19":0,"20":0,"21":0,"22":0},"f":{"0":0},"b":{}},"c:\\git\\bia\\rollup.config.js":{"path":"c:\\git\\bia\\rollup.config.js","statementMap":{"0":{"start":{"line":7,"column":12},"end":{"line":7,"column":31}},"1":{"start":{"line":18,"column":20},"end":{"line":25,"column":21}},"2":{"start":{"line":24,"column":24},"end":{"line":24,"column":86}}},"fnMap":{},"branchMap":{"0":{"loc":{"start":{"line":18,"column":20},"end":{"line":25,"column":21}},"type":"if","locations":[{"start":{"line":18,"column":20},"end":{"line":25,"column":21}},{"start":{"line":18,"column":20},"end":{"line":25,"column":21}}],"line":18},"1":{"loc":{"start":{"line":19,"column":24},"end":{"line":22,"column":53}},"type":"binary-expr","locations":[{"start":{"line":19,"column":24},"end":{"line":19,"column":32}},{"start":{"line":20,"column":24},"end":{"line":20,"column":48}},{"start":{"line":21,"column":24},"end":{"line":21,"column":43}},{"start":{"line":22,"column":24},"end":{"line":22,"column":53}}],"line":19}},"s":{"0":0,"1":0,"2":0},"f":{},"b":{"0":[0,0],"1":[0,0,0,0]}},"c:\\git\\bia\\src\\generators\\code\\index.ts":{"path":"c:\\git\\bia\\src\\generators\\code\\index.ts","statementMap":{},"fnMap":{},"branchMap":{},"s":{},"f":{},"b":{}},"c:\\git\\bia\\src\\generators\\dom\\dom.ts":{"path":"c:\\git\\bia\\src\\generators\\dom\\dom.ts","statementMap":{"0":{"start":{"line":13,"column":17},"end":{"line":13,"column":27}},"1":{"start":{"line":14,"column":45},"end":{"line":14,"column":47}},"2":{"start":{"line":17,"column":4},"end":{"line":17,"column":49}},"3":{"start":{"line":20,"column":25},"end":{"line":20,"column":97}},"4":{"start":{"line":23,"column":4},"end":{"line":23,"column":64}},"5":{"start":{"line":25,"column":4},"end":{"line":25,"column":23}},"6":{"start":{"line":26,"column":4},"end":{"line":26,"column":31}},"7":{"start":{"line":30,"column":4},"end":{"line":33,"column":7}},"8":{"start":{"line":31,"column":8},"end":{"line":31,"column":27}},"9":{"start":{"line":32,"column":8},"end":{"line":32,"column":29}},"10":{"start":{"line":36,"column":4},"end":{"line":36,"column":23}},"11":{"start":{"line":37,"column":4},"end":{"line":37,"column":39}},"12":{"start":{"line":40,"column":4},"end":{"line":40,"column":23}},"13":{"start":{"line":41,"column":4},"end":{"line":41,"column":34}},"14":{"start":{"line":44,"column":4},"end":{"line":44,"column":41}},"15":{"start":{"line":46,"column":4},"end":{"line":46,"column":27}},"16":{"start":{"line":57,"column":24},"end":{"line":60,"column":6}},"17":{"start":{"line":63,"column":4},"end":{"line":63,"column":71}},"18":{"start":{"line":64,"column":4},"end":{"line":64,"column":29}},"19":{"start":{"line":67,"column":4},"end":{"line":73,"column":8}},"20":{"start":{"line":75,"column":4},"end":{"line":75,"column":23}},"21":{"start":{"line":86,"column":4},"end":{"line":86,"column":22}},"22":{"start":{"line":89,"column":4},"end":{"line":96,"column":5}},"23":{"start":{"line":90,"column":8},"end":{"line":90,"column":47}},"24":{"start":{"line":94,"column":9},"end":{"line":96,"column":5}},"25":{"start":{"line":95,"column":8},"end":{"line":95,"column":55}},"26":{"start":{"line":109,"column":21},"end":{"line":109,"column":49}},"27":{"start":{"line":111,"column":4},"end":{"line":111,"column":57}},"28":{"start":{"line":113,"column":4},"end":{"line":113,"column":49}},"29":{"start":{"line":115,"column":4},"end":{"line":115,"column":20}},"30":{"start":{"line":129,"column":4},"end":{"line":133,"column":7}},"31":{"start":{"line":130,"column":8},"end":{"line":132,"column":9}},"32":{"start":{"line":131,"column":12},"end":{"line":131,"column":52}},"33":{"start":{"line":139,"column":4},"end":{"line":143,"column":7}},"34":{"start":{"line":140,"column":8},"end":{"line":142,"column":9}},"35":{"start":{"line":141,"column":12},"end":{"line":141,"column":109}},"36":{"start":{"line":146,"column":4},"end":{"line":154,"column":5}},"37":{"start":{"line":147,"column":8},"end":{"line":147,"column":27}},"38":{"start":{"line":148,"column":8},"end":{"line":148,"column":36}},"39":{"start":{"line":149,"column":8},"end":{"line":149,"column":58}},"40":{"start":{"line":150,"column":8},"end":{"line":150,"column":58}},"41":{"start":{"line":153,"column":8},"end":{"line":153,"column":86}},"42":{"start":{"line":153,"column":39},"end":{"line":153,"column":84}},"43":{"start":{"line":158,"column":4},"end":{"line":162,"column":7}},"44":{"start":{"line":159,"column":8},"end":{"line":161,"column":9}},"45":{"start":{"line":160,"column":12},"end":{"line":160,"column":56}}},"fnMap":{"0":{"name":"(anonymous_0)","decl":{"start":{"line":12,"column":15},"end":{"line":12,"column":16}},"loc":{"start":{"line":12,"column":71},"end":{"line":47,"column":1}},"line":12},"1":{"name":"(anonymous_1)","decl":{"start":{"line":30,"column":25},"end":{"line":30,"column":26}},"loc":{"start":{"line":30,"column":35},"end":{"line":33,"column":5}},"line":30},"2":{"name":"constructorFn","decl":{"start":{"line":56,"column":9},"end":{"line":56,"column":22}},"loc":{"start":{"line":56,"column":70},"end":{"line":76,"column":1}},"line":56},"3":{"name":"appendExportStatement","decl":{"start":{"line":85,"column":9},"end":{"line":85,"column":30}},"loc":{"start":{"line":85,"column":70},"end":{"line":97,"column":1}},"line":85},"4":{"name":"createFragment","decl":{"start":{"line":108,"column":16},"end":{"line":108,"column":30}},"loc":{"start":{"line":108,"column":107},"end":{"line":116,"column":1}},"line":108},"5":{"name":"processNode","decl":{"start":{"line":126,"column":16},"end":{"line":126,"column":27}},"loc":{"start":{"line":126,"column":116},"end":{"line":163,"column":1}},"line":126},"6":{"name":"(anonymous_6)","decl":{"start":{"line":129,"column":23},"end":{"line":129,"column":24}},"loc":{"start":{"line":129,"column":52},"end":{"line":133,"column":5}},"line":129},"7":{"name":"(anonymous_7)","decl":{"start":{"line":139,"column":23},"end":{"line":139,"column":24}},"loc":{"start":{"line":139,"column":52},"end":{"line":143,"column":5}},"line":139},"8":{"name":"(anonymous_8)","decl":{"start":{"line":153,"column":30},"end":{"line":153,"column":31}},"loc":{"start":{"line":153,"column":39},"end":{"line":153,"column":84}},"line":153},"9":{"name":"(anonymous_9)","decl":{"start":{"line":158,"column":23},"end":{"line":158,"column":24}},"loc":{"start":{"line":158,"column":52},"end":{"line":162,"column":5}},"line":158}},"branchMap":{"0":{"loc":{"start":{"line":89,"column":4},"end":{"line":96,"column":5}},"type":"if","locations":[{"start":{"line":89,"column":4},"end":{"line":96,"column":5}},{"start":{"line":89,"column":4},"end":{"line":96,"column":5}}],"line":89},"1":{"loc":{"start":{"line":94,"column":9},"end":{"line":96,"column":5}},"type":"if","locations":[{"start":{"line":94,"column":9},"end":{"line":96,"column":5}},{"start":{"line":94,"column":9},"end":{"line":96,"column":5}}],"line":94},"2":{"loc":{"start":{"line":130,"column":8},"end":{"line":132,"column":9}},"type":"if","locations":[{"start":{"line":130,"column":8},"end":{"line":132,"column":9}},{"start":{"line":130,"column":8},"end":{"line":132,"column":9}}],"line":130},"3":{"loc":{"start":{"line":140,"column":8},"end":{"line":142,"column":9}},"type":"if","locations":[{"start":{"line":140,"column":8},"end":{"line":142,"column":9}},{"start":{"line":140,"column":8},"end":{"line":142,"column":9}}],"line":140},"4":{"loc":{"start":{"line":141,"column":28},"end":{"line":141,"column":108}},"type":"binary-expr","locations":[{"start":{"line":141,"column":28},"end":{"line":141,"column":91}},{"start":{"line":141,"column":95},"end":{"line":141,"column":108}}],"line":141},"5":{"loc":{"start":{"line":146,"column":4},"end":{"line":154,"column":5}},"type":"if","locations":[{"start":{"line":146,"column":4},"end":{"line":154,"column":5}},{"start":{"line":146,"column":4},"end":{"line":154,"column":5}}],"line":146},"6":{"loc":{"start":{"line":159,"column":8},"end":{"line":161,"column":9}},"type":"if","locations":[{"start":{"line":159,"column":8},"end":{"line":161,"column":9}},{"start":{"line":159,"column":8},"end":{"line":161,"column":9}}],"line":159}},"s":{"0":0,"1":0,"2":0,"3":0,"4":0,"5":0,"6":0,"7":0,"8":0,"9":0,"10":0,"11":0,"12":0,"13":0,"14":0,"15":0,"16":0,"17":0,"18":0,"19":0,"20":0,"21":0,"22":0,"23":0,"24":0,"25":0,"26":0,"27":0,"28":0,"29":0,"30":0,"31":0,"32":0,"33":0,"34":0,"35":0,"36":0,"37":0,"38":0,"39":0,"40":0,"41":0,"42":0,"43":0,"44":0,"45":0},"f":{"0":0,"1":0,"2":0,"3":0,"4":0,"5":0,"6":0,"7":0,"8":0,"9":0},"b":{"0":[0,0],"1":[0,0],"2":[0,0],"3":[0,0],"4":[0,0],"5":[0,0],"6":[0,0]}},"c:\\git\\bia\\src\\generators\\dom\\helpers\\append_node.ts":{"path":"c:\\git\\bia\\src\\generators\\dom\\helpers\\append_node.ts","statementMap":{},"fnMap":{},"branchMap":{},"s":{},"f":{},"b":{}},"c:\\git\\bia\\src\\generators\\dom\\helpers\\create_element.ts":{"path":"c:\\git\\bia\\src\\generators\\dom\\helpers\\create_element.ts","statementMap":{},"fnMap":{},"branchMap":{},"s":{},"f":{},"b":{}},"c:\\git\\bia\\src\\generators\\dom\\helpers\\create_text.ts":{"path":"c:\\git\\bia\\src\\generators\\dom\\helpers\\create_text.ts","statementMap":{},"fnMap":{},"branchMap":{},"s":{},"f":{},"b":{}},"c:\\git\\bia\\src\\generators\\dom\\helpers\\detach_node.ts":{"path":"c:\\git\\bia\\src\\generators\\dom\\helpers\\detach_node.ts","statementMap":{},"fnMap":{},"branchMap":{},"s":{},"f":{},"b":{}},"c:\\git\\bia\\src\\generators\\dom\\helpers\\index.ts":{"path":"c:\\git\\bia\\src\\generators\\dom\\helpers\\index.ts","statementMap":{},"fnMap":{},"branchMap":{},"s":{},"f":{},"b":{}},"c:\\git\\bia\\src\\generators\\dom\\helpers\\insert_node.ts":{"path":"c:\\git\\bia\\src\\generators\\dom\\helpers\\insert_node.ts","statementMap":{},"fnMap":{},"branchMap":{},"s":{},"f":{},"b":{}},"c:\\git\\bia\\src\\generators\\dom\\helpers\\noop.ts":{"path":"c:\\git\\bia\\src\\generators\\dom\\helpers\\noop.ts","statementMap":{},"fnMap":{},"branchMap":{},"s":{},"f":{},"b":{}},"c:\\git\\bia\\src\\generators\\dom\\helpers\\set_style.ts":{"path":"c:\\git\\bia\\src\\generators\\dom\\helpers\\set_style.ts","statementMap":{},"fnMap":{},"branchMap":{},"s":{},"f":{},"b":{}},"c:\\git\\bia\\src\\generators\\dom\\helpers\\set_text.ts":{"path":"c:\\git\\bia\\src\\generators\\dom\\helpers\\set_text.ts","statementMap":{},"fnMap":{},"branchMap":{},"s":{},"f":{},"b":{}},"c:\\git\\bia\\src\\generators\\dom\\processors\\conditionals.ts":{"path":"c:\\git\\bia\\src\\generators\\dom\\processors\\conditionals.ts","statementMap":{"0":{"start":{"line":27,"column":22},"end":{"line":27,"column":53}},"1":{"start":{"line":28,"column":22},"end":{"line":28,"column":67}},"2":{"start":{"line":31,"column":4},"end":{"line":35,"column":5}},"3":{"start":{"line":32,"column":8},"end":{"line":32,"column":57}},"4":{"start":{"line":34,"column":8},"end":{"line":34,"column":83}},"5":{"start":{"line":37,"column":4},"end":{"line":37,"column":11}},"6":{"start":{"line":50,"column":22},"end":{"line":50,"column":53}},"7":{"start":{"line":52,"column":4},"end":{"line":54,"column":5}},"8":{"start":{"line":53,"column":8},"end":{"line":53,"column":72}},"9":{"start":{"line":72,"column":22},"end":{"line":72,"column":67}},"10":{"start":{"line":73,"column":28},"end":{"line":73,"column":49}},"11":{"start":{"line":74,"column":21},"end":{"line":74,"column":65}},"12":{"start":{"line":77,"column":4},"end":{"line":77,"column":100}},"13":{"start":{"line":80,"column":4},"end":{"line":80,"column":66}},"14":{"start":{"line":83,"column":4},"end":{"line":83,"column":81}}},"fnMap":{"0":{"name":"createChildFragments","decl":{"start":{"line":26,"column":16},"end":{"line":26,"column":36}},"loc":{"start":{"line":26,"column":132},"end":{"line":38,"column":1}},"line":26},"1":{"name":"process","decl":{"start":{"line":47,"column":16},"end":{"line":47,"column":23}},"loc":{"start":{"line":47,"column":85},"end":{"line":55,"column":1}},"line":47},"2":{"name":"postProcess","decl":{"start":{"line":64,"column":16},"end":{"line":64,"column":27}},"loc":{"start":{"line":64,"column":89},"end":{"line":66,"column":1}},"line":64},"3":{"name":"createStandAloneIfBlock","decl":{"start":{"line":71,"column":9},"end":{"line":71,"column":32}},"loc":{"start":{"line":71,"column":126},"end":{"line":84,"column":1}},"line":71}},"branchMap":{"0":{"loc":{"start":{"line":31,"column":4},"end":{"line":35,"column":5}},"type":"if","locations":[{"start":{"line":31,"column":4},"end":{"line":35,"column":5}},{"start":{"line":31,"column":4},"end":{"line":35,"column":5}}],"line":31},"1":{"loc":{"start":{"line":52,"column":4},"end":{"line":54,"column":5}},"type":"if","locations":[{"start":{"line":52,"column":4},"end":{"line":54,"column":5}},{"start":{"line":52,"column":4},"end":{"line":54,"column":5}}],"line":52}},"s":{"0":0,"1":0,"2":0,"3":0,"4":0,"5":0,"6":0,"7":0,"8":0,"9":0,"10":0,"11":0,"12":0,"13":0,"14":0},"f":{"0":0,"1":0,"2":0,"3":0},"b":{"0":[0,0],"1":[0,0]}},"c:\\git\\bia\\src\\generators\\dom\\processors\\element.ts":{"path":"c:\\git\\bia\\src\\generators\\dom\\processors\\element.ts","statementMap":{"0":{"start":{"line":36,"column":4},"end":{"line":47,"column":5}},"1":{"start":{"line":37,"column":8},"end":{"line":37,"column":55}},"2":{"start":{"line":41,"column":9},"end":{"line":47,"column":5}},"3":{"start":{"line":46,"column":8},"end":{"line":46,"column":57}},"4":{"start":{"line":55,"column":4},"end":{"line":58,"column":5}},"5":{"start":{"line":56,"column":8},"end":{"line":56,"column":53}},"6":{"start":{"line":57,"column":8},"end":{"line":57,"column":55}},"7":{"start":{"line":65,"column":4},"end":{"line":67,"column":5}},"8":{"start":{"line":66,"column":8},"end":{"line":66,"column":44}},"9":{"start":{"line":74,"column":20},"end":{"line":74,"column":46}},"10":{"start":{"line":75,"column":15},"end":{"line":75,"column":54}},"11":{"start":{"line":78,"column":4},"end":{"line":78,"column":24}},"12":{"start":{"line":81,"column":4},"end":{"line":81,"column":34}},"13":{"start":{"line":82,"column":4},"end":{"line":82,"column":67}},"14":{"start":{"line":85,"column":4},"end":{"line":99,"column":5}},"15":{"start":{"line":86,"column":8},"end":{"line":86,"column":32}},"16":{"start":{"line":87,"column":8},"end":{"line":87,"column":93}},"17":{"start":{"line":90,"column":8},"end":{"line":90,"column":67}},"18":{"start":{"line":94,"column":9},"end":{"line":99,"column":5}},"19":{"start":{"line":95,"column":8},"end":{"line":95,"column":81}},"20":{"start":{"line":98,"column":8},"end":{"line":98,"column":79}},"21":{"start":{"line":98,"column":32},"end":{"line":98,"column":77}},"22":{"start":{"line":102,"column":4},"end":{"line":102,"column":31}},"23":{"start":{"line":103,"column":4},"end":{"line":103,"column":64}},"24":{"start":{"line":106,"column":4},"end":{"line":106,"column":31}},"25":{"start":{"line":107,"column":4},"end":{"line":107,"column":50}},"26":{"start":{"line":114,"column":20},"end":{"line":114,"column":46}},"27":{"start":{"line":115,"column":20},"end":{"line":115,"column":59}},"28":{"start":{"line":116,"column":26},"end":{"line":116,"column":63}},"29":{"start":{"line":118,"column":4},"end":{"line":118,"column":29}},"30":{"start":{"line":121,"column":4},"end":{"line":121,"column":34}},"31":{"start":{"line":122,"column":4},"end":{"line":122,"column":72}},"32":{"start":{"line":125,"column":4},"end":{"line":139,"column":5}},"33":{"start":{"line":126,"column":8},"end":{"line":126,"column":32}},"34":{"start":{"line":127,"column":8},"end":{"line":127,"column":98}},"35":{"start":{"line":130,"column":8},"end":{"line":130,"column":67}},"36":{"start":{"line":134,"column":9},"end":{"line":139,"column":5}},"37":{"start":{"line":135,"column":8},"end":{"line":135,"column":86}},"38":{"start":{"line":138,"column":8},"end":{"line":138,"column":79}},"39":{"start":{"line":138,"column":32},"end":{"line":138,"column":77}},"40":{"start":{"line":142,"column":4},"end":{"line":142,"column":31}},"41":{"start":{"line":143,"column":4},"end":{"line":143,"column":70}},"42":{"start":{"line":150,"column":20},"end":{"line":150,"column":46}},"43":{"start":{"line":151,"column":15},"end":{"line":151,"column":54}},"44":{"start":{"line":153,"column":4},"end":{"line":153,"column":44}}},"fnMap":{"0":{"name":"process","decl":{"start":{"line":34,"column":16},"end":{"line":34,"column":23}},"loc":{"start":{"line":34,"column":85},"end":{"line":48,"column":1}},"line":34},"1":{"name":"postProcess","decl":{"start":{"line":53,"column":16},"end":{"line":53,"column":27}},"loc":{"start":{"line":53,"column":89},"end":{"line":59,"column":1}},"line":53},"2":{"name":"hydrateFragment","decl":{"start":{"line":64,"column":9},"end":{"line":64,"column":24}},"loc":{"start":{"line":64,"column":79},"end":{"line":68,"column":1}},"line":64},"3":{"name":"manageRootElement","decl":{"start":{"line":73,"column":9},"end":{"line":73,"column":26}},"loc":{"start":{"line":73,"column":81},"end":{"line":108,"column":1}},"line":73},"4":{"name":"(anonymous_4)","decl":{"start":{"line":98,"column":27},"end":{"line":98,"column":28}},"loc":{"start":{"line":98,"column":32},"end":{"line":98,"column":77}},"line":98},"5":{"name":"manageStaticElement","decl":{"start":{"line":113,"column":9},"end":{"line":113,"column":28}},"loc":{"start":{"line":113,"column":83},"end":{"line":144,"column":1}},"line":113},"6":{"name":"(anonymous_6)","decl":{"start":{"line":138,"column":27},"end":{"line":138,"column":28}},"loc":{"start":{"line":138,"column":32},"end":{"line":138,"column":77}},"line":138},"7":{"name":"returnRootElement","decl":{"start":{"line":149,"column":9},"end":{"line":149,"column":26}},"loc":{"start":{"line":149,"column":81},"end":{"line":154,"column":1}},"line":149}},"branchMap":{"0":{"loc":{"start":{"line":36,"column":4},"end":{"line":47,"column":5}},"type":"if","locations":[{"start":{"line":36,"column":4},"end":{"line":47,"column":5}},{"start":{"line":36,"column":4},"end":{"line":47,"column":5}}],"line":36},"1":{"loc":{"start":{"line":41,"column":9},"end":{"line":47,"column":5}},"type":"if","locations":[{"start":{"line":41,"column":9},"end":{"line":47,"column":5}},{"start":{"line":41,"column":9},"end":{"line":47,"column":5}}],"line":41},"2":{"loc":{"start":{"line":42,"column":8},"end":{"line":44,"column":64}},"type":"binary-expr","locations":[{"start":{"line":42,"column":8},"end":{"line":42,"column":34}},{"start":{"line":43,"column":8},"end":{"line":43,"column":45}},{"start":{"line":44,"column":8},"end":{"line":44,"column":64}}],"line":42},"3":{"loc":{"start":{"line":55,"column":4},"end":{"line":58,"column":5}},"type":"if","locations":[{"start":{"line":55,"column":4},"end":{"line":58,"column":5}},{"start":{"line":55,"column":4},"end":{"line":58,"column":5}}],"line":55},"4":{"loc":{"start":{"line":65,"column":4},"end":{"line":67,"column":5}},"type":"if","locations":[{"start":{"line":65,"column":4},"end":{"line":67,"column":5}},{"start":{"line":65,"column":4},"end":{"line":67,"column":5}}],"line":65},"5":{"loc":{"start":{"line":85,"column":4},"end":{"line":99,"column":5}},"type":"if","locations":[{"start":{"line":85,"column":4},"end":{"line":99,"column":5}},{"start":{"line":85,"column":4},"end":{"line":99,"column":5}}],"line":85},"6":{"loc":{"start":{"line":94,"column":9},"end":{"line":99,"column":5}},"type":"if","locations":[{"start":{"line":94,"column":9},"end":{"line":99,"column":5}},{"start":{"line":94,"column":9},"end":{"line":99,"column":5}}],"line":94},"7":{"loc":{"start":{"line":94,"column":13},"end":{"line":94,"column":66}},"type":"binary-expr","locations":[{"start":{"line":94,"column":13},"end":{"line":94,"column":37}},{"start":{"line":94,"column":41},"end":{"line":94,"column":66}}],"line":94},"8":{"loc":{"start":{"line":125,"column":4},"end":{"line":139,"column":5}},"type":"if","locations":[{"start":{"line":125,"column":4},"end":{"line":139,"column":5}},{"start":{"line":125,"column":4},"end":{"line":139,"column":5}}],"line":125},"9":{"loc":{"start":{"line":134,"column":9},"end":{"line":139,"column":5}},"type":"if","locations":[{"start":{"line":134,"column":9},"end":{"line":139,"column":5}},{"start":{"line":134,"column":9},"end":{"line":139,"column":5}}],"line":134},"10":{"loc":{"start":{"line":134,"column":13},"end":{"line":134,"column":66}},"type":"binary-expr","locations":[{"start":{"line":134,"column":13},"end":{"line":134,"column":37}},{"start":{"line":134,"column":41},"end":{"line":134,"column":66}}],"line":134}},"s":{"0":0,"1":0,"2":0,"3":0,"4":0,"5":0,"6":0,"7":0,"8":0,"9":0,"10":0,"11":0,"12":0,"13":0,"14":0,"15":0,"16":0,"17":0,"18":0,"19":0,"20":0,"21":0,"22":0,"23":0,"24":0,"25":0,"26":0,"27":0,"28":0,"29":0,"30":0,"31":0,"32":0,"33":0,"34":0,"35":0,"36":0,"37":0,"38":0,"39":0,"40":0,"41":0,"42":0,"43":0,"44":0},"f":{"0":0,"1":0,"2":0,"3":0,"4":0,"5":0,"6":0,"7":0},"b":{"0":[0,0],"1":[0,0],"2":[0,0,0],"3":[0,0],"4":[0,0],"5":[0,0],"6":[0,0],"7":[0,0],"8":[0,0],"9":[0,0],"10":[0,0]}},"c:\\git\\bia\\src\\generators\\dom\\processors\\index.ts":{"path":"c:\\git\\bia\\src\\generators\\dom\\processors\\index.ts","statementMap":{},"fnMap":{},"branchMap":{},"s":{},"f":{},"b":{}},"c:\\git\\bia\\src\\generators\\dom\\processors\\static_classes.ts":{"path":"c:\\git\\bia\\src\\generators\\dom\\processors\\static_classes.ts","statementMap":{"0":{"start":{"line":20,"column":4},"end":{"line":30,"column":5}},"1":{"start":{"line":25,"column":24},"end":{"line":25,"column":61}},"2":{"start":{"line":26,"column":24},"end":{"line":26,"column":59}},"3":{"start":{"line":29,"column":8},"end":{"line":29,"column":80}}},"fnMap":{"0":{"name":"process","decl":{"start":{"line":19,"column":16},"end":{"line":19,"column":23}},"loc":{"start":{"line":19,"column":85},"end":{"line":31,"column":1}},"line":19}},"branchMap":{"0":{"loc":{"start":{"line":20,"column":4},"end":{"line":30,"column":5}},"type":"if","locations":[{"start":{"line":20,"column":4},"end":{"line":30,"column":5}},{"start":{"line":20,"column":4},"end":{"line":30,"column":5}}],"line":20},"1":{"loc":{"start":{"line":21,"column":8},"end":{"line":23,"column":44}},"type":"binary-expr","locations":[{"start":{"line":21,"column":8},"end":{"line":21,"column":34}},{"start":{"line":22,"column":8},"end":{"line":22,"column":64}},{"start":{"line":23,"column":8},"end":{"line":23,"column":44}}],"line":21}},"s":{"0":0,"1":0,"2":0,"3":0},"f":{"0":0},"b":{"0":[0,0],"1":[0,0,0]}},"c:\\git\\bia\\src\\generators\\dom\\processors\\static_styles.ts":{"path":"c:\\git\\bia\\src\\generators\\dom\\processors\\static_styles.ts","statementMap":{"0":{"start":{"line":20,"column":4},"end":{"line":34,"column":5}},"1":{"start":{"line":25,"column":24},"end":{"line":25,"column":61}},"2":{"start":{"line":27,"column":8},"end":{"line":27,"column":33}},"3":{"start":{"line":29,"column":8},"end":{"line":33,"column":11}},"4":{"start":{"line":30,"column":26},"end":{"line":30,"column":55}},"5":{"start":{"line":32,"column":12},"end":{"line":32,"column":99}}},"fnMap":{"0":{"name":"process","decl":{"start":{"line":19,"column":16},"end":{"line":19,"column":23}},"loc":{"start":{"line":19,"column":85},"end":{"line":35,"column":1}},"line":19},"1":{"name":"(anonymous_1)","decl":{"start":{"line":29,"column":54},"end":{"line":29,"column":55}},"loc":{"start":{"line":29,"column":61},"end":{"line":33,"column":9}},"line":29}},"branchMap":{"0":{"loc":{"start":{"line":20,"column":4},"end":{"line":34,"column":5}},"type":"if","locations":[{"start":{"line":20,"column":4},"end":{"line":34,"column":5}},{"start":{"line":20,"column":4},"end":{"line":34,"column":5}}],"line":20},"1":{"loc":{"start":{"line":21,"column":8},"end":{"line":23,"column":56}},"type":"binary-expr","locations":[{"start":{"line":21,"column":8},"end":{"line":21,"column":34}},{"start":{"line":22,"column":8},"end":{"line":22,"column":64}},{"start":{"line":23,"column":8},"end":{"line":23,"column":56}}],"line":21}},"s":{"0":0,"1":0,"2":0,"3":0,"4":0,"5":0},"f":{"0":0,"1":0},"b":{"0":[0,0],"1":[0,0,0]}},"c:\\git\\bia\\src\\generators\\dom\\processors\\static_text_nodes.ts":{"path":"c:\\git\\bia\\src\\generators\\dom\\processors\\static_text_nodes.ts","statementMap":{"0":{"start":{"line":21,"column":4},"end":{"line":27,"column":5}},"1":{"start":{"line":26,"column":8},"end":{"line":26,"column":15}},"2":{"start":{"line":29,"column":20},"end":{"line":29,"column":65}},"3":{"start":{"line":30,"column":26},"end":{"line":30,"column":70}},"4":{"start":{"line":33,"column":4},"end":{"line":33,"column":29}},"5":{"start":{"line":36,"column":4},"end":{"line":36,"column":31}},"6":{"start":{"line":37,"column":4},"end":{"line":37,"column":93}},"7":{"start":{"line":40,"column":4},"end":{"line":40,"column":31}},"8":{"start":{"line":41,"column":4},"end":{"line":41,"column":71}}},"fnMap":{"0":{"name":"process","decl":{"start":{"line":19,"column":16},"end":{"line":19,"column":23}},"loc":{"start":{"line":19,"column":85},"end":{"line":42,"column":1}},"line":19}},"branchMap":{"0":{"loc":{"start":{"line":21,"column":4},"end":{"line":27,"column":5}},"type":"if","locations":[{"start":{"line":21,"column":4},"end":{"line":27,"column":5}},{"start":{"line":21,"column":4},"end":{"line":27,"column":5}}],"line":21},"1":{"loc":{"start":{"line":22,"column":8},"end":{"line":24,"column":63}},"type":"binary-expr","locations":[{"start":{"line":22,"column":8},"end":{"line":22,"column":32}},{"start":{"line":23,"column":8},"end":{"line":23,"column":61}},{"start":{"line":24,"column":8},"end":{"line":24,"column":63}}],"line":22}},"s":{"0":0,"1":0,"2":0,"3":0,"4":0,"5":0,"6":0,"7":0,"8":0},"f":{"0":0},"b":{"0":[0,0],"1":[0,0,0]}},"c:\\git\\bia\\src\\index.ts":{"path":"c:\\git\\bia\\src\\index.ts","statementMap":{"0":{"start":{"line":11,"column":4},"end":{"line":20,"column":5}},"1":{"start":{"line":12,"column":29},"end":{"line":12,"column":51}},"2":{"start":{"line":13,"column":21},"end":{"line":13,"column":56}},"3":{"start":{"line":15,"column":8},"end":{"line":17,"column":10}},"4":{"start":{"line":19,"column":8},"end":{"line":19,"column":18}},"5":{"start":{"line":30,"column":4},"end":{"line":39,"column":5}},"6":{"start":{"line":31,"column":25},"end":{"line":34,"column":10}},"7":{"start":{"line":36,"column":8},"end":{"line":36,"column":36}},"8":{"start":{"line":38,"column":8},"end":{"line":38,"column":18}}},"fnMap":{"0":{"name":"compile","decl":{"start":{"line":10,"column":16},"end":{"line":10,"column":23}},"loc":{"start":{"line":10,"column":54},"end":{"line":21,"column":1}},"line":10},"1":{"name":"create","decl":{"start":{"line":29,"column":16},"end":{"line":29,"column":22}},"loc":{"start":{"line":29,"column":53},"end":{"line":40,"column":1}},"line":29}},"branchMap":{},"s":{"0":0,"1":0,"2":0,"3":0,"4":0,"5":0,"6":0,"7":0,"8":0},"f":{"0":0,"1":0},"b":{}},"c:\\git\\bia\\src\\parse\\parse.ts":{"path":"c:\\git\\bia\\src\\parse\\parse.ts","statementMap":{"0":{"start":{"line":11,"column":4},"end":{"line":15,"column":5}},"1":{"start":{"line":12,"column":8},"end":{"line":12,"column":33}},"2":{"start":{"line":14,"column":8},"end":{"line":14,"column":18}},"3":{"start":{"line":17,"column":4},"end":{"line":19,"column":6}}},"fnMap":{"0":{"name":"parse","decl":{"start":{"line":10,"column":16},"end":{"line":10,"column":21}},"loc":{"start":{"line":10,"column":63},"end":{"line":20,"column":1}},"line":10}},"branchMap":{},"s":{"0":0,"1":0,"2":0,"3":0},"f":{"0":0},"b":{}},"c:\\git\\bia\\src\\parse\\template.ts":{"path":"c:\\git\\bia\\src\\parse\\template.ts","statementMap":{"0":{"start":{"line":1,"column":18},"end":{"line":1,"column":34}},"1":{"start":{"line":24,"column":25},"end":{"line":24,"column":49}},"2":{"start":{"line":26,"column":4},"end":{"line":26,"column":40}},"3":{"start":{"line":28,"column":21},"end":{"line":28,"column":63}},"4":{"start":{"line":30,"column":4},"end":{"line":30,"column":47}},"5":{"start":{"line":35,"column":21},"end":{"line":35,"column":43}},"6":{"start":{"line":37,"column":17},"end":{"line":52,"column":5}},"7":{"start":{"line":54,"column":4},"end":{"line":56,"column":35}},"8":{"start":{"line":55,"column":34},"end":{"line":55,"column":57}},"9":{"start":{"line":58,"column":4},"end":{"line":58,"column":16}},"10":{"start":{"line":64,"column":4},"end":{"line":72,"column":5}},"11":{"start":{"line":65,"column":8},"end":{"line":71,"column":9}},"12":{"start":{"line":66,"column":26},"end":{"line":66,"column":42}},"13":{"start":{"line":68,"column":12},"end":{"line":70,"column":13}},"14":{"start":{"line":69,"column":16},"end":{"line":69,"column":28}},"15":{"start":{"line":74,"column":4},"end":{"line":74,"column":17}},"16":{"start":{"line":79,"column":4},"end":{"line":79,"column":70}},"17":{"start":{"line":85,"column":4},"end":{"line":93,"column":11}},"18":{"start":{"line":88,"column":8},"end":{"line":90,"column":9}},"19":{"start":{"line":89,"column":12},"end":{"line":89,"column":47}},"20":{"start":{"line":92,"column":8},"end":{"line":92,"column":26}},"21":{"start":{"line":99,"column":4},"end":{"line":99,"column":27}},"22":{"start":{"line":106,"column":4},"end":{"line":108,"column":5}},"23":{"start":{"line":107,"column":8},"end":{"line":107,"column":18}},"24":{"start":{"line":111,"column":4},"end":{"line":136,"column":15}},"25":{"start":{"line":112,"column":44},"end":{"line":112,"column":81}},"26":{"start":{"line":116,"column":30},"end":{"line":116,"column":97}},"27":{"start":{"line":117,"column":25},"end":{"line":117,"column":37}},"28":{"start":{"line":120,"column":28},"end":{"line":120,"column":50}},"29":{"start":{"line":121,"column":30},"end":{"line":123,"column":52}},"30":{"start":{"line":123,"column":36},"end":{"line":123,"column":51}},"31":{"start":{"line":126,"column":29},"end":{"line":126,"column":120}},"32":{"start":{"line":127,"column":24},"end":{"line":127,"column":53}},"33":{"start":{"line":129,"column":12},"end":{"line":135,"column":15}},"34":{"start":{"line":142,"column":4},"end":{"line":142,"column":24}},"35":{"start":{"line":148,"column":24},"end":{"line":150,"column":22}},"36":{"start":{"line":152,"column":4},"end":{"line":156,"column":7}},"37":{"start":{"line":153,"column":27},"end":{"line":153,"column":64}},"38":{"start":{"line":155,"column":8},"end":{"line":155,"column":36}},"39":{"start":{"line":162,"column":4},"end":{"line":164,"column":13}},"40":{"start":{"line":171,"column":4},"end":{"line":173,"column":5}},"41":{"start":{"line":172,"column":8},"end":{"line":172,"column":18}},"42":{"start":{"line":175,"column":24},"end":{"line":175,"column":32}},"43":{"start":{"line":179,"column":4},"end":{"line":190,"column":15}},"44":{"start":{"line":180,"column":22},"end":{"line":180,"column":34}},"45":{"start":{"line":181,"column":25},"end":{"line":181,"column":37}},"46":{"start":{"line":183,"column":38},"end":{"line":183,"column":56}},"47":{"start":{"line":184,"column":29},"end":{"line":184,"column":69}},"48":{"start":{"line":185,"column":26},"end":{"line":185,"column":67}},"49":{"start":{"line":187,"column":12},"end":{"line":187,"column":37}},"50":{"start":{"line":189,"column":12},"end":{"line":189,"column":26}},"51":{"start":{"line":196,"column":4},"end":{"line":196,"column":30}},"52":{"start":{"line":201,"column":4},"end":{"line":201,"column":55}},"53":{"start":{"line":206,"column":4},"end":{"line":207,"column":81}},"54":{"start":{"line":207,"column":42},"end":{"line":207,"column":79}},"55":{"start":{"line":213,"column":4},"end":{"line":213,"column":28}}},"fnMap":{"0":{"name":"(anonymous_0)","decl":{"start":{"line":23,"column":15},"end":{"line":23,"column":16}},"loc":{"start":{"line":23,"column":65},"end":{"line":31,"column":1}},"line":23},"1":{"name":"createDomTree","decl":{"start":{"line":34,"column":16},"end":{"line":34,"column":29}},"loc":{"start":{"line":34,"column":93},"end":{"line":59,"column":1}},"line":34},"2":{"name":"(anonymous_2)","decl":{"start":{"line":55,"column":13},"end":{"line":55,"column":14}},"loc":{"start":{"line":55,"column":34},"end":{"line":55,"column":57}},"line":55},"3":{"name":"checkForDynamicChildren","decl":{"start":{"line":63,"column":9},"end":{"line":63,"column":32}},"loc":{"start":{"line":63,"column":77},"end":{"line":75,"column":1}},"line":63},"4":{"name":"discardIndentation","decl":{"start":{"line":78,"column":9},"end":{"line":78,"column":27}},"loc":{"start":{"line":78,"column":46},"end":{"line":80,"column":1}},"line":78},"5":{"name":"getAttributes","decl":{"start":{"line":84,"column":9},"end":{"line":84,"column":22}},"loc":{"start":{"line":84,"column":48},"end":{"line":94,"column":1}},"line":84},"6":{"name":"(anonymous_6)","decl":{"start":{"line":85,"column":50},"end":{"line":85,"column":51}},"loc":{"start":{"line":85,"column":90},"end":{"line":93,"column":5}},"line":85},"7":{"name":"getDataAttributes","decl":{"start":{"line":98,"column":9},"end":{"line":98,"column":26}},"loc":{"start":{"line":98,"column":52},"end":{"line":100,"column":1}},"line":98},"8":{"name":"getDirectives","decl":{"start":{"line":104,"column":9},"end":{"line":104,"column":22}},"loc":{"start":{"line":104,"column":82},"end":{"line":137,"column":1}},"line":104},"9":{"name":"(anonymous_9)","decl":{"start":{"line":112,"column":16},"end":{"line":112,"column":17}},"loc":{"start":{"line":112,"column":44},"end":{"line":112,"column":81}},"line":112},"10":{"name":"(anonymous_10)","decl":{"start":{"line":113,"column":16},"end":{"line":113,"column":17}},"loc":{"start":{"line":113,"column":56},"end":{"line":136,"column":9}},"line":113},"11":{"name":"(anonymous_11)","decl":{"start":{"line":123,"column":24},"end":{"line":123,"column":25}},"loc":{"start":{"line":123,"column":36},"end":{"line":123,"column":51}},"line":123},"12":{"name":"getInnerHTML","decl":{"start":{"line":141,"column":9},"end":{"line":141,"column":21}},"loc":{"start":{"line":141,"column":47},"end":{"line":143,"column":1}},"line":141},"13":{"name":"getInterpolations","decl":{"start":{"line":147,"column":9},"end":{"line":147,"column":26}},"loc":{"start":{"line":147,"column":76},"end":{"line":157,"column":1}},"line":147},"14":{"name":"(anonymous_14)","decl":{"start":{"line":152,"column":55},"end":{"line":152,"column":56}},"loc":{"start":{"line":152,"column":63},"end":{"line":156,"column":5}},"line":152},"15":{"name":"getStaticClasses","decl":{"start":{"line":161,"column":9},"end":{"line":161,"column":25}},"loc":{"start":{"line":161,"column":58},"end":{"line":165,"column":1}},"line":161},"16":{"name":"getStaticStyles","decl":{"start":{"line":169,"column":9},"end":{"line":169,"column":24}},"loc":{"start":{"line":169,"column":50},"end":{"line":191,"column":1}},"line":169},"17":{"name":"(anonymous_17)","decl":{"start":{"line":180,"column":13},"end":{"line":180,"column":14}},"loc":{"start":{"line":180,"column":22},"end":{"line":180,"column":34}},"line":180},"18":{"name":"(anonymous_18)","decl":{"start":{"line":181,"column":16},"end":{"line":181,"column":17}},"loc":{"start":{"line":181,"column":25},"end":{"line":181,"column":37}},"line":181},"19":{"name":"(anonymous_19)","decl":{"start":{"line":182,"column":16},"end":{"line":182,"column":17}},"loc":{"start":{"line":182,"column":35},"end":{"line":190,"column":9}},"line":182},"20":{"name":"getTagName","decl":{"start":{"line":195,"column":9},"end":{"line":195,"column":19}},"loc":{"start":{"line":195,"column":52},"end":{"line":197,"column":1}},"line":195},"21":{"name":"getTextContent","decl":{"start":{"line":200,"column":9},"end":{"line":200,"column":23}},"loc":{"start":{"line":200,"column":66},"end":{"line":202,"column":1}},"line":200},"22":{"name":"hasDirective","decl":{"start":{"line":205,"column":9},"end":{"line":205,"column":21}},"loc":{"start":{"line":205,"column":44},"end":{"line":208,"column":1}},"line":205},"23":{"name":"(anonymous_23)","decl":{"start":{"line":207,"column":14},"end":{"line":207,"column":15}},"loc":{"start":{"line":207,"column":42},"end":{"line":207,"column":79}},"line":207},"24":{"name":"isDynamicElement","decl":{"start":{"line":211,"column":9},"end":{"line":211,"column":25}},"loc":{"start":{"line":211,"column":48},"end":{"line":214,"column":1}},"line":211}},"branchMap":{"0":{"loc":{"start":{"line":34,"column":47},"end":{"line":34,"column":79}},"type":"default-arg","locations":[{"start":{"line":34,"column":75},"end":{"line":34,"column":79}}],"line":34},"1":{"loc":{"start":{"line":64,"column":4},"end":{"line":72,"column":5}},"type":"if","locations":[{"start":{"line":64,"column":4},"end":{"line":72,"column":5}},{"start":{"line":64,"column":4},"end":{"line":72,"column":5}}],"line":64},"2":{"loc":{"start":{"line":68,"column":12},"end":{"line":70,"column":13}},"type":"if","locations":[{"start":{"line":68,"column":12},"end":{"line":70,"column":13}},{"start":{"line":68,"column":12},"end":{"line":70,"column":13}}],"line":68},"3":{"loc":{"start":{"line":68,"column":16},"end":{"line":68,"column":100}},"type":"binary-expr","locations":[{"start":{"line":68,"column":16},"end":{"line":68,"column":39}},{"start":{"line":68,"column":43},"end":{"line":68,"column":100}}],"line":68},"4":{"loc":{"start":{"line":79,"column":11},"end":{"line":79,"column":69}},"type":"binary-expr","locations":[{"start":{"line":79,"column":11},"end":{"line":79,"column":31}},{"start":{"line":79,"column":35},"end":{"line":79,"column":69}}],"line":79},"5":{"loc":{"start":{"line":85,"column":22},"end":{"line":85,"column":41}},"type":"binary-expr","locations":[{"start":{"line":85,"column":22},"end":{"line":85,"column":35}},{"start":{"line":85,"column":39},"end":{"line":85,"column":41}}],"line":85},"6":{"loc":{"start":{"line":88,"column":8},"end":{"line":90,"column":9}},"type":"if","locations":[{"start":{"line":88,"column":8},"end":{"line":90,"column":9}},{"start":{"line":88,"column":8},"end":{"line":90,"column":9}}],"line":88},"7":{"loc":{"start":{"line":106,"column":4},"end":{"line":108,"column":5}},"type":"if","locations":[{"start":{"line":106,"column":4},"end":{"line":108,"column":5}},{"start":{"line":106,"column":4},"end":{"line":108,"column":5}}],"line":106},"8":{"loc":{"start":{"line":111,"column":22},"end":{"line":111,"column":41}},"type":"binary-expr","locations":[{"start":{"line":111,"column":22},"end":{"line":111,"column":35}},{"start":{"line":111,"column":39},"end":{"line":111,"column":41}}],"line":111},"9":{"loc":{"start":{"line":121,"column":67},"end":{"line":121,"column":103}},"type":"cond-expr","locations":[{"start":{"line":121,"column":84},"end":{"line":121,"column":93}},{"start":{"line":121,"column":96},"end":{"line":121,"column":103}}],"line":121},"10":{"loc":{"start":{"line":127,"column":24},"end":{"line":127,"column":53}},"type":"cond-expr","locations":[{"start":{"line":127,"column":35},"end":{"line":127,"column":46}},{"start":{"line":127,"column":49},"end":{"line":127,"column":53}}],"line":127},"11":{"loc":{"start":{"line":148,"column":24},"end":{"line":150,"column":22}},"type":"cond-expr","locations":[{"start":{"line":149,"column":10},"end":{"line":149,"column":24}},{"start":{"line":150,"column":10},"end":{"line":150,"column":22}}],"line":148},"12":{"loc":{"start":{"line":152,"column":12},"end":{"line":152,"column":49}},"type":"binary-expr","locations":[{"start":{"line":152,"column":12},"end":{"line":152,"column":43}},{"start":{"line":152,"column":47},"end":{"line":152,"column":49}}],"line":152},"13":{"loc":{"start":{"line":162,"column":11},"end":{"line":164,"column":12}},"type":"cond-expr","locations":[{"start":{"line":163,"column":10},"end":{"line":163,"column":34}},{"start":{"line":164,"column":10},"end":{"line":164,"column":12}}],"line":162},"14":{"loc":{"start":{"line":171,"column":4},"end":{"line":173,"column":5}},"type":"if","locations":[{"start":{"line":171,"column":4},"end":{"line":173,"column":5}},{"start":{"line":171,"column":4},"end":{"line":173,"column":5}}],"line":171},"15":{"loc":{"start":{"line":196,"column":11},"end":{"line":196,"column":29}},"type":"binary-expr","locations":[{"start":{"line":196,"column":11},"end":{"line":196,"column":21}},{"start":{"line":196,"column":25},"end":{"line":196,"column":29}}],"line":196},"16":{"loc":{"start":{"line":201,"column":11},"end":{"line":201,"column":54}},"type":"cond-expr","locations":[{"start":{"line":201,"column":33},"end":{"line":201,"column":47}},{"start":{"line":201,"column":50},"end":{"line":201,"column":54}}],"line":201},"17":{"loc":{"start":{"line":206,"column":24},"end":{"line":206,"column":43}},"type":"binary-expr","locations":[{"start":{"line":206,"column":24},"end":{"line":206,"column":37}},{"start":{"line":206,"column":41},"end":{"line":206,"column":43}}],"line":206}},"s":{"0":0,"1":0,"2":0,"3":0,"4":0,"5":0,"6":0,"7":0,"8":0,"9":0,"10":0,"11":0,"12":0,"13":0,"14":0,"15":0,"16":0,"17":0,"18":0,"19":0,"20":0,"21":0,"22":0,"23":0,"24":0,"25":0,"26":0,"27":0,"28":0,"29":0,"30":0,"31":0,"32":0,"33":0,"34":0,"35":0,"36":0,"37":0,"38":0,"39":0,"40":0,"41":0,"42":0,"43":0,"44":0,"45":0,"46":0,"47":0,"48":0,"49":0,"50":0,"51":0,"52":0,"53":0,"54":0,"55":0},"f":{"0":0,"1":0,"2":0,"3":0,"4":0,"5":0,"6":0,"7":0,"8":0,"9":0,"10":0,"11":0,"12":0,"13":0,"14":0,"15":0,"16":0,"17":0,"18":0,"19":0,"20":0,"21":0,"22":0,"23":0,"24":0},"b":{"0":[0],"1":[0,0],"2":[0,0],"3":[0,0],"4":[0,0],"5":[0,0],"6":[0,0],"7":[0,0],"8":[0,0],"9":[0,0],"10":[0,0],"11":[0,0],"12":[0,0],"13":[0,0],"14":[0,0],"15":[0,0],"16":[0,0],"17":[0,0]}},"c:\\git\\bia\\src\\parse\\validate.ts":{"path":"c:\\git\\bia\\src\\parse\\validate.ts","statementMap":{"0":{"start":{"line":13,"column":4},"end":{"line":15,"column":5}},"1":{"start":{"line":14,"column":8},"end":{"line":14,"column":74}},"2":{"start":{"line":17,"column":4},"end":{"line":19,"column":5}},"3":{"start":{"line":18,"column":8},"end":{"line":18,"column":82}},"4":{"start":{"line":21,"column":4},"end":{"line":21,"column":18}},"5":{"start":{"line":33,"column":22},"end":{"line":33,"column":59}},"6":{"start":{"line":35,"column":4},"end":{"line":37,"column":5}},"7":{"start":{"line":36,"column":8},"end":{"line":36,"column":83}},"8":{"start":{"line":39,"column":4},"end":{"line":41,"column":5}},"9":{"start":{"line":40,"column":8},"end":{"line":40,"column":93}},"10":{"start":{"line":43,"column":21},"end":{"line":43,"column":63}},"11":{"start":{"line":45,"column":4},"end":{"line":47,"column":5}},"12":{"start":{"line":46,"column":8},"end":{"line":46,"column":101}},"13":{"start":{"line":49,"column":4},"end":{"line":49,"column":32}},"14":{"start":{"line":60,"column":23},"end":{"line":60,"column":88}},"15":{"start":{"line":61,"column":25},"end":{"line":61,"column":93}},"16":{"start":{"line":63,"column":4},"end":{"line":86,"column":7}},"17":{"start":{"line":64,"column":30},"end":{"line":64,"column":35}},"18":{"start":{"line":65,"column":23},"end":{"line":65,"column":41}},"19":{"start":{"line":67,"column":8},"end":{"line":80,"column":9}},"20":{"start":{"line":69,"column":12},"end":{"line":71,"column":13}},"21":{"start":{"line":70,"column":16},"end":{"line":70,"column":78}},"22":{"start":{"line":74,"column":12},"end":{"line":77,"column":13}},"23":{"start":{"line":75,"column":16},"end":{"line":75,"column":39}},"24":{"start":{"line":76,"column":16},"end":{"line":76,"column":22}},"25":{"start":{"line":79,"column":12},"end":{"line":79,"column":48}},"26":{"start":{"line":83,"column":8},"end":{"line":85,"column":9}},"27":{"start":{"line":84,"column":12},"end":{"line":84,"column":185}}},"fnMap":{"0":{"name":"validateOptions","decl":{"start":{"line":12,"column":16},"end":{"line":12,"column":31}},"loc":{"start":{"line":12,"column":73},"end":{"line":22,"column":1}},"line":12},"1":{"name":"validateTemplate","decl":{"start":{"line":32,"column":16},"end":{"line":32,"column":32}},"loc":{"start":{"line":32,"column":81},"end":{"line":50,"column":1}},"line":32},"2":{"name":"validateElseNodes","decl":{"start":{"line":59,"column":9},"end":{"line":59,"column":26}},"loc":{"start":{"line":59,"column":61},"end":{"line":87,"column":1}},"line":59},"3":{"name":"(anonymous_3)","decl":{"start":{"line":63,"column":44},"end":{"line":63,"column":45}},"loc":{"start":{"line":63,"column":50},"end":{"line":86,"column":5}},"line":63}},"branchMap":{"0":{"loc":{"start":{"line":13,"column":4},"end":{"line":15,"column":5}},"type":"if","locations":[{"start":{"line":13,"column":4},"end":{"line":15,"column":5}},{"start":{"line":13,"column":4},"end":{"line":15,"column":5}}],"line":13},"1":{"loc":{"start":{"line":17,"column":4},"end":{"line":19,"column":5}},"type":"if","locations":[{"start":{"line":17,"column":4},"end":{"line":19,"column":5}},{"start":{"line":17,"column":4},"end":{"line":19,"column":5}}],"line":17},"2":{"loc":{"start":{"line":35,"column":4},"end":{"line":37,"column":5}},"type":"if","locations":[{"start":{"line":35,"column":4},"end":{"line":37,"column":5}},{"start":{"line":35,"column":4},"end":{"line":37,"column":5}}],"line":35},"3":{"loc":{"start":{"line":39,"column":4},"end":{"line":41,"column":5}},"type":"if","locations":[{"start":{"line":39,"column":4},"end":{"line":41,"column":5}},{"start":{"line":39,"column":4},"end":{"line":41,"column":5}}],"line":39},"4":{"loc":{"start":{"line":45,"column":4},"end":{"line":47,"column":5}},"type":"if","locations":[{"start":{"line":45,"column":4},"end":{"line":47,"column":5}},{"start":{"line":45,"column":4},"end":{"line":47,"column":5}}],"line":45},"5":{"loc":{"start":{"line":69,"column":12},"end":{"line":71,"column":13}},"type":"if","locations":[{"start":{"line":69,"column":12},"end":{"line":71,"column":13}},{"start":{"line":69,"column":12},"end":{"line":71,"column":13}}],"line":69},"6":{"loc":{"start":{"line":69,"column":16},"end":{"line":69,"column":78}},"type":"binary-expr","locations":[{"start":{"line":69,"column":16},"end":{"line":69,"column":36}},{"start":{"line":69,"column":40},"end":{"line":69,"column":78}}],"line":69},"7":{"loc":{"start":{"line":74,"column":12},"end":{"line":77,"column":13}},"type":"if","locations":[{"start":{"line":74,"column":12},"end":{"line":77,"column":13}},{"start":{"line":74,"column":12},"end":{"line":77,"column":13}}],"line":74},"8":{"loc":{"start":{"line":74,"column":16},"end":{"line":74,"column":95}},"type":"binary-expr","locations":[{"start":{"line":74,"column":16},"end":{"line":74,"column":51}},{"start":{"line":74,"column":55},"end":{"line":74,"column":95}}],"line":74},"9":{"loc":{"start":{"line":83,"column":8},"end":{"line":85,"column":9}},"type":"if","locations":[{"start":{"line":83,"column":8},"end":{"line":85,"column":9}},{"start":{"line":83,"column":8},"end":{"line":85,"column":9}}],"line":83}},"s":{"0":0,"1":0,"2":0,"3":0,"4":0,"5":0,"6":0,"7":0,"8":0,"9":0,"10":0,"11":0,"12":0,"13":0,"14":0,"15":0,"16":0,"17":0,"18":0,"19":0,"20":0,"21":0,"22":0,"23":0,"24":0,"25":0,"26":0,"27":0},"f":{"0":0,"1":0,"2":0,"3":0},"b":{"0":[0,0],"1":[0,0],"2":[0,0],"3":[0,0],"4":[0,0],"5":[0,0],"6":[0,0],"7":[0,0],"8":[0,0],"9":[0,0]}},"c:\\git\\bia\\src\\utils\\array.ts":{"path":"c:\\git\\bia\\src\\utils\\array.ts","statementMap":{"0":{"start":{"line":8,"column":4},"end":{"line":8,"column":46}},"1":{"start":{"line":18,"column":4},"end":{"line":20,"column":8}},"2":{"start":{"line":19,"column":8},"end":{"line":19,"column":95}},"3":{"start":{"line":19,"column":46},"end":{"line":19,"column":82}},"4":{"start":{"line":30,"column":4},"end":{"line":30,"column":64}},"5":{"start":{"line":30,"column":40},"end":{"line":30,"column":62}}},"fnMap":{"0":{"name":"hasDuplicateMembers","decl":{"start":{"line":7,"column":16},"end":{"line":7,"column":35}},"loc":{"start":{"line":7,"column":62},"end":{"line":9,"column":1}},"line":7},"1":{"name":"getDuplicateMembers","decl":{"start":{"line":17,"column":16},"end":{"line":17,"column":35}},"loc":{"start":{"line":17,"column":65},"end":{"line":21,"column":1}},"line":17},"2":{"name":"(anonymous_2)","decl":{"start":{"line":18,"column":39},"end":{"line":18,"column":40}},"loc":{"start":{"line":18,"column":58},"end":{"line":20,"column":5}},"line":18},"3":{"name":"(anonymous_3)","decl":{"start":{"line":19,"column":26},"end":{"line":19,"column":27}},"loc":{"start":{"line":19,"column":46},"end":{"line":19,"column":82}},"line":19},"4":{"name":"getUniqueMembers","decl":{"start":{"line":29,"column":16},"end":{"line":29,"column":32}},"loc":{"start":{"line":29,"column":62},"end":{"line":31,"column":1}},"line":29},"5":{"name":"(anonymous_5)","decl":{"start":{"line":30,"column":22},"end":{"line":30,"column":23}},"loc":{"start":{"line":30,"column":40},"end":{"line":30,"column":62}},"line":30}},"branchMap":{},"s":{"0":0,"1":0,"2":0,"3":0,"4":0,"5":0},"f":{"0":0,"1":0,"2":0,"3":0,"4":0,"5":0},"b":{}},"c:\\git\\bia\\src\\utils\\code.ts":{"path":"c:\\git\\bia\\src\\utils\\code.ts","statementMap":{"0":{"start":{"line":7,"column":4},"end":{"line":7,"column":35}}},"fnMap":{"0":{"name":"isCodeInstance","decl":{"start":{"line":6,"column":16},"end":{"line":6,"column":30}},"loc":{"start":{"line":6,"column":36},"end":{"line":8,"column":1}},"line":6}},"branchMap":{},"s":{"0":0},"f":{"0":0},"b":{}},"c:\\git\\bia\\src\\utils\\constants.ts":{"path":"c:\\git\\bia\\src\\utils\\constants.ts","statementMap":{"0":{"start":{"line":2,"column":31},"end":{"line":2,"column":35}},"1":{"start":{"line":5,"column":33},"end":{"line":5,"column":39}},"2":{"start":{"line":8,"column":25},"end":{"line":16,"column":1}}},"fnMap":{},"branchMap":{},"s":{"0":0,"1":0,"2":0},"f":{},"b":{}},"c:\\git\\bia\\src\\utils\\dom.ts":{"path":"c:\\git\\bia\\src\\utils\\dom.ts","statementMap":{"0":{"start":{"line":12,"column":4},"end":{"line":12,"column":87}},"1":{"start":{"line":22,"column":4},"end":{"line":22,"column":31}},"2":{"start":{"line":32,"column":4},"end":{"line":32,"column":31}},"3":{"start":{"line":42,"column":4},"end":{"line":42,"column":31}}},"fnMap":{"0":{"name":"elementHasDirective","decl":{"start":{"line":10,"column":16},"end":{"line":10,"column":35}},"loc":{"start":{"line":10,"column":76},"end":{"line":13,"column":1}},"line":10},"1":{"name":"isCommentNode","decl":{"start":{"line":21,"column":16},"end":{"line":21,"column":29}},"loc":{"start":{"line":21,"column":51},"end":{"line":23,"column":1}},"line":21},"2":{"name":"isElementNode","decl":{"start":{"line":31,"column":16},"end":{"line":31,"column":29}},"loc":{"start":{"line":31,"column":51},"end":{"line":33,"column":1}},"line":31},"3":{"name":"isTextNode","decl":{"start":{"line":41,"column":16},"end":{"line":41,"column":26}},"loc":{"start":{"line":41,"column":48},"end":{"line":43,"column":1}},"line":41}},"branchMap":{"0":{"loc":{"start":{"line":12,"column":11},"end":{"line":12,"column":86}},"type":"binary-expr","locations":[{"start":{"line":12,"column":11},"end":{"line":12,"column":30}},{"start":{"line":12,"column":34},"end":{"line":12,"column":86}}],"line":12}},"s":{"0":0,"1":0,"2":0,"3":0},"f":{"0":0,"1":0,"2":0,"3":0},"b":{"0":[0,0]}},"c:\\git\\bia\\src\\utils\\parsed_node.ts":{"path":"c:\\git\\bia\\src\\utils\\parsed_node.ts","statementMap":{"0":{"start":{"line":5,"column":4},"end":{"line":5,"column":35}},"1":{"start":{"line":10,"column":4},"end":{"line":10,"column":32}},"2":{"start":{"line":15,"column":4},"end":{"line":15,"column":59}},"3":{"start":{"line":15,"column":37},"end":{"line":15,"column":57}},"4":{"start":{"line":20,"column":4},"end":{"line":24,"column":5}},"5":{"start":{"line":21,"column":22},"end":{"line":21,"column":56}},"6":{"start":{"line":23,"column":8},"end":{"line":23,"column":47}},"7":{"start":{"line":29,"column":4},"end":{"line":31,"column":42}},"8":{"start":{"line":36,"column":4},"end":{"line":38,"column":44}},"9":{"start":{"line":43,"column":4},"end":{"line":43,"column":46}},"10":{"start":{"line":48,"column":4},"end":{"line":48,"column":82}},"11":{"start":{"line":48,"column":60},"end":{"line":48,"column":80}},"12":{"start":{"line":53,"column":4},"end":{"line":53,"column":78}},"13":{"start":{"line":58,"column":4},"end":{"line":58,"column":91}},"14":{"start":{"line":58,"column":62},"end":{"line":58,"column":89}},"15":{"start":{"line":60,"column":4},"end":{"line":60,"column":16}},"16":{"start":{"line":65,"column":4},"end":{"line":65,"column":37}},"17":{"start":{"line":70,"column":14},"end":{"line":70,"column":51}},"18":{"start":{"line":70,"column":21},"end":{"line":70,"column":27}},"19":{"start":{"line":70,"column":28},"end":{"line":70,"column":49}},"20":{"start":{"line":71,"column":4},"end":{"line":71,"column":12}}},"fnMap":{"0":{"name":"isElementNode","decl":{"start":{"line":4,"column":16},"end":{"line":4,"column":29}},"loc":{"start":{"line":4,"column":57},"end":{"line":6,"column":1}},"line":4},"1":{"name":"isTextNode","decl":{"start":{"line":9,"column":16},"end":{"line":9,"column":26}},"loc":{"start":{"line":9,"column":54},"end":{"line":11,"column":1}},"line":9},"2":{"name":"getDirective","decl":{"start":{"line":14,"column":16},"end":{"line":14,"column":28}},"loc":{"start":{"line":14,"column":93},"end":{"line":16,"column":1}},"line":14},"3":{"name":"(anonymous_3)","decl":{"start":{"line":15,"column":32},"end":{"line":15,"column":33}},"loc":{"start":{"line":15,"column":37},"end":{"line":15,"column":57}},"line":15},"4":{"name":"getNextElementNode","decl":{"start":{"line":19,"column":16},"end":{"line":19,"column":34}},"loc":{"start":{"line":19,"column":53},"end":{"line":25,"column":1}},"line":19},"5":{"name":"hasConditionalDirective","decl":{"start":{"line":28,"column":16},"end":{"line":28,"column":39}},"loc":{"start":{"line":28,"column":67},"end":{"line":32,"column":1}},"line":28},"6":{"name":"hasOnlyStaticText","decl":{"start":{"line":35,"column":16},"end":{"line":35,"column":33}},"loc":{"start":{"line":35,"column":61},"end":{"line":39,"column":1}},"line":35},"7":{"name":"hasProcessingFlag","decl":{"start":{"line":42,"column":16},"end":{"line":42,"column":33}},"loc":{"start":{"line":42,"column":75},"end":{"line":44,"column":1}},"line":42},"8":{"name":"nodeHasDirective","decl":{"start":{"line":47,"column":16},"end":{"line":47,"column":32}},"loc":{"start":{"line":47,"column":79},"end":{"line":49,"column":1}},"line":47},"9":{"name":"(anonymous_9)","decl":{"start":{"line":48,"column":55},"end":{"line":48,"column":56}},"loc":{"start":{"line":48,"column":60},"end":{"line":48,"column":80}},"line":48},"10":{"name":"nodeRequiresHydration","decl":{"start":{"line":52,"column":16},"end":{"line":52,"column":37}},"loc":{"start":{"line":52,"column":65},"end":{"line":54,"column":1}},"line":52},"11":{"name":"removeProcessedDirective","decl":{"start":{"line":57,"column":16},"end":{"line":57,"column":40}},"loc":{"start":{"line":57,"column":85},"end":{"line":61,"column":1}},"line":57},"12":{"name":"(anonymous_12)","decl":{"start":{"line":58,"column":45},"end":{"line":58,"column":46}},"loc":{"start":{"line":58,"column":62},"end":{"line":58,"column":89}},"line":58},"13":{"name":"setProcessingFlag","decl":{"start":{"line":64,"column":16},"end":{"line":64,"column":33}},"loc":{"start":{"line":64,"column":72},"end":{"line":66,"column":1}},"line":64},"14":{"name":"walkNodeTree","decl":{"start":{"line":69,"column":16},"end":{"line":69,"column":28}},"loc":{"start":{"line":69,"column":67},"end":{"line":72,"column":1}},"line":69},"15":{"name":"(anonymous_15)","decl":{"start":{"line":70,"column":14},"end":{"line":70,"column":15}},"loc":{"start":{"line":70,"column":19},"end":{"line":70,"column":51}},"line":70}},"branchMap":{"0":{"loc":{"start":{"line":20,"column":4},"end":{"line":24,"column":5}},"type":"if","locations":[{"start":{"line":20,"column":4},"end":{"line":24,"column":5}},{"start":{"line":20,"column":4},"end":{"line":24,"column":5}}],"line":20},"1":{"loc":{"start":{"line":29,"column":11},"end":{"line":31,"column":41}},"type":"binary-expr","locations":[{"start":{"line":29,"column":11},"end":{"line":29,"column":39}},{"start":{"line":30,"column":11},"end":{"line":30,"column":44}},{"start":{"line":31,"column":11},"end":{"line":31,"column":41}}],"line":29},"2":{"loc":{"start":{"line":36,"column":11},"end":{"line":38,"column":43}},"type":"binary-expr","locations":[{"start":{"line":36,"column":11},"end":{"line":36,"column":35}},{"start":{"line":37,"column":11},"end":{"line":37,"column":37}},{"start":{"line":38,"column":11},"end":{"line":38,"column":43}}],"line":36},"3":{"loc":{"start":{"line":48,"column":11},"end":{"line":48,"column":81}},"type":"binary-expr","locations":[{"start":{"line":48,"column":11},"end":{"line":48,"column":30}},{"start":{"line":48,"column":34},"end":{"line":48,"column":81}}],"line":48},"4":{"loc":{"start":{"line":53,"column":11},"end":{"line":53,"column":77}},"type":"binary-expr","locations":[{"start":{"line":53,"column":11},"end":{"line":53,"column":34}},{"start":{"line":53,"column":38},"end":{"line":53,"column":77}}],"line":53}},"s":{"0":0,"1":0,"2":0,"3":0,"4":0,"5":0,"6":0,"7":0,"8":0,"9":0,"10":0,"11":0,"12":0,"13":0,"14":0,"15":0,"16":0,"17":0,"18":0,"19":0,"20":0},"f":{"0":0,"1":0,"2":0,"3":0,"4":0,"5":0,"6":0,"7":0,"8":0,"9":0,"10":0,"11":0,"12":0,"13":0,"14":0,"15":0},"b":{"0":[0,0],"1":[0,0,0],"2":[0,0,0],"3":[0,0],"4":[0,0]}},"c:\\git\\bia\\src\\utils\\string.ts":{"path":"c:\\git\\bia\\src\\utils\\string.ts","statementMap":{"0":{"start":{"line":4,"column":4},"end":{"line":4,"column":47}},"1":{"start":{"line":14,"column":4},"end":{"line":17,"column":30}},"2":{"start":{"line":28,"column":4},"end":{"line":28,"column":79}},"3":{"start":{"line":28,"column":42},"end":{"line":28,"column":66}}},"fnMap":{"0":{"name":"collapseNewlines","decl":{"start":{"line":3,"column":16},"end":{"line":3,"column":32}},"loc":{"start":{"line":3,"column":57},"end":{"line":5,"column":1}},"line":3},"1":{"name":"escape","decl":{"start":{"line":13,"column":16},"end":{"line":13,"column":22}},"loc":{"start":{"line":13,"column":47},"end":{"line":18,"column":1}},"line":13},"2":{"name":"indent","decl":{"start":{"line":27,"column":16},"end":{"line":27,"column":22}},"loc":{"start":{"line":27,"column":66},"end":{"line":29,"column":1}},"line":27},"3":{"name":"(anonymous_3)","decl":{"start":{"line":28,"column":34},"end":{"line":28,"column":35}},"loc":{"start":{"line":28,"column":42},"end":{"line":28,"column":66}},"line":28}},"branchMap":{"0":{"loc":{"start":{"line":27,"column":39},"end":{"line":27,"column":56}},"type":"default-arg","locations":[{"start":{"line":27,"column":55},"end":{"line":27,"column":56}}],"line":27}},"s":{"0":0,"1":0,"2":0,"3":0},"f":{"0":0,"1":0,"2":0,"3":0},"b":{"0":[0]}},"c:\\git\\bia\\src\\utils\\unique_id.ts":{"path":"c:\\git\\bia\\src\\utils\\unique_id.ts","statementMap":{"0":{"start":{"line":1,"column":15},"end":{"line":1,"column":16}},"1":{"start":{"line":10,"column":4},"end":{"line":10,"column":36}}},"fnMap":{"0":{"name":"(anonymous_0)","decl":{"start":{"line":9,"column":15},"end":{"line":9,"column":16}},"loc":{"start":{"line":9,"column":53},"end":{"line":11,"column":1}},"line":9}},"branchMap":{"0":{"loc":{"start":{"line":9,"column":24},"end":{"line":9,"column":43}},"type":"default-arg","locations":[{"start":{"line":9,"column":41},"end":{"line":9,"column":43}}],"line":9}},"s":{"0":0,"1":0},"f":{"0":0},"b":{"0":[0]}},"c:\\git\\bia\\test\\globals.ts":{"path":"c:\\git\\bia\\test\\globals.ts","statementMap":{"0":{"start":{"line":8,"column":0},"end":{"line":16,"column":1}},"1":{"start":{"line":9,"column":19},"end":{"line":9,"column":56}},"2":{"start":{"line":11,"column":4},"end":{"line":15,"column":7}},"3":{"start":{"line":19,"column":0},"end":{"line":23,"column":1}},"4":{"start":{"line":20,"column":21},"end":{"line":20,"column":31}},"5":{"start":{"line":22,"column":4},"end":{"line":22,"column":32}},"6":{"start":{"line":26,"column":0},"end":{"line":26,"column":49}},"7":{"start":{"line":26,"column":19},"end":{"line":26,"column":48}},"8":{"start":{"line":29,"column":0},"end":{"line":29,"column":39}},"9":{"start":{"line":32,"column":0},"end":{"line":36,"column":1}},"10":{"start":{"line":33,"column":22},"end":{"line":33,"column":37}},"11":{"start":{"line":35,"column":4},"end":{"line":35,"column":42}}},"fnMap":{"0":{"name":"(anonymous_0)","decl":{"start":{"line":8,"column":17},"end":{"line":8,"column":18}},"loc":{"start":{"line":8,"column":24},"end":{"line":16,"column":1}},"line":8},"1":{"name":"(anonymous_1)","decl":{"start":{"line":19,"column":19},"end":{"line":19,"column":20}},"loc":{"start":{"line":19,"column":26},"end":{"line":23,"column":1}},"line":19},"2":{"name":"(anonymous_2)","decl":{"start":{"line":26,"column":13},"end":{"line":26,"column":14}},"loc":{"start":{"line":26,"column":19},"end":{"line":26,"column":48}},"line":26},"3":{"name":"(anonymous_3)","decl":{"start":{"line":32,"column":16},"end":{"line":32,"column":17}},"loc":{"start":{"line":32,"column":70},"end":{"line":36,"column":1}},"line":32}},"branchMap":{"0":{"loc":{"start":{"line":32,"column":23},"end":{"line":32,"column":43}},"type":"default-arg","locations":[{"start":{"line":32,"column":41},"end":{"line":32,"column":43}}],"line":32},"1":{"loc":{"start":{"line":32,"column":45},"end":{"line":32,"column":65}},"type":"default-arg","locations":[{"start":{"line":32,"column":63},"end":{"line":32,"column":65}}],"line":32}},"s":{"0":0,"1":0,"2":0,"3":0,"4":0,"5":0,"6":0,"7":0,"8":0,"9":0,"10":0,"11":0},"f":{"0":0,"1":0,"2":0,"3":0},"b":{"0":[0],"1":[0]}},"c:\\git\\bia\\test\\istanbul.reporter.js":{"path":"c:\\git\\bia\\test\\istanbul.reporter.js","statementMap":{"0":{"start":{"line":1,"column":18},"end":{"line":1,"column":37}},"1":{"start":{"line":2,"column":26},"end":{"line":2,"column":61}},"2":{"start":{"line":4,"column":0},"end":{"line":17,"column":2}},"3":{"start":{"line":5,"column":20},"end":{"line":5,"column":45}},"4":{"start":{"line":6,"column":19},"end":{"line":6,"column":43}},"5":{"start":{"line":7,"column":2},"end":{"line":7,"column":36}},"6":{"start":{"line":8,"column":2},"end":{"line":8,"column":32}},"7":{"start":{"line":10,"column":2},"end":{"line":16,"column":5}},"8":{"start":{"line":11,"column":4},"end":{"line":11,"column":39}},"9":{"start":{"line":13,"column":4},"end":{"line":15,"column":7}},"10":{"start":{"line":14,"column":6},"end":{"line":14,"column":47}}},"fnMap":{"0":{"name":"(anonymous_0)","decl":{"start":{"line":4,"column":17},"end":{"line":4,"column":18}},"loc":{"start":{"line":4,"column":35},"end":{"line":17,"column":1}},"line":4},"1":{"name":"(anonymous_1)","decl":{"start":{"line":10,"column":19},"end":{"line":10,"column":20}},"loc":{"start":{"line":10,"column":31},"end":{"line":16,"column":3}},"line":10},"2":{"name":"(anonymous_2)","decl":{"start":{"line":13,"column":36},"end":{"line":13,"column":37}},"loc":{"start":{"line":13,"column":48},"end":{"line":15,"column":5}},"line":13}},"branchMap":{},"s":{"0":0,"1":0,"2":0,"3":0,"4":0,"5":0,"6":0,"7":0,"8":0,"9":0,"10":0},"f":{"0":0,"1":0,"2":0},"b":{}},"c:\\git\\bia\\test\\setup.js":{"path":"c:\\git\\bia\\test\\setup.js","statementMap":{"0":{"start":{"line":1,"column":19},"end":{"line":1,"column":34}},"1":{"start":{"line":2,"column":11},"end":{"line":2,"column":24}},"2":{"start":{"line":3,"column":13},"end":{"line":3,"column":28}},"3":{"start":{"line":4,"column":13},"end":{"line":4,"column":28}},"4":{"start":{"line":5,"column":19},"end":{"line":5,"column":41}},"5":{"start":{"line":7,"column":0},"end":{"line":7,"column":21}},"6":{"start":{"line":10,"column":0},"end":{"line":10,"column":25}},"7":{"start":{"line":13,"column":0},"end":{"line":13,"column":21}},"8":{"start":{"line":16,"column":0},"end":{"line":16,"column":23}},"9":{"start":{"line":19,"column":0},"end":{"line":21,"column":1}},"10":{"start":{"line":20,"column":4},"end":{"line":20,"column":77}}},"fnMap":{"0":{"name":"(anonymous_0)","decl":{"start":{"line":19,"column":25},"end":{"line":19,"column":26}},"loc":{"start":{"line":19,"column":44},"end":{"line":21,"column":1}},"line":19}},"branchMap":{},"s":{"0":0,"1":0,"2":0,"3":0,"4":0,"5":0,"6":0,"7":0,"8":0,"9":0,"10":0},"f":{"0":0},"b":{}},"c:\\git\\bia\\test\\specs\\compilation\\_template\\Component.compiled.js":{"path":"c:\\git\\bia\\test\\specs\\compilation\\_template\\Component.compiled.js","statementMap":{"0":{"start":{"line":6,"column":4},"end":{"line":6,"column":38}},"1":{"start":{"line":10,"column":4},"end":{"line":10,"column":38}},"2":{"start":{"line":14,"column":4},"end":{"line":14,"column":39}},"3":{"start":{"line":20,"column":4},"end":{"line":34,"column":6}},"4":{"start":{"line":22,"column":12},"end":{"line":22,"column":39}},"5":{"start":{"line":23,"column":12},"end":{"line":23,"column":23}},"6":{"start":{"line":28,"column":12},"end":{"line":28,"column":44}},"7":{"start":{"line":32,"column":12},"end":{"line":32,"column":28}},"8":{"start":{"line":38,"column":21},"end":{"line":38,"column":47}},"9":{"start":{"line":40,"column":4},"end":{"line":43,"column":5}},"10":{"start":{"line":41,"column":8},"end":{"line":41,"column":32}},"11":{"start":{"line":42,"column":8},"end":{"line":42,"column":55}}},"fnMap":{"0":{"name":"noop","decl":{"start":{"line":3,"column":9},"end":{"line":3,"column":13}},"loc":{"start":{"line":3,"column":16},"end":{"line":3,"column":18}},"line":3},"1":{"name":"detachNode","decl":{"start":{"line":5,"column":9},"end":{"line":5,"column":19}},"loc":{"start":{"line":5,"column":26},"end":{"line":7,"column":1}},"line":5},"2":{"name":"insertNode","decl":{"start":{"line":9,"column":9},"end":{"line":9,"column":19}},"loc":{"start":{"line":9,"column":42},"end":{"line":11,"column":1}},"line":9},"3":{"name":"createElement","decl":{"start":{"line":13,"column":9},"end":{"line":13,"column":22}},"loc":{"start":{"line":13,"column":28},"end":{"line":15,"column":1}},"line":13},"4":{"name":"create_main_fragment","decl":{"start":{"line":17,"column":9},"end":{"line":17,"column":29}},"loc":{"start":{"line":17,"column":34},"end":{"line":35,"column":1}},"line":17},"5":{"name":"create","decl":{"start":{"line":21,"column":20},"end":{"line":21,"column":26}},"loc":{"start":{"line":21,"column":29},"end":{"line":24,"column":9}},"line":21},"6":{"name":"mount","decl":{"start":{"line":27,"column":20},"end":{"line":27,"column":25}},"loc":{"start":{"line":27,"column":42},"end":{"line":29,"column":9}},"line":27},"7":{"name":"unmount","decl":{"start":{"line":31,"column":20},"end":{"line":31,"column":27}},"loc":{"start":{"line":31,"column":30},"end":{"line":33,"column":9}},"line":31},"8":{"name":"Component","decl":{"start":{"line":37,"column":9},"end":{"line":37,"column":18}},"loc":{"start":{"line":37,"column":28},"end":{"line":44,"column":1}},"line":37}},"branchMap":{"0":{"loc":{"start":{"line":40,"column":4},"end":{"line":43,"column":5}},"type":"if","locations":[{"start":{"line":40,"column":4},"end":{"line":43,"column":5}},{"start":{"line":40,"column":4},"end":{"line":43,"column":5}}],"line":40},"1":{"loc":{"start":{"line":42,"column":31},"end":{"line":42,"column":53}},"type":"binary-expr","locations":[{"start":{"line":42,"column":31},"end":{"line":42,"column":45}},{"start":{"line":42,"column":49},"end":{"line":42,"column":53}}],"line":42}},"s":{"0":0,"1":0,"2":0,"3":0,"4":0,"5":0,"6":0,"7":0,"8":0,"9":0,"10":0,"11":0},"f":{"0":0,"1":0,"2":0,"3":0,"4":0,"5":0,"6":0,"7":0,"8":0},"b":{"0":[0,0],"1":[0,0]}},"c:\\git\\bia\\test\\specs\\compilation\\_template\\test.ts":{"path":"c:\\git\\bia\\test\\specs\\compilation\\_template\\test.ts","statementMap":{"0":{"start":{"line":4,"column":4},"end":{"line":10,"column":7}},"1":{"start":{"line":5,"column":25},"end":{"line":5,"column":38}},"2":{"start":{"line":6,"column":8},"end":{"line":6,"column":26}}},"fnMap":{"0":{"name":"(anonymous_0)","decl":{"start":{"line":3,"column":15},"end":{"line":3,"column":16}},"loc":{"start":{"line":3,"column":30},"end":{"line":11,"column":1}},"line":3},"1":{"name":"(anonymous_1)","decl":{"start":{"line":4,"column":25},"end":{"line":4,"column":26}},"loc":{"start":{"line":4,"column":31},"end":{"line":10,"column":5}},"line":4}},"branchMap":{},"s":{"0":0,"1":0,"2":0},"f":{"0":0,"1":0},"b":{}},"c:\\git\\bia\\test\\specs\\compilation\\compilation.spec.ts":{"path":"c:\\git\\bia\\test\\specs\\compilation\\compilation.spec.ts","statementMap":{"0":{"start":{"line":1,"column":0},"end":{"line":15,"column":3}},"1":{"start":{"line":2,"column":15},"end":{"line":2,"column":28}},"2":{"start":{"line":3,"column":17},"end":{"line":3,"column":32}},"3":{"start":{"line":5,"column":24},"end":{"line":5,"column":47}},"4":{"start":{"line":6,"column":17},"end":{"line":6,"column":110}},"5":{"start":{"line":6,"column":57},"end":{"line":6,"column":109}},"6":{"start":{"line":8,"column":4},"end":{"line":14,"column":7}},"7":{"start":{"line":9,"column":24},"end":{"line":9,"column":47}},"8":{"start":{"line":11,"column":8},"end":{"line":11,"column":40}},"9":{"start":{"line":11,"column":33},"end":{"line":11,"column":40}},"10":{"start":{"line":13,"column":8},"end":{"line":13,"column":71}}},"fnMap":{"0":{"name":"(anonymous_0)","decl":{"start":{"line":1,"column":24},"end":{"line":1,"column":25}},"loc":{"start":{"line":1,"column":30},"end":{"line":15,"column":1}},"line":1},"1":{"name":"(anonymous_1)","decl":{"start":{"line":6,"column":52},"end":{"line":6,"column":53}},"loc":{"start":{"line":6,"column":57},"end":{"line":6,"column":109}},"line":6},"2":{"name":"(anonymous_2)","decl":{"start":{"line":8,"column":17},"end":{"line":8,"column":18}},"loc":{"start":{"line":8,"column":24},"end":{"line":14,"column":5}},"line":8}},"branchMap":{"0":{"loc":{"start":{"line":11,"column":8},"end":{"line":11,"column":40}},"type":"if","locations":[{"start":{"line":11,"column":8},"end":{"line":11,"column":40}},{"start":{"line":11,"column":8},"end":{"line":11,"column":40}}],"line":11}},"s":{"0":0,"1":0,"2":0,"3":0,"4":0,"5":0,"6":0,"7":0,"8":0,"9":0,"10":0},"f":{"0":0,"1":0,"2":0},"b":{"0":[0,0]}},"c:\\git\\bia\\test\\specs\\compilation\\element_with_child_element_and_quoted_text\\Component.compiled.js":{"path":"c:\\git\\bia\\test\\specs\\compilation\\element_with_child_element_and_quoted_text\\Component.compiled.js","statementMap":{"0":{"start":{"line":6,"column":4},"end":{"line":6,"column":38}},"1":{"start":{"line":10,"column":4},"end":{"line":10,"column":38}},"2":{"start":{"line":14,"column":4},"end":{"line":14,"column":39}},"3":{"start":{"line":20,"column":4},"end":{"line":35,"column":6}},"4":{"start":{"line":22,"column":12},"end":{"line":22,"column":39}},"5":{"start":{"line":23,"column":12},"end":{"line":23,"column":85}},"6":{"start":{"line":24,"column":12},"end":{"line":24,"column":23}},"7":{"start":{"line":29,"column":12},"end":{"line":29,"column":44}},"8":{"start":{"line":33,"column":12},"end":{"line":33,"column":28}},"9":{"start":{"line":39,"column":21},"end":{"line":39,"column":47}},"10":{"start":{"line":41,"column":4},"end":{"line":44,"column":5}},"11":{"start":{"line":42,"column":8},"end":{"line":42,"column":32}},"12":{"start":{"line":43,"column":8},"end":{"line":43,"column":55}}},"fnMap":{"0":{"name":"noop","decl":{"start":{"line":3,"column":9},"end":{"line":3,"column":13}},"loc":{"start":{"line":3,"column":16},"end":{"line":3,"column":18}},"line":3},"1":{"name":"detachNode","decl":{"start":{"line":5,"column":9},"end":{"line":5,"column":19}},"loc":{"start":{"line":5,"column":26},"end":{"line":7,"column":1}},"line":5},"2":{"name":"insertNode","decl":{"start":{"line":9,"column":9},"end":{"line":9,"column":19}},"loc":{"start":{"line":9,"column":42},"end":{"line":11,"column":1}},"line":9},"3":{"name":"createElement","decl":{"start":{"line":13,"column":9},"end":{"line":13,"column":22}},"loc":{"start":{"line":13,"column":28},"end":{"line":15,"column":1}},"line":13},"4":{"name":"create_main_fragment","decl":{"start":{"line":17,"column":9},"end":{"line":17,"column":29}},"loc":{"start":{"line":17,"column":34},"end":{"line":36,"column":1}},"line":17},"5":{"name":"create","decl":{"start":{"line":21,"column":20},"end":{"line":21,"column":26}},"loc":{"start":{"line":21,"column":29},"end":{"line":25,"column":9}},"line":21},"6":{"name":"mount","decl":{"start":{"line":28,"column":20},"end":{"line":28,"column":25}},"loc":{"start":{"line":28,"column":42},"end":{"line":30,"column":9}},"line":28},"7":{"name":"unmount","decl":{"start":{"line":32,"column":20},"end":{"line":32,"column":27}},"loc":{"start":{"line":32,"column":30},"end":{"line":34,"column":9}},"line":32},"8":{"name":"Component","decl":{"start":{"line":38,"column":9},"end":{"line":38,"column":18}},"loc":{"start":{"line":38,"column":28},"end":{"line":45,"column":1}},"line":38}},"branchMap":{"0":{"loc":{"start":{"line":41,"column":4},"end":{"line":44,"column":5}},"type":"if","locations":[{"start":{"line":41,"column":4},"end":{"line":44,"column":5}},{"start":{"line":41,"column":4},"end":{"line":44,"column":5}}],"line":41},"1":{"loc":{"start":{"line":43,"column":31},"end":{"line":43,"column":53}},"type":"binary-expr","locations":[{"start":{"line":43,"column":31},"end":{"line":43,"column":45}},{"start":{"line":43,"column":49},"end":{"line":43,"column":53}}],"line":43}},"s":{"0":0,"1":0,"2":0,"3":0,"4":0,"5":0,"6":0,"7":0,"8":0,"9":0,"10":0,"11":0,"12":0},"f":{"0":0,"1":0,"2":0,"3":0,"4":0,"5":0,"6":0,"7":0,"8":0},"b":{"0":[0,0],"1":[0,0]}},"c:\\git\\bia\\test\\specs\\compilation\\element_with_child_element_and_quoted_text\\test.ts":{"path":"c:\\git\\bia\\test\\specs\\compilation\\element_with_child_element_and_quoted_text\\test.ts","statementMap":{"0":{"start":{"line":4,"column":4},"end":{"line":8,"column":7}},"1":{"start":{"line":5,"column":19},"end":{"line":5,"column":46}},"2":{"start":{"line":7,"column":8},"end":{"line":7,"column":83}}},"fnMap":{"0":{"name":"(anonymous_0)","decl":{"start":{"line":3,"column":15},"end":{"line":3,"column":16}},"loc":{"start":{"line":3,"column":30},"end":{"line":9,"column":1}},"line":3},"1":{"name":"(anonymous_1)","decl":{"start":{"line":4,"column":53},"end":{"line":4,"column":54}},"loc":{"start":{"line":4,"column":59},"end":{"line":8,"column":5}},"line":4}},"branchMap":{},"s":{"0":0,"1":0,"2":0},"f":{"0":0,"1":0},"b":{}},"c:\\git\\bia\\test\\specs\\compilation\\element_with_child_element\\Component.compiled.js":{"path":"c:\\git\\bia\\test\\specs\\compilation\\element_with_child_element\\Component.compiled.js","statementMap":{"0":{"start":{"line":6,"column":4},"end":{"line":6,"column":38}},"1":{"start":{"line":10,"column":4},"end":{"line":10,"column":38}},"2":{"start":{"line":14,"column":4},"end":{"line":14,"column":39}},"3":{"start":{"line":20,"column":4},"end":{"line":35,"column":6}},"4":{"start":{"line":22,"column":12},"end":{"line":22,"column":39}},"5":{"start":{"line":23,"column":12},"end":{"line":23,"column":69}},"6":{"start":{"line":24,"column":12},"end":{"line":24,"column":23}},"7":{"start":{"line":29,"column":12},"end":{"line":29,"column":44}},"8":{"start":{"line":33,"column":12},"end":{"line":33,"column":28}},"9":{"start":{"line":39,"column":21},"end":{"line":39,"column":47}},"10":{"start":{"line":41,"column":4},"end":{"line":44,"column":5}},"11":{"start":{"line":42,"column":8},"end":{"line":42,"column":32}},"12":{"start":{"line":43,"column":8},"end":{"line":43,"column":55}}},"fnMap":{"0":{"name":"noop","decl":{"start":{"line":3,"column":9},"end":{"line":3,"column":13}},"loc":{"start":{"line":3,"column":16},"end":{"line":3,"column":18}},"line":3},"1":{"name":"detachNode","decl":{"start":{"line":5,"column":9},"end":{"line":5,"column":19}},"loc":{"start":{"line":5,"column":26},"end":{"line":7,"column":1}},"line":5},"2":{"name":"insertNode","decl":{"start":{"line":9,"column":9},"end":{"line":9,"column":19}},"loc":{"start":{"line":9,"column":42},"end":{"line":11,"column":1}},"line":9},"3":{"name":"createElement","decl":{"start":{"line":13,"column":9},"end":{"line":13,"column":22}},"loc":{"start":{"line":13,"column":28},"end":{"line":15,"column":1}},"line":13},"4":{"name":"create_main_fragment","decl":{"start":{"line":17,"column":9},"end":{"line":17,"column":29}},"loc":{"start":{"line":17,"column":34},"end":{"line":36,"column":1}},"line":17},"5":{"name":"create","decl":{"start":{"line":21,"column":20},"end":{"line":21,"column":26}},"loc":{"start":{"line":21,"column":29},"end":{"line":25,"column":9}},"line":21},"6":{"name":"mount","decl":{"start":{"line":28,"column":20},"end":{"line":28,"column":25}},"loc":{"start":{"line":28,"column":42},"end":{"line":30,"column":9}},"line":28},"7":{"name":"unmount","decl":{"start":{"line":32,"column":20},"end":{"line":32,"column":27}},"loc":{"start":{"line":32,"column":30},"end":{"line":34,"column":9}},"line":32},"8":{"name":"Component","decl":{"start":{"line":38,"column":9},"end":{"line":38,"column":18}},"loc":{"start":{"line":38,"column":28},"end":{"line":45,"column":1}},"line":38}},"branchMap":{"0":{"loc":{"start":{"line":41,"column":4},"end":{"line":44,"column":5}},"type":"if","locations":[{"start":{"line":41,"column":4},"end":{"line":44,"column":5}},{"start":{"line":41,"column":4},"end":{"line":44,"column":5}}],"line":41},"1":{"loc":{"start":{"line":43,"column":31},"end":{"line":43,"column":53}},"type":"binary-expr","locations":[{"start":{"line":43,"column":31},"end":{"line":43,"column":45}},{"start":{"line":43,"column":49},"end":{"line":43,"column":53}}],"line":43}},"s":{"0":0,"1":0,"2":0,"3":0,"4":0,"5":0,"6":0,"7":0,"8":0,"9":0,"10":0,"11":0,"12":0},"f":{"0":0,"1":0,"2":0,"3":0,"4":0,"5":0,"6":0,"7":0,"8":0},"b":{"0":[0,0],"1":[0,0]}},"c:\\git\\bia\\test\\specs\\compilation\\element_with_child_element\\test.ts":{"path":"c:\\git\\bia\\test\\specs\\compilation\\element_with_child_element\\test.ts","statementMap":{"0":{"start":{"line":4,"column":4},"end":{"line":10,"column":7}},"1":{"start":{"line":8,"column":19},"end":{"line":8,"column":46}},"2":{"start":{"line":9,"column":8},"end":{"line":9,"column":71}}},"fnMap":{"0":{"name":"(anonymous_0)","decl":{"start":{"line":3,"column":15},"end":{"line":3,"column":16}},"loc":{"start":{"line":3,"column":30},"end":{"line":11,"column":1}},"line":3},"1":{"name":"(anonymous_1)","decl":{"start":{"line":4,"column":37},"end":{"line":4,"column":38}},"loc":{"start":{"line":4,"column":43},"end":{"line":10,"column":5}},"line":4}},"branchMap":{},"s":{"0":0,"1":0,"2":0},"f":{"0":0,"1":0},"b":{}},"c:\\git\\bia\\test\\specs\\compilation\\element_with_nested_static_and_dynamic_children\\Component.compiled.js":{"path":"c:\\git\\bia\\test\\specs\\compilation\\element_with_nested_static_and_dynamic_children\\Component.compiled.js","statementMap":{"0":{"start":{"line":6,"column":4},"end":{"line":6,"column":29}},"1":{"start":{"line":10,"column":4},"end":{"line":10,"column":41}},"2":{"start":{"line":14,"column":4},"end":{"line":14,"column":26}},"3":{"start":{"line":18,"column":4},"end":{"line":18,"column":38}},"4":{"start":{"line":22,"column":4},"end":{"line":22,"column":38}},"5":{"start":{"line":26,"column":4},"end":{"line":26,"column":39}},"6":{"start":{"line":32,"column":21},"end":{"line":32,"column":52}},"7":{"start":{"line":33,"column":4},"end":{"line":54,"column":6}},"8":
[...]
"line":148,"column":8},"end":{"line":148,"column":60}},"49":{"start":{"line":149,"column":8},"end":{"line":149,"column":60}},"50":{"start":{"line":150,"column":8},"end":{"line":150,"column":60}},"51":{"start":{"line":151,"column":8},"end":{"line":151,"column":60}},"52":{"start":{"line":152,"column":8},"end":{"line":152,"column":61}},"53":{"start":{"line":153,"column":8},"end":{"line":153,"column":61}},"54":{"start":{"line":154,"column":8},"end":{"line":154,"column":61}},"55":{"start":{"line":157,"column":8},"end":{"line":157,"column":66}},"56":{"start":{"line":158,"column":8},"end":{"line":158,"column":71}},"57":{"start":{"line":159,"column":8},"end":{"line":159,"column":78}},"58":{"start":{"line":160,"column":8},"end":{"line":160,"column":66}},"59":{"start":{"line":161,"column":8},"end":{"line":161,"column":71}},"60":{"start":{"line":162,"column":8},"end":{"line":162,"column":78}},"61":{"start":{"line":163,"column":8},"end":{"line":163,"column":66}},"62":{"start":{"line":164,"column":8},"end":{"line":164,"column":71}},"63":{"start":{"line":165,"column":8},"end":{"line":165,"column":78}},"64":{"start":{"line":166,"column":8},"end":{"line":166,"column":67}},"65":{"start":{"line":167,"column":8},"end":{"line":167,"column":72}},"66":{"start":{"line":168,"column":8},"end":{"line":168,"column":79}},"67":{"start":{"line":171,"column":8},"end":{"line":171,"column":57}},"68":{"start":{"line":172,"column":8},"end":{"line":172,"column":57}},"69":{"start":{"line":173,"column":8},"end":{"line":173,"column":57}},"70":{"start":{"line":174,"column":8},"end":{"line":174,"column":58}},"71":{"start":{"line":175,"column":8},"end":{"line":175,"column":58}},"72":{"start":{"line":176,"column":8},"end":{"line":176,"column":58}},"73":{"start":{"line":177,"column":8},"end":{"line":177,"column":57}},"74":{"start":{"line":178,"column":8},"end":{"line":178,"column":57}},"75":{"start":{"line":179,"column":8},"end":{"line":179,"column":57}},"76":{"start":{"line":180,"column":8},"end":{"line":180,"column":59}},"77":{"start":{"line":181,"column":8},"end":{"line":181,"column":59}},"78":{"start":{"line":182,"column":8},"end":{"line":182,"column":59}},"79":{"start":{"line":185,"column":8},"end":{"line":185,"column":62}},"80":{"start":{"line":186,"column":8},"end":{"line":186,"column":62}},"81":{"start":{"line":187,"column":8},"end":{"line":187,"column":62}},"82":{"start":{"line":188,"column":8},"end":{"line":188,"column":62}},"83":{"start":{"line":189,"column":8},"end":{"line":189,"column":62}},"84":{"start":{"line":190,"column":8},"end":{"line":190,"column":62}},"85":{"start":{"line":191,"column":8},"end":{"line":191,"column":72}},"86":{"start":{"line":192,"column":8},"end":{"line":192,"column":72}},"87":{"start":{"line":193,"column":8},"end":{"line":193,"column":72}},"88":{"start":{"line":194,"column":8},"end":{"line":194,"column":73}},"89":{"start":{"line":195,"column":8},"end":{"line":195,"column":73}},"90":{"start":{"line":196,"column":8},"end":{"line":196,"column":73}},"91":{"start":{"line":199,"column":4},"end":{"line":204,"column":7}},"92":{"start":{"line":200,"column":21},"end":{"line":200,"column":60}},"93":{"start":{"line":202,"column":8},"end":{"line":202,"column":49}},"94":{"start":{"line":203,"column":8},"end":{"line":203,"column":58}},"95":{"start":{"line":206,"column":4},"end":{"line":210,"column":7}},"96":{"start":{"line":207,"column":21},"end":{"line":207,"column":57}},"97":{"start":{"line":209,"column":8},"end":{"line":209,"column":51}},"98":{"start":{"line":212,"column":4},"end":{"line":216,"column":7}},"99":{"start":{"line":213,"column":21},"end":{"line":213,"column":56}},"100":{"start":{"line":215,"column":8},"end":{"line":215,"column":52}},"101":{"start":{"line":218,"column":4},"end":{"line":222,"column":7}},"102":{"start":{"line":219,"column":21},"end":{"line":219,"column":59}},"103":{"start":{"line":221,"column":8},"end":{"line":221,"column":62}}},"fnMap":{"0":{"name":"(anonymous_0)","decl":{"start":{"line":6,"column":20},"end":{"line":6,"column":21}},"loc":{"start":{"line":6,"column":26},"end":{"line":223,"column":1}},"line":6},"1":{"name":"(anonymous_1)","decl":{"start":{"line":9,"column":26},"end":{"line":9,"column":27}},"loc":{"start":{"line":9,"column":42},"end":{"line":17,"column":5}},"line":9},"2":{"name":"(anonymous_2)","decl":{"start":{"line":19,"column":20},"end":{"line":19,"column":21}},"loc":{"start":{"line":19,"column":26},"end":{"line":27,"column":5}},"line":19},"3":{"name":"(anonymous_3)","decl":{"start":{"line":29,"column":29},"end":{"line":29,"column":30}},"loc":{"start":{"line":29,"column":35},"end":{"line":40,"column":5}},"line":29},"4":{"name":"(anonymous_4)","decl":{"start":{"line":42,"column":23},"end":{"line":42,"column":24}},"loc":{"start":{"line":42,"column":29},"end":{"line":58,"column":5}},"line":42},"5":{"name":"(anonymous_5)","decl":{"start":{"line":60,"column":70},"end":{"line":60,"column":71}},"loc":{"start":{"line":60,"column":76},"end":{"line":80,"column":5}},"line":60},"6":{"name":"(anonymous_6)","decl":{"start":{"line":82,"column":32},"end":{"line":82,"column":33}},"loc":{"start":{"line":82,"column":38},"end":{"line":86,"column":5}},"line":82},"7":{"name":"(anonymous_7)","decl":{"start":{"line":88,"column":31},"end":{"line":88,"column":32}},"loc":{"start":{"line":88,"column":37},"end":{"line":95,"column":5}},"line":88},"8":{"name":"(anonymous_8)","decl":{"start":{"line":97,"column":33},"end":{"line":97,"column":34}},"loc":{"start":{"line":97,"column":39},"end":{"line":111,"column":5}},"line":97},"9":{"name":"(anonymous_9)","decl":{"start":{"line":113,"column":33},"end":{"line":113,"column":34}},"loc":{"start":{"line":113,"column":39},"end":{"line":120,"column":5}},"line":113},"10":{"name":"(anonymous_10)","decl":{"start":{"line":122,"column":21},"end":{"line":122,"column":22}},"loc":{"start":{"line":122,"column":27},"end":{"line":197,"column":5}},"line":122},"11":{"name":"(anonymous_11)","decl":{"start":{"line":124,"column":42},"end":{"line":124,"column":43}},"loc":{"start":{"line":124,"column":47},"end":{"line":124,"column":67}},"line":124},"12":{"name":"(anonymous_12)","decl":{"start":{"line":199,"column":29},"end":{"line":199,"column":30}},"loc":{"start":{"line":199,"column":35},"end":{"line":204,"column":5}},"line":199},"13":{"name":"(anonymous_13)","decl":{"start":{"line":206,"column":26},"end":{"line":206,"column":27}},"loc":{"start":{"line":206,"column":32},"end":{"line":210,"column":5}},"line":206},"14":{"name":"(anonymous_14)","decl":{"start":{"line":212,"column":25},"end":{"line":212,"column":26}},"loc":{"start":{"line":212,"column":31},"end":{"line":216,"column":5}},"line":212},"15":{"name":"(anonymous_15)","decl":{"start":{"line":218,"column":59},"end":{"line":218,"column":60}},"loc":{"start":{"line":218,"column":65},"end":{"line":222,"column":5}},"line":218}},"branchMap":{},"s":{"0":0,"1":0,"2":0,"3":0,"4":0,"5":0,"6":0,"7":0,"8":0,"9":0,"10":0,"11":0,"12":0,"13":0,"14":0,"15":0,"16":0,"17":0,"18":0,"19":0,"20":0,"21":0,"22":0,"23":0,"24":0,"25":0,"26":0,"27":0,"28":0,"29":0,"30":0,"31":0,"32":0,"33":0,"34":0,"35":0,"36":0,"37":0,"38":0,"39":0,"40":0,"41":0,"42":0,"43":0,"44":0,"45":0,"46":0,"47":0,"48":0,"49":0,"50":0,"51":0,"52":0,"53":0,"54":0,"55":0,"56":0,"57":0,"58":0,"59":0,"60":0,"61":0,"62":0,"63":0,"64":0,"65":0,"66":0,"67":0,"68":0,"69":0,"70":0,"71":0,"72":0,"73":0,"74":0,"75":0,"76":0,"77":0,"78":0,"79":0,"80":0,"81":0,"82":0,"83":0,"84":0,"85":0,"86":0,"87":0,"88":0,"89":0,"90":0,"91":0,"92":0,"93":0,"94":0,"95":0,"96":0,"97":0,"98":0,"99":0,"100":0,"101":0,"102":0,"103":0},"f":{"0":0,"1":0,"2":0,"3":0,"4":0,"5":0,"6":0,"7":0,"8":0,"9":0,"10":0,"11":0,"12":0,"13":0,"14":0,"15":0},"b":{}},"c:\\git\\bia\\test\\specs\\parse\\validation.spec.ts":{"path":"c:\\git\\bia\\test\\specs\\parse\\validation.spec.ts","statementMap":{"0":{"start":{"line":2,"column":19},"end":{"line":2,"column":34}},"1":{"start":{"line":3,"column":13},"end":{"line":3,"column":28}},"2":{"start":{"line":4,"column":11},"end":{"line":4,"column":24}},"3":{"start":{"line":6,"column":0},"end":{"line":86,"column":3}},"4":{"start":{"line":9,"column":25},"end":{"line":21,"column":5}},"5":{"start":{"line":10,"column":23},"end":{"line":10,"column":98}},"6":{"start":{"line":16,"column":8},"end":{"line":20,"column":11}},"7":{"start":{"line":26,"column":4},"end":{"line":29,"column":7}},"8":{"start":{"line":34,"column":4},"end":{"line":85,"column":7}},"9":{"start":{"line":35,"column":21},"end":{"line":38,"column":9}},"10":{"start":{"line":40,"column":8},"end":{"line":44,"column":11}},"11":{"start":{"line":41,"column":12},"end":{"line":43,"column":14}},"12":{"start":{"line":41,"column":25},"end":{"line":41,"column":57}},"13":{"start":{"line":46,"column":8},"end":{"line":50,"column":11}},"14":{"start":{"line":47,"column":12},"end":{"line":49,"column":14}},"15":{"start":{"line":47,"column":25},"end":{"line":47,"column":62}},"16":{"start":{"line":52,"column":8},"end":{"line":56,"column":11}},"17":{"start":{"line":53,"column":12},"end":{"line":55,"column":14}},"18":{"start":{"line":53,"column":25},"end":{"line":53,"column":62}},"19":{"start":{"line":58,"column":8},"end":{"line":58,"column":62}},"20":{"start":{"line":60,"column":8},"end":{"line":60,"column":67}},"21":{"start":{"line":62,"column":8},"end":{"line":62,"column":83}},"22":{"start":{"line":64,"column":8},"end":{"line":64,"column":83}},"23":{"start":{"line":66,"column":8},"end":{"line":66,"column":83}},"24":{"start":{"line":68,"column":8},"end":{"line":68,"column":74}},"25":{"start":{"line":70,"column":8},"end":{"line":70,"column":79}},"26":{"start":{"line":72,"column":8},"end":{"line":72,"column":76}},"27":{"start":{"line":74,"column":8},"end":{"line":78,"column":11}},"28":{"start":{"line":75,"column":12},"end":{"line":77,"column":14}},"29":{"start":{"line":75,"column":25},"end":{"line":75,"column":68}},"30":{"start":{"line":80,"column":8},"end":{"line":84,"column":11}},"31":{"start":{"line":81,"column":12},"end":{"line":83,"column":14}},"32":{"start":{"line":81,"column":25},"end":{"line":81,"column":66}}},"fnMap":{"0":{"name":"(anonymous_0)","decl":{"start":{"line":6,"column":23},"end":{"line":6,"column":24}},"loc":{"start":{"line":6,"column":29},"end":{"line":86,"column":1}},"line":6},"1":{"name":"(anonymous_1)","decl":{"start":{"line":9,"column":25},"end":{"line":9,"column":26}},"loc":{"start":{"line":9,"column":44},"end":{"line":21,"column":5}},"line":9},"2":{"name":"(anonymous_2)","decl":{"start":{"line":26,"column":24},"end":{"line":26,"column":25}},"loc":{"start":{"line":26,"column":30},"end":{"line":29,"column":5}},"line":26},"3":{"name":"(anonymous_3)","decl":{"start":{"line":34,"column":25},"end":{"line":34,"column":26}},"loc":{"start":{"line":34,"column":31},"end":{"line":85,"column":5}},"line":34},"4":{"name":"(anonymous_4)","decl":{"start":{"line":40,"column":56},"end":{"line":40,"column":57}},"loc":{"start":{"line":40,"column":62},"end":{"line":44,"column":9}},"line":40},"5":{"name":"(anonymous_5)","decl":{"start":{"line":41,"column":19},"end":{"line":41,"column":20}},"loc":{"start":{"line":41,"column":25},"end":{"line":41,"column":57}},"line":41},"6":{"name":"(anonymous_6)","decl":{"start":{"line":46,"column":64},"end":{"line":46,"column":65}},"loc":{"start":{"line":46,"column":70},"end":{"line":50,"column":9}},"line":46},"7":{"name":"(anonymous_7)","decl":{"start":{"line":47,"column":19},"end":{"line":47,"column":20}},"loc":{"start":{"line":47,"column":25},"end":{"line":47,"column":62}},"line":47},"8":{"name":"(anonymous_8)","decl":{"start":{"line":52,"column":77},"end":{"line":52,"column":78}},"loc":{"start":{"line":52,"column":83},"end":{"line":56,"column":9}},"line":52},"9":{"name":"(anonymous_9)","decl":{"start":{"line":53,"column":19},"end":{"line":53,"column":20}},"loc":{"start":{"line":53,"column":25},"end":{"line":53,"column":62}},"line":53},"10":{"name":"(anonymous_10)","decl":{"start":{"line":74,"column":93},"end":{"line":74,"column":94}},"loc":{"start":{"line":74,"column":99},"end":{"line":78,"column":9}},"line":74},"11":{"name":"(anonymous_11)","decl":{"start":{"line":75,"column":19},"end":{"line":75,"column":20}},"loc":{"start":{"line":75,"column":25},"end":{"line":75,"column":68}},"line":75},"12":{"name":"(anonymous_12)","decl":{"start":{"line":80,"column":90},"end":{"line":80,"column":91}},"loc":{"start":{"line":80,"column":96},"end":{"line":84,"column":9}},"line":80},"13":{"name":"(anonymous_13)","decl":{"start":{"line":81,"column":19},"end":{"line":81,"column":20}},"loc":{"start":{"line":81,"column":25},"end":{"line":81,"column":66}},"line":81}},"branchMap":{},"s":{"0":0,"1":0,"2":0,"3":0,"4":0,"5":0,"6":0,"7":0,"8":0,"9":0,"10":0,"11":0,"12":0,"13":0,"14":0,"15":0,"16":0,"17":0,"18":0,"19":0,"20":0,"21":0,"22":0,"23":0,"24":0,"25":0,"26":0,"27":0,"28":0,"29":0,"30":0,"31":0,"32":0},"f":{"0":0,"1":0,"2":0,"3":0,"4":0,"5":0,"6":0,"7":0,"8":0,"9":0,"10":0,"11":0,"12":0,"13":0},"b":{}},"c:\\git\\bia\\test\\specs\\utils\\array.spec.ts":{"path":"c:\\git\\bia\\test\\specs\\utils\\array.spec.ts","statementMap":{"0":{"start":{"line":8,"column":0},"end":{"line":24,"column":3}},"1":{"start":{"line":9,"column":4},"end":{"line":11,"column":7}},"2":{"start":{"line":10,"column":8},"end":{"line":10,"column":89}},"3":{"start":{"line":13,"column":4},"end":{"line":23,"column":7}},"4":{"start":{"line":15,"column":8},"end":{"line":15,"column":59}},"5":{"start":{"line":16,"column":8},"end":{"line":16,"column":58}},"6":{"start":{"line":19,"column":20},"end":{"line":19,"column":22}},"7":{"start":{"line":20,"column":20},"end":{"line":20,"column":22}},"8":{"start":{"line":21,"column":8},"end":{"line":21,"column":60}},"9":{"start":{"line":22,"column":8},"end":{"line":22,"column":59}}},"fnMap":{"0":{"name":"(anonymous_0)","decl":{"start":{"line":8,"column":28},"end":{"line":8,"column":29}},"loc":{"start":{"line":8,"column":34},"end":{"line":24,"column":1}},"line":8},"1":{"name":"(anonymous_1)","decl":{"start":{"line":9,"column":31},"end":{"line":9,"column":32}},"loc":{"start":{"line":9,"column":37},"end":{"line":11,"column":5}},"line":9},"2":{"name":"(anonymous_2)","decl":{"start":{"line":13,"column":30},"end":{"line":13,"column":31}},"loc":{"start":{"line":13,"column":36},"end":{"line":23,"column":5}},"line":13}},"branchMap":{},"s":{"0":0,"1":0,"2":0,"3":0,"4":0,"5":0,"6":0,"7":0,"8":0,"9":0},"f":{"0":0,"1":0,"2":0},"b":{}},"c:\\git\\bia\\test\\specs\\utils\\code.spec.ts":{"path":"c:\\git\\bia\\test\\specs\\utils\\code.spec.ts","statementMap":{"0":{"start":{"line":5,"column":0},"end":{"line":18,"column":3}},"1":{"start":{"line":8,"column":8},"end":{"line":8,"column":62}},"2":{"start":{"line":12,"column":17},"end":{"line":12,"column":46}},"3":{"start":{"line":13,"column":19},"end":{"line":13,"column":55}},"4":{"start":{"line":14,"column":8},"end":{"line":14,"column":29}},"5":{"start":{"line":16,"column":8},"end":{"line":16,"column":45}}},"fnMap":{"0":{"name":"(anonymous_0)","decl":{"start":{"line":5,"column":27},"end":{"line":5,"column":28}},"loc":{"start":{"line":5,"column":33},"end":{"line":18,"column":1}},"line":5},"1":{"name":"createElementNode","decl":{"start":{"line":7,"column":13},"end":{"line":7,"column":30}},"loc":{"start":{"line":7,"column":68},"end":{"line":9,"column":5}},"line":7},"2":{"name":"createTextNode","decl":{"start":{"line":11,"column":13},"end":{"line":11,"column":27}},"loc":{"start":{"line":11,"column":66},"end":{"line":17,"column":5}},"line":11}},"branchMap":{"0":{"loc":{"start":{"line":7,"column":31},"end":{"line":7,"column":54}},"type":"default-arg","locations":[{"start":{"line":7,"column":49},"end":{"line":7,"column":54}}],"line":7},"1":{"loc":{"start":{"line":11,"column":28},"end":{"line":11,"column":52}},"type":"default-arg","locations":[{"start":{"line":11,"column":50},"end":{"line":11,"column":52}}],"line":11}},"s":{"0":0,"1":0,"2":0,"3":0,"4":0,"5":0},"f":{"0":0,"1":0,"2":0},"b":{"0":[0],"1":[0]}},"c:\\git\\bia\\test\\specs\\utils\\string.spec.ts":{"path":"c:\\git\\bia\\test\\specs\\utils\\string.spec.ts","statementMap":{"0":{"start":{"line":8,"column":0},"end":{"line":19,"column":3}},"1":{"start":{"line":9,"column":4},"end":{"line":13,"column":7}},"2":{"start":{"line":10,"column":8},"end":{"line":10,"column":45}},"3":{"start":{"line":11,"column":8},"end":{"line":11,"column":45}},"4":{"start":{"line":12,"column":8},"end":{"line":12,"column":48}},"5":{"start":{"line":15,"column":4},"end":{"line":18,"column":7}},"6":{"start":{"line":16,"column":8},"end":{"line":16,"column":70}},"7":{"start":{"line":17,"column":8},"end":{"line":17,"column":84}}},"fnMap":{"0":{"name":"(anonymous_0)","decl":{"start":{"line":8,"column":29},"end":{"line":8,"column":30}},"loc":{"start":{"line":8,"column":35},"end":{"line":19,"column":1}},"line":8},"1":{"name":"(anonymous_1)","decl":{"start":{"line":9,"column":17},"end":{"line":9,"column":18}},"loc":{"start":{"line":9,"column":23},"end":{"line":13,"column":5}},"line":9},"2":{"name":"(anonymous_2)","decl":{"start":{"line":15,"column":17},"end":{"line":15,"column":18}},"loc":{"start":{"line":15,"column":23},"end":{"line":18,"column":5}},"line":15}},"branchMap":{},"s":{"0":0,"1":0,"2":0,"3":0,"4":0,"5":0,"6":0,"7":0},"f":{"0":0,"1":0,"2":0},"b":{}},"c:\\git\\bia\\test\\test.js":{"path":"c:\\git\\bia\\test\\test.js","statementMap":{"0":{"start":{"line":1,"column":11},"end":{"line":1,"column":26}},"1":{"start":{"line":2,"column":11},"end":{"line":2,"column":26}},"2":{"start":{"line":5,"column":0},"end":{"line":5,"column":19}},"3":{"start":{"line":8,"column":0},"end":{"line":10,"column":3}},"4":{"start":{"line":9,"column":4},"end":{"line":9,"column":32}}},"fnMap":{"0":{"name":"(anonymous_0)","decl":{"start":{"line":8,"column":41},"end":{"line":8,"column":42}},"loc":{"start":{"line":8,"column":56},"end":{"line":10,"column":1}},"line":8}},"branchMap":{},"s":{"0":0,"1":0,"2":0,"3":0,"4":0},"f":{"0":0},"b":{}},"c:\\git\\bia\\test\\utils.ts":{"path":"c:\\git\\bia\\test\\utils.ts","statementMap":{"0":{"start":{"line":3,"column":23},"end":{"line":11,"column":1}},"1":{"start":{"line":4,"column":19},"end":{"line":4,"column":56}},"2":{"start":{"line":6,"column":4},"end":{"line":10,"column":7}},"3":{"start":{"line":14,"column":25},"end":{"line":18,"column":1}},"4":{"start":{"line":15,"column":21},"end":{"line":15,"column":31}},"5":{"start":{"line":17,"column":4},"end":{"line":17,"column":32}},"6":{"start":{"line":21,"column":19},"end":{"line":21,"column":54}},"7":{"start":{"line":21,"column":25},"end":{"line":21,"column":54}},"8":{"start":{"line":24,"column":22},"end":{"line":24,"column":44}},"9":{"start":{"line":27,"column":22},"end":{"line":31,"column":1}},"10":{"start":{"line":28,"column":22},"end":{"line":28,"column":37}},"11":{"start":{"line":30,"column":4},"end":{"line":30,"column":42}}},"fnMap":{"0":{"name":"(anonymous_0)","decl":{"start":{"line":3,"column":23},"end":{"line":3,"column":24}},"loc":{"start":{"line":3,"column":30},"end":{"line":11,"column":1}},"line":3},"1":{"name":"(anonymous_1)","decl":{"start":{"line":14,"column":25},"end":{"line":14,"column":26}},"loc":{"start":{"line":14,"column":32},"end":{"line":18,"column":1}},"line":14},"2":{"name":"(anonymous_2)","decl":{"start":{"line":21,"column":19},"end":{"line":21,"column":20}},"loc":{"start":{"line":21,"column":25},"end":{"line":21,"column":54}},"line":21},"3":{"name":"(anonymous_3)","decl":{"start":{"line":27,"column":22},"end":{"line":27,"column":23}},"loc":{"start":{"line":27,"column":76},"end":{"line":31,"column":1}},"line":27}},"branchMap":{"0":{"loc":{"start":{"line":27,"column":29},"end":{"line":27,"column":49}},"type":"default-arg","locations":[{"start":{"line":27,"column":47},"end":{"line":27,"column":49}}],"line":27},"1":{"loc":{"start":{"line":27,"column":51},"end":{"line":27,"column":71}},"type":"default-arg","locations":[{"start":{"line":27,"column":69},"end":{"line":27,"column":71}}],"line":27}},"s":{"0":0,"1":0,"2":0,"3":0,"4":0,"5":0,"6":0,"7":0,"8":0,"9":0,"10":0,"11":0},"f":{"0":0,"1":0,"2":0,"3":0},"b":{"0":[0],"1":[0]}}}